<?xml version="1.0" encoding="UTF-8"?>
<coverage generated="1616407742226" clover="3.2.0">
  <project timestamp="1616407742226" name="All files">
    <metrics statements="853" coveredstatements="545" conditionals="329" coveredconditionals="123" methods="173" coveredmethods="110" elements="1355" coveredelements="778" complexity="0" loc="853" ncloc="853" packages="6" files="15" classes="15"/>
    <package name="extension">
      <metrics statements="10" coveredstatements="7" conditionals="0" coveredconditionals="0" methods="4" coveredmethods="1"/>
      <file name="rtpExtension.ts" path="/home/shin/Documents/code/webrtc/werift/werift-webrtc/packages/webrtc/src/extension/rtpExtension.ts">
        <metrics statements="10" coveredstatements="7" conditionals="0" coveredconditionals="0" methods="4" coveredmethods="1"/>
        <line num="1" count="7" type="stmt"/>
        <line num="3" count="7" type="stmt"/>
        <line num="11" count="7" type="stmt"/>
        <line num="12" count="4" type="stmt"/>
        <line num="17" count="7" type="stmt"/>
        <line num="18" count="0" type="stmt"/>
        <line num="23" count="7" type="stmt"/>
        <line num="24" count="0" type="stmt"/>
        <line num="29" count="7" type="stmt"/>
        <line num="30" count="0" type="stmt"/>
      </file>
    </package>
    <package name="media">
      <metrics statements="365" coveredstatements="227" conditionals="137" coveredconditionals="43" methods="74" coveredmethods="45"/>
      <file name="nack.ts" path="/home/shin/Documents/code/webrtc/werift/werift-webrtc/packages/webrtc/src/media/nack.ts">
        <metrics statements="36" coveredstatements="24" conditionals="16" coveredconditionals="8" methods="9" coveredmethods="6"/>
        <line num="1" count="8" type="stmt"/>
        <line num="2" count="8" type="stmt"/>
        <line num="7" count="8" type="stmt"/>
        <line num="10" count="8" type="stmt"/>
        <line num="12" count="8" type="stmt"/>
        <line num="13" count="7" type="stmt"/>
        <line num="14" count="7" type="stmt"/>
        <line num="18" count="7" type="stmt"/>
        <line num="19" count="77" type="stmt"/>
        <line num="23" count="78" type="stmt"/>
        <line num="27" count="5" type="stmt"/>
        <line num="28" count="5" type="stmt"/>
        <line num="30" count="5" type="cond" truecount="2" falsecount="0"/>
        <line num="31" count="4" type="stmt"/>
        <line num="32" count="4" type="stmt"/>
        <line num="35" count="1" type="cond" truecount="1" falsecount="1"/>
        <line num="36" count="0" type="stmt"/>
        <line num="37" count="0" type="stmt"/>
        <line num="40" count="1" type="cond" truecount="1" falsecount="1"/>
        <line num="41" count="0" type="stmt"/>
        <line num="42" count="1" type="cond" truecount="1" falsecount="1"/>
        <line num="44" count="1" type="stmt"/>
        <line num="45" count="3" type="stmt"/>
        <line num="47" count="1" type="stmt"/>
        <line num="49" count="1" type="stmt"/>
        <line num="51" count="1" type="cond" truecount="1" falsecount="1"/>
        <line num="52" count="0" type="stmt"/>
        <line num="55" count="0" type="stmt"/>
        <line num="56" count="0" type="stmt"/>
        <line num="63" count="0" type="stmt"/>
        <line num="64" count="0" type="cond" truecount="0" falsecount="2"/>
        <line num="65" count="0" type="stmt"/>
        <line num="71" count="77" type="cond" truecount="2" falsecount="2"/>
        <line num="72" count="0" type="stmt"/>
        <line num="79" count="0" type="stmt"/>
        <line num="81" count="0" type="stmt"/>
      </file>
      <file name="parameters.ts" path="/home/shin/Documents/code/webrtc/werift/werift-webrtc/packages/webrtc/src/media/parameters.ts">
        <metrics statements="32" coveredstatements="25" conditionals="10" coveredconditionals="2" methods="13" coveredmethods="8"/>
        <line num="1" count="7" type="stmt"/>
        <line num="2" count="70" type="stmt"/>
        <line num="3" count="70" type="stmt"/>
        <line num="9" count="70" type="stmt"/>
        <line num="13" count="7" type="stmt"/>
        <line num="17" count="0" type="stmt"/>
        <line num="19" count="0" type="stmt"/>
        <line num="23" count="0" type="stmt"/>
        <line num="29" count="7" type="stmt"/>
        <line num="34" count="42" type="stmt"/>
        <line num="35" count="42" type="stmt"/>
        <line num="41" count="42" type="stmt"/>
        <line num="45" count="36" type="stmt"/>
        <line num="49" count="36" type="stmt"/>
        <line num="50" count="36" type="cond" truecount="1" falsecount="1"/>
        <line num="51" count="36" type="stmt"/>
        <line num="55" count="7" type="stmt"/>
        <line num="60" count="11" type="stmt"/>
        <line num="64" count="7" type="stmt"/>
        <line num="66" count="0" type="stmt"/>
        <line num="70" count="0" type="stmt"/>
        <line num="74" count="7" type="stmt"/>
        <line num="79" count="84" type="stmt"/>
        <line num="82" count="7" type="stmt"/>
        <line num="86" count="0" type="stmt"/>
        <line num="90" count="7" type="stmt"/>
        <line num="96" count="5" type="stmt"/>
        <line num="100" count="7" type="stmt"/>
        <line num="104" count="5" type="stmt"/>
        <line num="105" count="5" type="stmt"/>
        <line num="109" count="7" type="stmt"/>
        <line num="113" count="0" type="stmt"/>
      </file>
      <file name="router.ts" path="/home/shin/Documents/code/webrtc/werift/werift-webrtc/packages/webrtc/src/media/router.ts">
        <metrics statements="61" coveredstatements="25" conditionals="19" coveredconditionals="2" methods="14" coveredmethods="7"/>
        <line num="1" count="7" type="stmt"/>
        <line num="11" count="7" type="stmt"/>
        <line num="12" count="7" type="stmt"/>
        <line num="20" count="7" type="stmt"/>
        <line num="24" count="7" type="stmt"/>
        <line num="25" count="20" type="stmt"/>
        <line num="26" count="20" type="stmt"/>
        <line num="27" count="20" type="stmt"/>
        <line num="33" count="5" type="stmt"/>
        <line num="34" count="5" type="stmt"/>
        <line num="35" count="5" type="stmt"/>
        <line num="36" count="5" type="stmt"/>
        <line num="37" count="5" type="stmt"/>
        <line num="38" count="5" type="stmt"/>
        <line num="48" count="5" type="stmt"/>
        <line num="49" count="2" type="stmt"/>
        <line num="57" count="0" type="stmt"/>
        <line num="65" count="0" type="stmt"/>
        <line num="68" count="20" type="stmt"/>
        <line num="69" count="3" type="stmt"/>
        <line num="71" count="0" type="stmt"/>
        <line num="72" count="0" type="stmt"/>
        <line num="75" count="0" type="stmt"/>
        <line num="77" count="0" type="stmt"/>
        <line num="79" count="0" type="stmt"/>
        <line num="86" count="0" type="cond" truecount="0" falsecount="2"/>
        <line num="87" count="0" type="stmt"/>
        <line num="90" count="3" type="stmt"/>
        <line num="91" count="3" type="stmt"/>
        <line num="93" count="3" type="cond" truecount="1" falsecount="1"/>
        <line num="94" count="0" type="stmt"/>
        <line num="95" count="0" type="stmt"/>
        <line num="97" count="3" type="cond" truecount="1" falsecount="1"/>
        <line num="99" count="3" type="stmt"/>
        <line num="102" count="3" type="stmt"/>
        <line num="107" count="20" type="stmt"/>
        <line num="108" count="0" type="stmt"/>
        <line num="110" count="0" type="stmt"/>
        <line num="113" count="0" type="stmt"/>
        <line num="114" count="0" type="stmt"/>
        <line num="116" count="0" type="stmt"/>
        <line num="119" count="0" type="stmt"/>
        <line num="120" count="0" type="stmt"/>
        <line num="121" count="0" type="stmt"/>
        <line num="124" count="0" type="stmt"/>
        <line num="127" count="0" type="stmt"/>
        <line num="130" count="0" type="stmt"/>
        <line num="133" count="0" type="stmt"/>
        <line num="134" count="0" type="cond" truecount="0" falsecount="2"/>
        <line num="135" count="0" type="stmt"/>
        <line num="138" count="0" type="stmt"/>
        <line num="141" count="0" type="stmt"/>
        <line num="142" count="0" type="stmt"/>
        <line num="144" count="0" type="stmt"/>
        <line num="145" count="0" type="stmt"/>
        <line num="146" count="0" type="stmt"/>
        <line num="148" count="0" type="stmt"/>
        <line num="151" count="0" type="stmt"/>
        <line num="153" count="0" type="stmt"/>
        <line num="154" count="0" type="stmt"/>
        <line num="155" count="0" type="stmt"/>
      </file>
      <file name="rtpReceiver.ts" path="/home/shin/Documents/code/webrtc/werift/werift-webrtc/packages/webrtc/src/media/rtpReceiver.ts">
        <metrics statements="61" coveredstatements="38" conditionals="21" coveredconditionals="7" methods="11" coveredmethods="7"/>
        <line num="1" count="7" type="stmt"/>
        <line num="2" count="7" type="stmt"/>
        <line num="10" count="7" type="stmt"/>
        <line num="11" count="7" type="stmt"/>
        <line num="13" count="7" type="stmt"/>
        <line num="15" count="7" type="stmt"/>
        <line num="19" count="7" type="stmt"/>
        <line num="20" count="6" type="stmt"/>
        <line num="21" count="6" type="stmt"/>
        <line num="22" count="6" type="stmt"/>
        <line num="23" count="6" type="stmt"/>
        <line num="24" count="6" type="stmt"/>
        <line num="25" count="6" type="stmt"/>
        <line num="26" count="6" type="stmt"/>
        <line num="27" count="6" type="stmt"/>
        <line num="32" count="6" type="stmt"/>
        <line num="33" count="6" type="stmt"/>
        <line num="36" count="6" type="stmt"/>
        <line num="37" count="6" type="stmt"/>
        <line num="38" count="6" type="stmt"/>
        <line num="46" count="6" type="stmt"/>
        <line num="47" count="24" type="stmt"/>
        <line num="49" count="6" type="cond" truecount="2" falsecount="2"/>
        <line num="50" count="0" type="stmt"/>
        <line num="59" count="0" type="stmt"/>
        <line num="60" count="0" type="cond" truecount="0" falsecount="2"/>
        <line num="63" count="6" type="stmt"/>
        <line num="65" count="3" type="cond" truecount="1" falsecount="1"/>
        <line num="66" count="3" type="stmt"/>
        <line num="68" count="3" type="stmt"/>
        <line num="69" count="3" type="stmt"/>
        <line num="71" count="0" type="stmt"/>
        <line num="72" count="0" type="stmt"/>
        <line num="74" count="0" type="stmt"/>
        <line num="75" count="0" type="stmt"/>
        <line num="77" count="0" type="stmt"/>
        <line num="83" count="0" type="stmt"/>
        <line num="89" count="0" type="stmt"/>
        <line num="90" count="0" type="stmt"/>
        <line num="95" count="0" type="stmt"/>
        <line num="98" count="0" type="stmt"/>
        <line num="99" count="0" type="stmt"/>
        <line num="100" count="0" type="stmt"/>
        <line num="102" count="0" type="stmt"/>
        <line num="106" count="6" type="stmt"/>
        <line num="107" count="3" type="stmt"/>
        <line num="108" count="3" type="cond" truecount="1" falsecount="1"/>
        <line num="110" count="3" type="stmt"/>
        <line num="113" count="6" type="stmt"/>
        <line num="114" count="0" type="stmt"/>
        <line num="115" count="0" type="cond" truecount="0" falsecount="2"/>
        <line num="117" count="0" type="stmt"/>
        <line num="125" count="3" type="cond" truecount="1" falsecount="1"/>
        <line num="126" count="0" type="stmt"/>
        <line num="129" count="0" type="cond" truecount="0" falsecount="2"/>
        <line num="131" count="0" type="stmt"/>
        <line num="132" count="3" type="cond" truecount="1" falsecount="1"/>
        <line num="133" count="0" type="stmt"/>
        <line num="136" count="3" type="cond" truecount="1" falsecount="1"/>
        <line num="137" count="3" type="stmt"/>
        <line num="139" count="3" type="stmt"/>
      </file>
      <file name="rtpSender.ts" path="/home/shin/Documents/code/webrtc/werift/werift-webrtc/packages/webrtc/src/media/rtpSender.ts">
        <metrics statements="131" coveredstatements="73" conditionals="55" coveredconditionals="18" methods="17" coveredmethods="8"/>
        <line num="1" count="7" type="stmt"/>
        <line num="2" count="7" type="stmt"/>
        <line num="3" count="7" type="stmt"/>
        <line num="4" count="7" type="stmt"/>
        <line num="5" count="7" type="stmt"/>
        <line num="6" count="7" type="stmt"/>
        <line num="21" count="7" type="stmt"/>
        <line num="22" count="7" type="stmt"/>
        <line num="23" count="7" type="stmt"/>
        <line num="26" count="7" type="stmt"/>
        <line num="28" count="7" type="stmt"/>
        <line num="29" count="7" type="stmt"/>
        <line num="31" count="7" type="stmt"/>
        <line num="33" count="7" type="stmt"/>
        <line num="34" count="7" type="stmt"/>
        <line num="36" count="7" type="stmt"/>
        <line num="37" count="8" type="stmt"/>
        <line num="38" count="8" type="stmt"/>
        <line num="42" count="8" type="stmt"/>
        <line num="43" count="8" type="stmt"/>
        <line num="44" count="8" type="stmt"/>
        <line num="45" count="8" type="stmt"/>
        <line num="46" count="8" type="stmt"/>
        <line num="47" count="8" type="stmt"/>
        <line num="55" count="8" type="stmt"/>
        <line num="56" count="8" type="stmt"/>
        <line num="57" count="8" type="stmt"/>
        <line num="58" count="8" type="stmt"/>
        <line num="64" count="8" type="stmt"/>
        <line num="65" count="8" type="stmt"/>
        <line num="66" count="8" type="stmt"/>
        <line num="71" count="8" type="stmt"/>
        <line num="72" count="8" type="stmt"/>
        <line num="74" count="8" type="stmt"/>
        <line num="75" count="8" type="cond" truecount="2" falsecount="0"/>
        <line num="76" count="4" type="stmt"/>
        <line num="79" count="8" type="cond" truecount="2" falsecount="0"/>
        <line num="80" count="5" type="stmt"/>
        <line num="85" count="6" type="cond" truecount="1" falsecount="1"/>
        <line num="87" count="6" type="cond" truecount="2" falsecount="0"/>
        <line num="88" count="6" type="stmt"/>
        <line num="89" count="7" type="cond" truecount="1" falsecount="1"/>
        <line num="91" count="6" type="stmt"/>
        <line num="95" count="7" type="stmt"/>
        <line num="99" count="0" type="stmt"/>
        <line num="102" count="8" type="stmt"/>
        <line num="104" count="3" type="cond" truecount="1" falsecount="1"/>
        <line num="105" count="3" type="stmt"/>
        <line num="107" count="3" type="stmt"/>
        <line num="108" count="3" type="stmt"/>
        <line num="110" count="0" type="stmt"/>
        <line num="121" count="0" type="cond" truecount="0" falsecount="2"/>
        <line num="122" count="0" type="stmt"/>
        <line num="135" count="0" type="stmt"/>
        <line num="136" count="0" type="stmt"/>
        <line num="138" count="0" type="stmt"/>
        <line num="139" count="0" type="stmt"/>
        <line num="141" count="0" type="stmt"/>
        <line num="147" count="1" type="cond" truecount="1" falsecount="1"/>
        <line num="149" count="1" type="cond" truecount="1" falsecount="1"/>
        <line num="151" count="0" type="cond" truecount="0" falsecount="2"/>
        <line num="153" count="0" type="stmt"/>
        <line num="156" count="1" type="stmt"/>
        <line num="160" count="0" type="cond" truecount="0" falsecount="2"/>
        <line num="161" count="0" type="stmt"/>
        <line num="163" count="0" type="cond" truecount="0" falsecount="2"/>
        <line num="164" count="0" type="stmt"/>
        <line num="168" count="0" type="stmt"/>
        <line num="169" count="0" type="stmt"/>
        <line num="173" count="7" type="cond" truecount="4" falsecount="0"/>
        <line num="175" count="3" type="cond" truecount="1" falsecount="1"/>
        <line num="177" count="3" type="stmt"/>
        <line num="178" count="3" type="stmt"/>
        <line num="180" count="3" type="stmt"/>
        <line num="183" count="3" type="stmt"/>
        <line num="184" count="3" type="stmt"/>
        <line num="185" count="3" type="stmt"/>
        <line num="187" count="3" type="stmt"/>
        <line num="189" count="3" type="stmt"/>
        <line num="192" count="0" type="stmt"/>
        <line num="194" count="0" type="cond" truecount="0" falsecount="2"/>
        <line num="195" count="0" type="stmt"/>
        <line num="196" count="0" type="stmt"/>
        <line num="198" count="0" type="cond" truecount="0" falsecount="2"/>
        <line num="199" count="0" type="stmt"/>
        <line num="200" count="0" type="stmt"/>
        <line num="203" count="0" type="stmt"/>
        <line num="207" count="0" type="stmt"/>
        <line num="212" count="0" type="stmt"/>
        <line num="214" count="0" type="stmt"/>
        <line num="215" count="0" type="stmt"/>
        <line num="216" count="0" type="stmt"/>
        <line num="217" count="0" type="stmt"/>
        <line num="218" count="0" type="stmt"/>
        <line num="220" count="0" type="cond" truecount="0" falsecount="2"/>
        <line num="222" count="0" type="stmt"/>
        <line num="224" count="3" type="stmt"/>
        <line num="225" count="3" type="stmt"/>
        <line num="226" count="3" type="stmt"/>
        <line num="227" count="3" type="stmt"/>
        <line num="229" count="3" type="stmt"/>
        <line num="230" count="3" type="stmt"/>
        <line num="231" count="3" type="stmt"/>
        <line num="233" count="3" type="stmt"/>
        <line num="235" count="3" type="stmt"/>
        <line num="236" count="3" type="stmt"/>
        <line num="242" count="3" type="stmt"/>
        <line num="246" count="0" type="stmt"/>
        <line num="250" count="0" type="stmt"/>
        <line num="251" count="0" type="stmt"/>
        <line num="252" count="0" type="stmt"/>
        <line num="254" count="0" type="cond" truecount="0" falsecount="4"/>
        <line num="256" count="0" type="stmt"/>
        <line num="257" count="0" type="cond" truecount="0" falsecount="2"/>
        <line num="258" count="0" type="stmt"/>
        <line num="260" count="0" type="stmt"/>
        <line num="265" count="0" type="stmt"/>
        <line num="268" count="0" type="stmt"/>
        <line num="269" count="0" type="stmt"/>
        <line num="272" count="0" type="stmt"/>
        <line num="273" count="0" type="stmt"/>
        <line num="275" count="0" type="stmt"/>
        <line num="278" count="0" type="stmt"/>
        <line num="280" count="0" type="stmt"/>
        <line num="281" count="0" type="stmt"/>
        <line num="282" count="0" type="stmt"/>
        <line num="284" count="0" type="cond" truecount="0" falsecount="2"/>
        <line num="285" count="0" type="stmt"/>
        <line num="289" count="0" type="stmt"/>
        <line num="292" count="0" type="stmt"/>
        <line num="294" count="0" type="stmt"/>
      </file>
      <file name="rtpTransceiver.ts" path="/home/shin/Documents/code/webrtc/werift/werift-webrtc/packages/webrtc/src/media/rtpTransceiver.ts">
        <metrics statements="29" coveredstatements="27" conditionals="10" coveredconditionals="3" methods="6" coveredmethods="5"/>
        <line num="1" count="7" type="stmt"/>
        <line num="2" count="7" type="stmt"/>
        <line num="3" count="7" type="stmt"/>
        <line num="14" count="7" type="stmt"/>
        <line num="16" count="7" type="stmt"/>
        <line num="17" count="6" type="stmt"/>
        <line num="18" count="6" type="stmt"/>
        <line num="21" count="6" type="stmt"/>
        <line num="23" count="34" type="stmt"/>
        <line num="26" count="9" type="stmt"/>
        <line num="27" count="9" type="stmt"/>
        <line num="29" count="6" type="stmt"/>
        <line num="30" count="6" type="stmt"/>
        <line num="31" count="6" type="stmt"/>
        <line num="34" count="6" type="stmt"/>
        <line num="35" count="6" type="stmt"/>
        <line num="36" count="6" type="stmt"/>
        <line num="37" count="6" type="stmt"/>
        <line num="38" count="6" type="stmt"/>
        <line num="42" count="6" type="stmt"/>
        <line num="46" count="5" type="stmt"/>
        <line num="47" count="0" type="cond" truecount="0" falsecount="2"/>
        <line num="48" count="0" type="cond" truecount="0" falsecount="2"/>
        <line num="50" count="5" type="cond" truecount="1" falsecount="1"/>
        <line num="51" count="5" type="stmt"/>
        <line num="52" count="5" type="cond" truecount="1" falsecount="1"/>
        <line num="53" count="5" type="cond" truecount="1" falsecount="1"/>
        <line num="54" count="5" type="stmt"/>
        <line num="59" count="7" type="stmt"/>
      </file>
      <file name="track.ts" path="/home/shin/Documents/code/webrtc/werift/werift-webrtc/packages/webrtc/src/media/track.ts">
        <metrics statements="15" coveredstatements="15" conditionals="6" coveredconditionals="3" methods="4" coveredmethods="4"/>
        <line num="1" count="7" type="stmt"/>
        <line num="2" count="7" type="stmt"/>
        <line num="5" count="7" type="stmt"/>
        <line num="6" count="11" type="stmt"/>
        <line num="13" count="11" type="stmt"/>
        <line num="15" count="11" type="stmt"/>
        <line num="20" count="11" type="stmt"/>
        <line num="22" count="11" type="stmt"/>
        <line num="23" count="11" type="stmt"/>
        <line num="28" count="1" type="stmt"/>
        <line num="29" count="1" type="stmt"/>
        <line num="33" count="3" type="cond" truecount="1" falsecount="1"/>
        <line num="34" count="3" type="cond" truecount="1" falsecount="1"/>
        <line num="36" count="3" type="cond" truecount="1" falsecount="1"/>
        <line num="38" count="3" type="stmt"/>
      </file>
    </package>
    <package name="media.receiver">
      <metrics statements="54" coveredstatements="4" conditionals="22" coveredconditionals="0" methods="6" coveredmethods="0"/>
      <file name="receiverTwcc.ts" path="/home/shin/Documents/code/webrtc/werift/werift-webrtc/packages/webrtc/src/media/receiver/receiverTwcc.ts">
        <metrics statements="54" coveredstatements="4" conditionals="22" coveredconditionals="0" methods="6" coveredmethods="0"/>
        <line num="1" count="7" type="stmt"/>
        <line num="9" count="7" type="stmt"/>
        <line num="11" count="7" type="stmt"/>
        <line num="15" count="7" type="stmt"/>
        <line num="16" count="0" type="stmt"/>
        <line num="19" count="0" type="stmt"/>
        <line num="21" count="0" type="stmt"/>
        <line num="25" count="0" type="stmt"/>
        <line num="26" count="0" type="stmt"/>
        <line num="27" count="0" type="stmt"/>
        <line num="29" count="0" type="stmt"/>
        <line num="33" count="0" type="stmt"/>
        <line num="38" count="0" type="cond" truecount="0" falsecount="2"/>
        <line num="39" count="0" type="stmt"/>
        <line num="44" count="0" type="stmt"/>
        <line num="45" count="0" type="stmt"/>
        <line num="46" count="0" type="stmt"/>
        <line num="51" count="0" type="cond" truecount="0" falsecount="2"/>
        <line num="52" count="0" type="stmt"/>
        <line num="53" count="0" type="stmt"/>
        <line num="56" count="0" type="stmt"/>
        <line num="57" count="0" type="stmt"/>
        <line num="59" count="0" type="stmt"/>
        <line num="60" count="0" type="stmt"/>
        <line num="61" count="0" type="stmt"/>
        <line num="65" count="0" type="stmt"/>
        <line num="67" count="0" type="stmt"/>
        <line num="69" count="0" type="stmt"/>
        <line num="71" count="0" type="cond" truecount="0" falsecount="2"/>
        <line num="72" count="0" type="cond" truecount="0" falsecount="2"/>
        <line num="73" count="0" type="stmt"/>
        <line num="75" count="0" type="cond" truecount="0" falsecount="2"/>
        <line num="76" count="0" type="stmt"/>
        <line num="79" count="0" type="stmt"/>
        <line num="80" count="0" type="stmt"/>
        <line num="82" count="0" type="stmt"/>
        <line num="85" count="0" type="stmt"/>
        <line num="86" count="0" type="stmt"/>
        <line num="89" count="0" type="cond" truecount="0" falsecount="2"/>
        <line num="93" count="0" type="stmt"/>
        <line num="99" count="0" type="stmt"/>
        <line num="102" count="0" type="cond" truecount="0" falsecount="2"/>
        <line num="103" count="0" type="cond" truecount="0" falsecount="2"/>
        <line num="104" count="0" type="stmt"/>
        <line num="111" count="0" type="stmt"/>
        <line num="120" count="0" type="cond" truecount="0" falsecount="2"/>
        <line num="121" count="0" type="stmt"/>
        <line num="126" count="0" type="cond" truecount="0" falsecount="2"/>
        <line num="127" count="0" type="stmt"/>
        <line num="130" count="0" type="stmt"/>
        <line num="143" count="0" type="stmt"/>
        <line num="144" count="0" type="stmt"/>
        <line num="146" count="0" type="stmt"/>
        <line num="147" count="0" type="stmt"/>
      </file>
    </package>
    <package name="media.senderBWE">
      <metrics statements="96" coveredstatements="28" conditionals="40" coveredconditionals="0" methods="15" coveredmethods="5"/>
      <file name="cumulativeResult.ts" path="/home/shin/Documents/code/webrtc/werift/werift-webrtc/packages/webrtc/src/media/senderBWE/cumulativeResult.ts">
        <metrics statements="35" coveredstatements="8" conditionals="10" coveredconditionals="0" methods="5" coveredmethods="1"/>
        <line num="1" count="7" type="stmt"/>
        <line num="4" count="7" type="stmt"/>
        <line num="5" count="8" type="stmt"/>
        <line num="7" count="8" type="stmt"/>
        <line num="8" count="8" type="stmt"/>
        <line num="9" count="8" type="stmt"/>
        <line num="10" count="8" type="stmt"/>
        <line num="11" count="8" type="stmt"/>
        <line num="20" count="0" type="cond" truecount="0" falsecount="2"/>
        <line num="21" count="0" type="stmt"/>
        <line num="22" count="0" type="stmt"/>
        <line num="23" count="0" type="stmt"/>
        <line num="24" count="0" type="stmt"/>
        <line num="26" count="0" type="cond" truecount="0" falsecount="2"/>
        <line num="27" count="0" type="stmt"/>
        <line num="28" count="0" type="cond" truecount="0" falsecount="2"/>
        <line num="29" count="0" type="stmt"/>
        <line num="30" count="0" type="cond" truecount="0" falsecount="2"/>
        <line num="31" count="0" type="stmt"/>
        <line num="32" count="0" type="cond" truecount="0" falsecount="2"/>
        <line num="33" count="0" type="stmt"/>
        <line num="36" count="0" type="stmt"/>
        <line num="37" count="0" type="stmt"/>
        <line num="41" count="0" type="stmt"/>
        <line num="42" count="0" type="stmt"/>
        <line num="43" count="0" type="stmt"/>
        <line num="44" count="0" type="stmt"/>
        <line num="45" count="0" type="stmt"/>
        <line num="46" count="0" type="stmt"/>
        <line num="51" count="0" type="stmt"/>
        <line num="52" count="0" type="stmt"/>
        <line num="53" count="0" type="stmt"/>
        <line num="57" count="0" type="stmt"/>
        <line num="58" count="0" type="stmt"/>
        <line num="59" count="0" type="stmt"/>
      </file>
      <file name="senderBWE.ts" path="/home/shin/Documents/code/webrtc/werift/werift-webrtc/packages/webrtc/src/media/senderBWE/senderBWE.ts">
        <metrics statements="61" coveredstatements="20" conditionals="30" coveredconditionals="0" methods="10" coveredmethods="4"/>
        <line num="1" count="7" type="stmt"/>
        <line num="3" count="7" type="stmt"/>
        <line num="4" count="7" type="stmt"/>
        <line num="5" count="7" type="stmt"/>
        <line num="7" count="7" type="stmt"/>
        <line num="8" count="7" type="stmt"/>
        <line num="10" count="7" type="stmt"/>
        <line num="11" count="8" type="stmt"/>
        <line num="13" count="8" type="stmt"/>
        <line num="14" count="8" type="stmt"/>
        <line num="15" count="8" type="stmt"/>
        <line num="17" count="8" type="stmt"/>
        <line num="18" count="8" type="stmt"/>
        <line num="19" count="8" type="stmt"/>
        <line num="20" count="8" type="stmt"/>
        <line num="23" count="0" type="stmt"/>
        <line num="26" count="0" type="stmt"/>
        <line num="27" count="0" type="stmt"/>
        <line num="29" count="8" type="stmt"/>
        <line num="31" count="0" type="stmt"/>
        <line num="34" count="0" type="stmt"/>
        <line num="35" count="0" type="stmt"/>
        <line num="41" count="0" type="stmt"/>
        <line num="42" count="0" type="stmt"/>
        <line num="43" count="0" type="cond" truecount="0" falsecount="2"/>
        <line num="44" count="0" type="stmt"/>
        <line num="48" count="0" type="cond" truecount="0" falsecount="2"/>
        <line num="49" count="0" type="stmt"/>
        <line num="50" count="0" type="cond" truecount="0" falsecount="2"/>
        <line num="51" count="0" type="stmt"/>
        <line num="54" count="0" type="cond" truecount="0" falsecount="4"/>
        <line num="55" count="0" type="stmt"/>
        <line num="56" count="0" type="stmt"/>
        <line num="60" count="0" type="stmt"/>
        <line num="61" count="0" type="cond" truecount="0" falsecount="2"/>
        <line num="63" count="0" type="stmt"/>
        <line num="64" count="0" type="stmt"/>
        <line num="65" count="0" type="cond" truecount="0" falsecount="2"/>
        <line num="66" count="0" type="cond" truecount="0" falsecount="2"/>
        <line num="68" count="0" type="stmt"/>
        <line num="75" count="0" type="cond" truecount="0" falsecount="4"/>
        <line num="76" count="0" type="stmt"/>
        <line num="80" count="0" type="stmt"/>
        <line num="82" count="0" type="cond" truecount="0" falsecount="2"/>
        <line num="83" count="0" type="stmt"/>
        <line num="84" count="0" type="stmt"/>
        <line num="86" count="0" type="stmt"/>
        <line num="88" count="0" type="stmt"/>
        <line num="91" count="0" type="cond" truecount="0" falsecount="2"/>
        <line num="92" count="0" type="cond" truecount="0" falsecount="2"/>
        <line num="93" count="0" type="stmt"/>
        <line num="94" count="0" type="stmt"/>
        <line num="96" count="0" type="stmt"/>
        <line num="99" count="0" type="cond" truecount="0" falsecount="4"/>
        <line num="100" count="0" type="stmt"/>
        <line num="101" count="0" type="stmt"/>
        <line num="107" count="3" type="stmt"/>
        <line num="108" count="12" type="stmt"/>
        <line num="110" count="12" type="stmt"/>
        <line num="112" count="0" type="stmt"/>
        <line num="114" count="3" type="stmt"/>
      </file>
    </package>
    <package name="transport">
      <metrics statements="328" coveredstatements="279" conditionals="130" coveredconditionals="80" methods="74" coveredmethods="59"/>
      <file name="dtls.ts" path="/home/shin/Documents/code/webrtc/werift/werift-webrtc/packages/webrtc/src/transport/dtls.ts">
        <metrics statements="96" coveredstatements="85" conditionals="35" coveredconditionals="24" methods="25" coveredmethods="19"/>
        <line num="1" count="7" type="stmt"/>
        <line num="2" count="7" type="stmt"/>
        <line num="3" count="7" type="stmt"/>
        <line num="4" count="7" type="stmt"/>
        <line num="10" count="7" type="stmt"/>
        <line num="16" count="7" type="stmt"/>
        <line num="18" count="7" type="stmt"/>
        <line num="26" count="7" type="stmt"/>
        <line num="28" count="7" type="stmt"/>
        <line num="31" count="7" type="stmt"/>
        <line num="33" count="7" type="stmt"/>
        <line num="35" count="20" type="stmt"/>
        <line num="36" count="20" type="stmt"/>
        <line num="40" count="20" type="stmt"/>
        <line num="42" count="20" type="stmt"/>
        <line num="44" count="20" type="stmt"/>
        <line num="47" count="20" type="stmt"/>
        <line num="48" count="20" type="stmt"/>
        <line num="49" count="20" type="stmt"/>
        <line num="50" count="20" type="cond" truecount="1" falsecount="0"/>
        <line num="54" count="18" type="stmt"/>
        <line num="60" count="18" type="cond" truecount="1" falsecount="1"/>
        <line num="65" count="18" type="stmt"/>
        <line num="72" count="18" type="stmt"/>
        <line num="81" count="16" type="cond" truecount="1" falsecount="1"/>
        <line num="82" count="16" type="cond" truecount="1" falsecount="1"/>
        <line num="84" count="16" type="cond" truecount="2" falsecount="0"/>
        <line num="85" count="8" type="stmt"/>
        <line num="87" count="8" type="stmt"/>
        <line num="90" count="16" type="stmt"/>
        <line num="92" count="16" type="stmt"/>
        <line num="93" count="16" type="cond" truecount="2" falsecount="0"/>
        <line num="94" count="8" type="stmt"/>
        <line num="103" count="8" type="stmt"/>
        <line num="112" count="16" type="stmt"/>
        <line num="113" count="43" type="cond" truecount="1" falsecount="1"/>
        <line num="115" count="16" type="stmt"/>
        <line num="116" count="0" type="stmt"/>
        <line num="118" count="16" type="stmt"/>
        <line num="120" count="16" type="cond" truecount="2" falsecount="0"/>
        <line num="121" count="8" type="stmt"/>
        <line num="122" count="8" type="stmt"/>
        <line num="126" count="16" type="cond" truecount="2" falsecount="0"/>
        <line num="127" count="10" type="stmt"/>
        <line num="129" count="16" type="stmt"/>
        <line num="130" count="16" type="stmt"/>
        <line num="133" count="20" type="stmt"/>
        <line num="135" count="10" type="cond" truecount="1" falsecount="1"/>
        <line num="136" count="10" type="stmt"/>
        <line num="143" count="10" type="stmt"/>
        <line num="144" count="10" type="cond" truecount="1" falsecount="1"/>
        <line num="145" count="10" type="stmt"/>
        <line num="154" count="10" type="stmt"/>
        <line num="155" count="10" type="stmt"/>
        <line num="157" count="10" type="stmt"/>
        <line num="158" count="34" type="cond" truecount="2" falsecount="0"/>
        <line num="159" count="3" type="cond" truecount="1" falsecount="1"/>
        <line num="160" count="0" type="stmt"/>
        <line num="161" count="0" type="stmt"/>
        <line num="162" count="0" type="stmt"/>
        <line num="164" count="3" type="stmt"/>
        <line num="165" count="3" type="stmt"/>
        <line num="166" count="3" type="stmt"/>
        <line num="172" count="46" type="stmt"/>
        <line num="176" count="3" type="stmt"/>
        <line num="177" count="3" type="stmt"/>
        <line num="178" count="3" type="stmt"/>
        <line num="182" count="0" type="stmt"/>
        <line num="183" count="0" type="stmt"/>
        <line num="184" count="0" type="stmt"/>
        <line num="185" count="0" type="stmt"/>
        <line num="187" count="0" type="stmt"/>
        <line num="192" count="32" type="cond" truecount="1" falsecount="1"/>
        <line num="193" count="32" type="stmt"/>
        <line num="194" count="32" type="stmt"/>
        <line num="199" count="0" type="stmt"/>
        <line num="203" count="7" type="stmt"/>
        <line num="214" count="7" type="stmt"/>
        <line num="220" count="18" type="stmt"/>
        <line num="221" count="18" type="stmt"/>
        <line num="223" count="18" type="stmt"/>
        <line num="224" count="18" type="stmt"/>
        <line num="225" count="18" type="stmt"/>
        <line num="229" count="18" type="stmt"/>
        <line num="241" count="7" type="stmt"/>
        <line num="242" count="60" type="stmt"/>
        <line num="245" count="7" type="stmt"/>
        <line num="247" count="60" type="cond" truecount="0" falsecount="1"/>
        <line num="248" count="60" type="cond" truecount="1" falsecount="0"/>
        <line num="253" count="16" type="stmt"/>
        <line num="254" count="16" type="stmt"/>
        <line num="255" count="142" type="cond" truecount="2" falsecount="0"/>
        <line num="256" count="139" type="cond" truecount="1" falsecount="1"/>
        <line num="263" count="142" type="stmt"/>
        <line num="267" count="0" type="stmt"/>
        <line num="271" count="16" type="stmt"/>
      </file>
      <file name="ice.ts" path="/home/shin/Documents/code/webrtc/werift/werift-webrtc/packages/webrtc/src/transport/ice.ts">
        <metrics statements="84" coveredstatements="82" conditionals="22" coveredconditionals="16" methods="21" coveredmethods="21"/>
        <line num="1" count="7" type="stmt"/>
        <line num="2" count="7" type="stmt"/>
        <line num="3" count="7" type="stmt"/>
        <line num="5" count="7" type="stmt"/>
        <line num="6" count="22" type="stmt"/>
        <line num="7" count="22" type="stmt"/>
        <line num="8" count="22" type="stmt"/>
        <line num="10" count="22" type="stmt"/>
        <line num="14" count="22" type="stmt"/>
        <line num="15" count="22" type="stmt"/>
        <line num="16" count="20" type="stmt"/>
        <line num="21" count="60" type="stmt"/>
        <line num="25" count="32" type="cond" truecount="2" falsecount="0"/>
        <line num="26" count="16" type="stmt"/>
        <line num="30" count="60" type="cond" truecount="2" falsecount="0"/>
        <line num="31" count="40" type="stmt"/>
        <line num="32" count="40" type="stmt"/>
        <line num="34" count="40" type="cond" truecount="2" falsecount="0"/>
        <line num="35" count="2" type="stmt"/>
        <line num="36" count="2" type="stmt"/>
        <line num="41" count="22" type="stmt"/>
        <line num="42" count="63" type="cond" truecount="1" falsecount="1"/>
        <line num="43" count="63" type="cond" truecount="2" falsecount="0"/>
        <line num="44" count="11" type="stmt"/>
        <line num="46" count="52" type="stmt"/>
        <line num="52" count="20" type="cond" truecount="1" falsecount="1"/>
        <line num="54" count="20" type="cond" truecount="1" falsecount="1"/>
        <line num="55" count="20" type="stmt"/>
        <line num="57" count="20" type="stmt"/>
        <line num="58" count="20" type="stmt"/>
        <line num="59" count="20" type="stmt"/>
        <line num="61" count="20" type="stmt"/>
        <line num="62" count="20" type="stmt"/>
        <line num="63" count="18" type="stmt"/>
        <line num="65" count="0" type="stmt"/>
        <line num="66" count="0" type="stmt"/>
        <line num="69" count="18" type="stmt"/>
        <line num="73" count="2" type="cond" truecount="1" falsecount="1"/>
        <line num="74" count="2" type="stmt"/>
        <line num="75" count="2" type="stmt"/>
        <line num="80" count="7" type="stmt"/>
        <line num="91" count="7" type="stmt"/>
        <line num="94" count="7" type="stmt"/>
        <line num="95" count="22" type="stmt"/>
        <line num="96" count="22" type="stmt"/>
        <line num="98" count="22" type="stmt"/>
        <line num="99" count="22" type="stmt"/>
        <line num="101" count="22" type="cond" truecount="1" falsecount="0"/>
        <line num="104" count="32" type="cond" truecount="2" falsecount="0"/>
        <line num="105" count="20" type="stmt"/>
        <line num="106" count="20" type="stmt"/>
        <line num="107" count="52" type="stmt"/>
        <line num="109" count="20" type="stmt"/>
        <line num="114" count="32" type="stmt"/>
        <line num="118" count="32" type="stmt"/>
        <line num="123" count="32" type="stmt"/>
        <line num="127" count="40" type="cond" truecount="1" falsecount="1"/>
        <line num="128" count="40" type="stmt"/>
        <line num="129" count="40" type="stmt"/>
        <line num="134" count="7" type="stmt"/>
        <line num="135" count="122" type="stmt"/>
        <line num="144" count="122" type="stmt"/>
        <line num="145" count="122" type="stmt"/>
        <line num="146" count="122" type="stmt"/>
        <line num="147" count="122" type="stmt"/>
        <line num="150" count="7" type="stmt"/>
        <line num="151" count="52" type="stmt"/>
        <line num="171" count="7" type="stmt"/>
        <line num="184" count="176" type="stmt"/>
        <line num="185" count="176" type="stmt"/>
        <line num="186" count="176" type="stmt"/>
        <line num="187" count="176" type="stmt"/>
        <line num="188" count="176" type="stmt"/>
        <line num="189" count="176" type="stmt"/>
        <line num="190" count="176" type="stmt"/>
        <line num="194" count="3" type="stmt"/>
        <line num="202" count="3" type="stmt"/>
        <line num="203" count="3" type="stmt"/>
        <line num="204" count="3" type="stmt"/>
        <line num="205" count="3" type="stmt"/>
        <line num="206" count="3" type="stmt"/>
        <line num="211" count="7" type="stmt"/>
        <line num="212" count="74" type="stmt"/>
        <line num="217" count="74" type="stmt"/>
      </file>
      <file name="sctp.ts" path="/home/shin/Documents/code/webrtc/werift/werift-webrtc/packages/webrtc/src/transport/sctp.ts">
        <metrics statements="148" coveredstatements="112" conditionals="73" coveredconditionals="40" methods="28" coveredmethods="19"/>
        <line num="1" count="7" type="stmt"/>
        <line num="2" count="7" type="stmt"/>
        <line num="3" count="7" type="stmt"/>
        <line num="4" count="7" type="stmt"/>
        <line num="5" count="7" type="stmt"/>
        <line num="15" count="7" type="stmt"/>
        <line num="18" count="7" type="stmt"/>
        <line num="19" count="8" type="stmt"/>
        <line num="20" count="8" type="stmt"/>
        <line num="21" count="8" type="stmt"/>
        <line num="23" count="8" type="stmt"/>
        <line num="24" count="8" type="stmt"/>
        <line num="26" count="8" type="stmt"/>
        <line num="34" count="8" type="cond" truecount="1" falsecount="0"/>
        <line num="35" count="8" type="stmt"/>
        <line num="36" count="13" type="stmt"/>
        <line num="38" count="8" type="stmt"/>
        <line num="39" count="2" type="stmt"/>
        <line num="40" count="2" type="stmt"/>
        <line num="41" count="2" type="cond" truecount="1" falsecount="1"/>
        <line num="42" count="2" type="stmt"/>
        <line num="43" count="2" type="stmt"/>
        <line num="48" count="8" type="stmt"/>
        <line num="49" count="8" type="stmt"/>
        <line num="50" count="0" type="cond" truecount="0" falsecount="4"/>
        <line num="51" count="0" type="stmt"/>
        <line num="54" count="8" type="stmt"/>
        <line num="56" count="8" type="stmt"/>
        <line num="57" count="0" type="stmt"/>
        <line num="58" count="0" type="stmt"/>
        <line num="60" count="0" type="stmt"/>
        <line num="62" count="8" type="stmt"/>
        <line num="63" count="12" type="cond" truecount="1" falsecount="1"/>
        <line num="64" count="0" type="stmt"/>
        <line num="70" count="16" type="stmt"/>
        <line num="74" count="0" type="stmt"/>
        <line num="82" count="13" type="cond" truecount="4" falsecount="0"/>
        <line num="83" count="8" type="stmt"/>
        <line num="85" count="4" type="cond" truecount="1" falsecount="1"/>
        <line num="86" count="4" type="cond" truecount="1" falsecount="1"/>
        <line num="87" count="0" type="stmt"/>
        <line num="96" count="4" type="stmt"/>
        <line num="98" count="4" type="stmt"/>
        <line num="99" count="4" type="stmt"/>
        <line num="100" count="4" type="stmt"/>
        <line num="101" count="4" type="stmt"/>
        <line num="106" count="4" type="cond" truecount="1" falsecount="1"/>
        <line num="108" count="4" type="cond" truecount="1" falsecount="1"/>
        <line num="111" count="4" type="stmt"/>
        <line num="119" count="4" type="stmt"/>
        <line num="120" count="4" type="stmt"/>
        <line num="121" count="4" type="stmt"/>
        <line num="123" count="4" type="stmt"/>
        <line num="129" count="4" type="stmt"/>
        <line num="131" count="4" type="stmt"/>
        <line num="133" count="4" type="stmt"/>
        <line num="135" count="4" type="stmt"/>
        <line num="136" count="4" type="cond" truecount="1" falsecount="1"/>
        <line num="137" count="4" type="stmt"/>
        <line num="138" count="4" type="stmt"/>
        <line num="141" count="5" type="stmt"/>
        <line num="142" count="5" type="cond" truecount="1" falsecount="1"/>
        <line num="143" count="5" type="stmt"/>
        <line num="145" count="0" type="stmt"/>
        <line num="146" count="0" type="stmt"/>
        <line num="148" count="0" type="stmt"/>
        <line num="149" count="0" type="stmt"/>
        <line num="151" count="5" type="stmt"/>
        <line num="152" count="5" type="stmt"/>
        <line num="154" count="0" type="stmt"/>
        <line num="155" count="0" type="stmt"/>
        <line num="162" count="0" type="cond" truecount="0" falsecount="2"/>
        <line num="163" count="0" type="cond" truecount="0" falsecount="2"/>
        <line num="165" count="0" type="stmt"/>
        <line num="167" count="0" type="cond" truecount="0" falsecount="2"/>
        <line num="168" count="0" type="stmt"/>
        <line num="173" count="4" type="cond" truecount="2" falsecount="0"/>
        <line num="174" count="1" type="cond" truecount="1" falsecount="1"/>
        <line num="175" count="0" type="stmt"/>
        <line num="178" count="1" type="stmt"/>
        <line num="181" count="4" type="stmt"/>
        <line num="182" count="4" type="stmt"/>
        <line num="183" count="4" type="stmt"/>
        <line num="185" count="4" type="cond" truecount="1" falsecount="1"/>
        <line num="186" count="0" type="stmt"/>
        <line num="188" count="4" type="cond" truecount="1" falsecount="1"/>
        <line num="189" count="0" type="stmt"/>
        <line num="190" count="0" type="stmt"/>
        <line num="191" count="4" type="cond" truecount="1" falsecount="1"/>
        <line num="192" count="0" type="stmt"/>
        <line num="193" count="0" type="stmt"/>
        <line num="197" count="4" type="stmt"/>
        <line num="205" count="4" type="stmt"/>
        <line num="210" count="4" type="stmt"/>
        <line num="211" count="4" type="stmt"/>
        <line num="223" count="21" type="cond" truecount="2" falsecount="0"/>
        <line num="226" count="18" type="stmt"/>
        <line num="235" count="13" type="stmt"/>
        <line num="237" count="13" type="stmt"/>
        <line num="238" count="13" type="cond" truecount="2" falsecount="0"/>
        <line num="239" count="3" type="stmt"/>
        <line num="240" count="3" type="stmt"/>
        <line num="241" count="0" type="stmt"/>
        <line num="243" count="3" type="stmt"/>
        <line num="244" count="3" type="stmt"/>
        <line num="247" count="13" type="cond" truecount="2" falsecount="0"/>
        <line num="248" count="8" type="stmt"/>
        <line num="250" count="5" type="cond" truecount="1" falsecount="1"/>
        <line num="251" count="0" type="stmt"/>
        <line num="253" count="5" type="stmt"/>
        <line num="255" count="5" type="stmt"/>
        <line num="263" count="5" type="stmt"/>
        <line num="265" count="13" type="cond" truecount="2" falsecount="0"/>
        <line num="269" count="8" type="stmt"/>
        <line num="270" count="5" type="stmt"/>
        <line num="271" count="5" type="stmt"/>
        <line num="272" count="5" type="stmt"/>
        <line num="274" count="5" type="cond" truecount="1" falsecount="1"/>
        <line num="275" count="0" type="stmt"/>
        <line num="282" count="5" type="stmt"/>
        <line num="284" count="5" type="cond" truecount="1" falsecount="1"/>
        <line num="285" count="0" type="stmt"/>
        <line num="287" count="5" type="stmt"/>
        <line num="288" count="5" type="stmt"/>
        <line num="292" count="6" type="stmt"/>
        <line num="296" count="8" type="cond" truecount="2" falsecount="0"/>
        <line num="297" count="4" type="stmt"/>
        <line num="299" count="4" type="stmt"/>
        <line num="301" count="8" type="stmt"/>
        <line num="303" count="8" type="stmt"/>
        <line num="307" count="0" type="stmt"/>
        <line num="308" count="0" type="stmt"/>
        <line num="312" count="1" type="cond" truecount="1" falsecount="1"/>
        <line num="313" count="1" type="stmt"/>
        <line num="315" count="1" type="cond" truecount="1" falsecount="1"/>
        <line num="316" count="1" type="stmt"/>
        <line num="317" count="1" type="cond" truecount="1" falsecount="1"/>
        <line num="318" count="1" type="stmt"/>
        <line num="321" count="0" type="stmt"/>
        <line num="322" count="0" type="stmt"/>
        <line num="324" count="0" type="cond" truecount="0" falsecount="2"/>
        <line num="325" count="0" type="stmt"/>
        <line num="327" count="0" type="stmt"/>
        <line num="334" count="7" type="stmt"/>
        <line num="335" count="27" type="stmt"/>
        <line num="339" count="8" type="stmt"/>
        <line num="341" count="8" type="stmt"/>
        <line num="344" count="44" type="stmt"/>
      </file>
    </package>
    <package name="typings">
      <metrics statements="0" coveredstatements="0" conditionals="0" coveredconditionals="0" methods="0" coveredmethods="0"/>
      <file name="domain.d.ts" path="/home/shin/Documents/code/webrtc/werift/werift-webrtc/packages/webrtc/src/typings/domain.d.ts">
        <metrics statements="0" coveredstatements="0" conditionals="0" coveredconditionals="0" methods="0" coveredmethods="0"/>
      </file>
    </package>
  </project>
</coverage>
