{"/home/shin/Documents/code/webrtc/werift/werift-webrtc/packages/webrtc/src/extension/rtpExtension.ts": {"path":"/home/shin/Documents/code/webrtc/werift/werift-webrtc/packages/webrtc/src/extension/rtpExtension.ts","statementMap":{"0":{"start":{"line":1,"column":0},"end":{"line":1,"column":70}},"1":{"start":{"line":3,"column":13},"end":{"line":9,"column":11}},"2":{"start":{"line":12,"column":2},"end":{"line":14,"column":5}},"3":{"start":{"line":11,"column":0},"end":{"line":11,"column":16}},"4":{"start":{"line":18,"column":2},"end":{"line":20,"column":5}},"5":{"start":{"line":17,"column":0},"end":{"line":17,"column":16}},"6":{"start":{"line":24,"column":2},"end":{"line":26,"column":5}},"7":{"start":{"line":23,"column":0},"end":{"line":23,"column":16}},"8":{"start":{"line":30,"column":2},"end":{"line":32,"column":5}},"9":{"start":{"line":29,"column":0},"end":{"line":29,"column":16}}},"fnMap":{"0":{"name":"useSdesMid","decl":{"start":{"line":11,"column":16},"end":{"line":11,"column":26}},"loc":{"start":{"line":11,"column":26},"end":{"line":15,"column":1}}},"1":{"name":"useSdesRTPStreamID","decl":{"start":{"line":17,"column":16},"end":{"line":17,"column":34}},"loc":{"start":{"line":17,"column":34},"end":{"line":21,"column":1}}},"2":{"name":"useTransportWideCC","decl":{"start":{"line":23,"column":16},"end":{"line":23,"column":34}},"loc":{"start":{"line":23,"column":34},"end":{"line":27,"column":1}}},"3":{"name":"useAbsSendTime","decl":{"start":{"line":29,"column":16},"end":{"line":29,"column":30}},"loc":{"start":{"line":29,"column":30},"end":{"line":33,"column":1}}}},"branchMap":{},"s":{"0":7,"1":7,"2":4,"3":7,"4":0,"5":7,"6":0,"7":7,"8":0,"9":7},"f":{"0":4,"1":0,"2":0,"3":0},"b":{}}
,"/home/shin/Documents/code/webrtc/werift/werift-webrtc/packages/webrtc/src/media/nack.ts": {"path":"/home/shin/Documents/code/webrtc/werift/werift-webrtc/packages/webrtc/src/media/nack.ts","statementMap":{"0":{"start":{"line":1,"column":0},"end":{"line":1,"column":31}},"1":{"start":{"line":2,"column":0},"end":{"line":2,"column":null}},"2":{"start":{"line":7,"column":0},"end":{"line":7,"column":37}},"3":{"start":{"line":10,"column":18},"end":{"line":10,"column":24}},"4":{"start":{"line":18,"column":22},"end":{"line":18,"column":46}},"5":{"start":{"line":13,"column":10},"end":{"line":13,"column":27}},"6":{"start":{"line":14,"column":10},"end":{"line":14,"column":51}},"7":{"start":{"line":19,"column":4},"end":{"line":19,"column":45}},"8":{"start":{"line":19,"column":22},"end":{"line":19,"column":39}},"9":{"start":{"line":23,"column":4},"end":{"line":23,"column":47}},"10":{"start":{"line":27,"column":37},"end":{"line":27,"column":50}},"11":{"start":{"line":28,"column":4},"end":{"line":28,"column":32}},"12":{"start":{"line":30,"column":4},"end":{"line":33,"column":null}},"13":{"start":{"line":31,"column":6},"end":{"line":31,"column":41}},"14":{"start":{"line":32,"column":6},"end":{"line":32,"column":13}},"15":{"start":{"line":35,"column":4},"end":{"line":38,"column":null}},"16":{"start":{"line":36,"column":6},"end":{"line":36,"column":40}},"17":{"start":{"line":37,"column":6},"end":{"line":37,"column":13}},"18":{"start":{"line":40,"column":4},"end":{"line":59,"column":null}},"19":{"start":{"line":41,"column":6},"end":{"line":41,"column":41}},"20":{"start":{"line":42,"column":11},"end":{"line":59,"column":null}},"21":{"start":{"line":44,"column":6},"end":{"line":46,"column":9}},"22":{"start":{"line":45,"column":8},"end":{"line":45,"column":28}},"23":{"start":{"line":47,"column":6},"end":{"line":47,"column":54}},"24":{"start":{"line":49,"column":6},"end":{"line":49,"column":41}},"25":{"start":{"line":51,"column":6},"end":{"line":58,"column":null}},"26":{"start":{"line":52,"column":8},"end":{"line":57,"column":49}},"27":{"start":{"line":55,"column":12},"end":{"line":55,"column":25}},"28":{"start":{"line":56,"column":12},"end":{"line":56,"column":23}},"29":{"start":{"line":63,"column":4},"end":{"line":67,"column":7}},"30":{"start":{"line":64,"column":6},"end":{"line":66,"column":null}},"31":{"start":{"line":65,"column":8},"end":{"line":65,"column":31}},"32":{"start":{"line":71,"column":4},"end":{"line":82,"column":null}},"33":{"start":{"line":72,"column":19},"end":{"line":78,"column":8}},"34":{"start":{"line":79,"column":6},"end":{"line":79,"column":51}},"35":{"start":{"line":81,"column":6},"end":{"line":81,"column":23}},"36":{"start":{"line":12,"column":0},"end":{"line":12,"column":13}}},"fnMap":{"0":{"name":"(anonymous_0)","decl":{"start":{"line":18,"column":2},"end":{"line":18,"column":22}},"loc":{"start":{"line":18,"column":46},"end":{"line":20,"column":3}}},"1":{"name":"(anonymous_1)","decl":{"start":{"line":19,"column":16},"end":{"line":19,"column":19}},"loc":{"start":{"line":19,"column":22},"end":{"line":19,"column":39}}},"2":{"name":"(anonymous_2)","decl":{"start":{"line":22,"column":2},"end":{"line":22,"column":6}},"loc":{"start":{"line":22,"column":10},"end":{"line":24,"column":3}}},"3":{"name":"(anonymous_3)","decl":{"start":{"line":26,"column":2},"end":{"line":26,"column":10}},"loc":{"start":{"line":26,"column":28},"end":{"line":60,"column":3}}},"4":{"name":"(anonymous_4)","decl":{"start":{"line":44,"column":69},"end":{"line":44,"column":70}},"loc":{"start":{"line":44,"column":77},"end":{"line":46,"column":7}}},"5":{"name":"(anonymous_5)","decl":{"start":{"line":54,"column":18},"end":{"line":54,"column":19}},"loc":{"start":{"line":54,"column":36},"end":{"line":57,"column":11}}},"6":{"name":"(anonymous_6)","decl":{"start":{"line":62,"column":10},"end":{"line":62,"column":19}},"loc":{"start":{"line":62,"column":19},"end":{"line":68,"column":3}}},"7":{"name":"(anonymous_7)","decl":{"start":{"line":63,"column":36},"end":{"line":63,"column":37}},"loc":{"start":{"line":63,"column":44},"end":{"line":67,"column":5}}},"8":{"name":"(anonymous_8)","decl":{"start":{"line":70,"column":10},"end":{"line":70,"column":20}},"loc":{"start":{"line":70,"column":20},"end":{"line":83,"column":3}}}},"branchMap":{"0":{"loc":{"start":{"line":30,"column":4},"end":{"line":33,"column":null}},"type":"if","locations":[{"start":{"line":30,"column":4},"end":{"line":33,"column":null}},{"start":{"line":30,"column":4},"end":{"line":33,"column":null}}]},"1":{"loc":{"start":{"line":35,"column":4},"end":{"line":38,"column":null}},"type":"if","locations":[{"start":{"line":35,"column":4},"end":{"line":38,"column":null}},{"start":{"line":35,"column":4},"end":{"line":38,"column":null}}]},"2":{"loc":{"start":{"line":40,"column":4},"end":{"line":59,"column":null}},"type":"if","locations":[{"start":{"line":40,"column":4},"end":{"line":59,"column":null}},{"start":{"line":40,"column":4},"end":{"line":59,"column":null}}]},"3":{"loc":{"start":{"line":42,"column":11},"end":{"line":59,"column":null}},"type":"if","locations":[{"start":{"line":42,"column":11},"end":{"line":59,"column":null}},{"start":{"line":42,"column":11},"end":{"line":59,"column":null}}]},"4":{"loc":{"start":{"line":51,"column":6},"end":{"line":58,"column":null}},"type":"if","locations":[{"start":{"line":51,"column":6},"end":{"line":58,"column":null}},{"start":{"line":51,"column":6},"end":{"line":58,"column":null}}]},"5":{"loc":{"start":{"line":64,"column":6},"end":{"line":66,"column":null}},"type":"if","locations":[{"start":{"line":64,"column":6},"end":{"line":66,"column":null}},{"start":{"line":64,"column":6},"end":{"line":66,"column":null}}]},"6":{"loc":{"start":{"line":71,"column":4},"end":{"line":82,"column":null}},"type":"if","locations":[{"start":{"line":71,"column":4},"end":{"line":82,"column":null}},{"start":{"line":71,"column":4},"end":{"line":82,"column":null}}]},"7":{"loc":{"start":{"line":71,"column":8},"end":{"line":71,"column":28}},"type":"binary-expr","locations":[{"start":{"line":71,"column":8},"end":{"line":71,"column":28}},{"start":{"line":71,"column":32},"end":{"line":71,"column":52}}]}},"s":{"0":8,"1":8,"2":8,"3":8,"4":7,"5":7,"6":7,"7":7,"8":77,"9":78,"10":5,"11":5,"12":5,"13":4,"14":4,"15":1,"16":0,"17":0,"18":1,"19":0,"20":1,"21":1,"22":3,"23":1,"24":1,"25":1,"26":0,"27":0,"28":0,"29":0,"30":0,"31":0,"32":77,"33":0,"34":0,"35":0,"36":8},"f":{"0":7,"1":77,"2":78,"3":5,"4":3,"5":0,"6":0,"7":0,"8":77},"b":{"0":[4,1],"1":[0,1],"2":[0,1],"3":[1,0],"4":[0,1],"5":[0,0],"6":[0,77],"7":[77,0]}}
,"/home/shin/Documents/code/webrtc/werift/werift-webrtc/packages/webrtc/src/media/parameters.ts": {"path":"/home/shin/Documents/code/webrtc/werift/werift-webrtc/packages/webrtc/src/media/parameters.ts","statementMap":{"0":{"start":{"line":2,"column":2},"end":{"line":2,"column":39}},"1":{"start":{"line":3,"column":2},"end":{"line":3,"column":59}},"2":{"start":{"line":9,"column":4},"end":{"line":9,"column":31}},"3":{"start":{"line":1,"column":0},"end":{"line":1,"column":13}},"4":{"start":{"line":17,"column":2},"end":{"line":17,"column":18}},"5":{"start":{"line":19,"column":4},"end":{"line":19,"column":36}},"6":{"start":{"line":23,"column":4},"end":{"line":23,"column":39}},"7":{"start":{"line":13,"column":0},"end":{"line":13,"column":13}},"8":{"start":{"line":34,"column":2},"end":{"line":34,"column":30}},"9":{"start":{"line":35,"column":2},"end":{"line":35,"column":18}},"10":{"start":{"line":41,"column":4},"end":{"line":41,"column":31}},"11":{"start":{"line":45,"column":4},"end":{"line":45,"column":39}},"12":{"start":{"line":49,"column":12},"end":{"line":49,"column":44}},"13":{"start":{"line":50,"column":4},"end":{"line":50,"column":39}},"14":{"start":{"line":50,"column":29},"end":{"line":50,"column":39}},"15":{"start":{"line":51,"column":4},"end":{"line":51,"column":13}},"16":{"start":{"line":29,"column":0},"end":{"line":29,"column":13}},"17":{"start":{"line":60,"column":4},"end":{"line":60,"column":31}},"18":{"start":{"line":55,"column":0},"end":{"line":55,"column":13}},"19":{"start":{"line":66,"column":2},"end":{"line":66,"column":23}},"20":{"start":{"line":70,"column":4},"end":{"line":70,"column":31}},"21":{"start":{"line":64,"column":0},"end":{"line":64,"column":13}},"22":{"start":{"line":79,"column":4},"end":{"line":79,"column":31}},"23":{"start":{"line":74,"column":0},"end":{"line":74,"column":13}},"24":{"start":{"line":86,"column":4},"end":{"line":86,"column":31}},"25":{"start":{"line":82,"column":0},"end":{"line":82,"column":13}},"26":{"start":{"line":96,"column":4},"end":{"line":96,"column":31}},"27":{"start":{"line":90,"column":0},"end":{"line":90,"column":13}},"28":{"start":{"line":104,"column":4},"end":{"line":104,"column":17}},"29":{"start":{"line":105,"column":4},"end":{"line":105,"column":31}},"30":{"start":{"line":100,"column":0},"end":{"line":100,"column":13}},"31":{"start":{"line":113,"column":4},"end":{"line":113,"column":31}},"32":{"start":{"line":109,"column":0},"end":{"line":109,"column":13}}},"fnMap":{"0":{"name":"(anonymous_0)","decl":{"start":{"line":8,"column":2},"end":{"line":8,"column":14}},"loc":{"start":{"line":8,"column":51},"end":{"line":10,"column":3}}},"1":{"name":"(anonymous_1)","decl":{"start":{"line":18,"column":2},"end":{"line":18,"column":14}},"loc":{"start":{"line":18,"column":61},"end":{"line":20,"column":3}}},"2":{"name":"(anonymous_2)","decl":{"start":{"line":22,"column":2},"end":{"line":22,"column":6}},"loc":{"start":{"line":22,"column":10},"end":{"line":24,"column":3}}},"3":{"name":"(anonymous_3)","decl":{"start":{"line":37,"column":2},"end":{"line":37,"column":null}},"loc":{"start":{"line":39,"column":36},"end":{"line":42,"column":3}}},"4":{"name":"(anonymous_4)","decl":{"start":{"line":44,"column":2},"end":{"line":44,"column":6}},"loc":{"start":{"line":44,"column":10},"end":{"line":46,"column":3}}},"5":{"name":"(anonymous_5)","decl":{"start":{"line":48,"column":2},"end":{"line":48,"column":6}},"loc":{"start":{"line":48,"column":9},"end":{"line":52,"column":3}}},"6":{"name":"(anonymous_6)","decl":{"start":{"line":59,"column":2},"end":{"line":59,"column":14}},"loc":{"start":{"line":59,"column":66},"end":{"line":61,"column":3}}},"7":{"name":"(anonymous_7)","decl":{"start":{"line":69,"column":2},"end":{"line":69,"column":14}},"loc":{"start":{"line":69,"column":52},"end":{"line":71,"column":3}}},"8":{"name":"(anonymous_8)","decl":{"start":{"line":78,"column":2},"end":{"line":78,"column":14}},"loc":{"start":{"line":78,"column":50},"end":{"line":80,"column":3}}},"9":{"name":"(anonymous_9)","decl":{"start":{"line":85,"column":2},"end":{"line":85,"column":14}},"loc":{"start":{"line":85,"column":54},"end":{"line":87,"column":3}}},"10":{"name":"(anonymous_10)","decl":{"start":{"line":95,"column":2},"end":{"line":95,"column":14}},"loc":{"start":{"line":95,"column":57},"end":{"line":97,"column":3}}},"11":{"name":"(anonymous_11)","decl":{"start":{"line":103,"column":2},"end":{"line":103,"column":14}},"loc":{"start":{"line":103,"column":58},"end":{"line":106,"column":3}}},"12":{"name":"(anonymous_12)","decl":{"start":{"line":112,"column":2},"end":{"line":112,"column":14}},"loc":{"start":{"line":112,"column":46},"end":{"line":114,"column":3}}}},"branchMap":{"0":{"loc":{"start":{"line":8,"column":49},"end":{"line":8,"column":51}},"type":"default-arg","locations":[{"start":{"line":8,"column":49},"end":{"line":8,"column":51}}]},"1":{"loc":{"start":{"line":18,"column":59},"end":{"line":18,"column":61}},"type":"default-arg","locations":[{"start":{"line":18,"column":59},"end":{"line":18,"column":61}}]},"2":{"loc":{"start":{"line":50,"column":4},"end":{"line":50,"column":39}},"type":"if","locations":[{"start":{"line":50,"column":4},"end":{"line":50,"column":39}},{"start":{"line":50,"column":4},"end":{"line":50,"column":39}}]},"3":{"loc":{"start":{"line":59,"column":64},"end":{"line":59,"column":66}},"type":"default-arg","locations":[{"start":{"line":59,"column":64},"end":{"line":59,"column":66}}]},"4":{"loc":{"start":{"line":69,"column":50},"end":{"line":69,"column":52}},"type":"default-arg","locations":[{"start":{"line":69,"column":50},"end":{"line":69,"column":52}}]},"5":{"loc":{"start":{"line":78,"column":48},"end":{"line":78,"column":50}},"type":"default-arg","locations":[{"start":{"line":78,"column":48},"end":{"line":78,"column":50}}]},"6":{"loc":{"start":{"line":85,"column":52},"end":{"line":85,"column":54}},"type":"default-arg","locations":[{"start":{"line":85,"column":52},"end":{"line":85,"column":54}}]},"7":{"loc":{"start":{"line":95,"column":55},"end":{"line":95,"column":57}},"type":"default-arg","locations":[{"start":{"line":95,"column":55},"end":{"line":95,"column":57}}]},"8":{"loc":{"start":{"line":103,"column":56},"end":{"line":103,"column":58}},"type":"default-arg","locations":[{"start":{"line":103,"column":56},"end":{"line":103,"column":58}}]}},"s":{"0":70,"1":70,"2":70,"3":7,"4":0,"5":0,"6":0,"7":7,"8":42,"9":42,"10":42,"11":36,"12":36,"13":36,"14":0,"15":36,"16":7,"17":11,"18":7,"19":0,"20":0,"21":7,"22":84,"23":7,"24":0,"25":7,"26":5,"27":7,"28":5,"29":5,"30":7,"31":0,"32":7},"f":{"0":70,"1":0,"2":0,"3":42,"4":36,"5":36,"6":11,"7":0,"8":84,"9":0,"10":5,"11":5,"12":0},"b":{"0":[54],"1":[0],"2":[0,36],"3":[0],"4":[0],"5":[0],"6":[0],"7":[0],"8":[0]}}
,"/home/shin/Documents/code/webrtc/werift/werift-webrtc/packages/webrtc/src/media/router.ts": {"path":"/home/shin/Documents/code/webrtc/werift/werift-webrtc/packages/webrtc/src/media/router.ts","statementMap":{"0":{"start":{"line":1,"column":0},"end":{"line":1,"column":null}},"1":{"start":{"line":11,"column":0},"end":{"line":11,"column":55}},"2":{"start":{"line":12,"column":0},"end":{"line":12,"column":62}},"3":{"start":{"line":20,"column":0},"end":{"line":20,"column":43}},"4":{"start":{"line":25,"column":2},"end":{"line":25,"column":68}},"5":{"start":{"line":26,"column":2},"end":{"line":26,"column":66}},"6":{"start":{"line":27,"column":2},"end":{"line":27,"column":45}},"7":{"start":{"line":68,"column":2},"end":{"line":105,"column":4}},"8":{"start":{"line":69,"column":35},"end":{"line":88,"column":12}},"9":{"start":{"line":71,"column":20},"end":{"line":71,"column":50}},"10":{"start":{"line":72,"column":8},"end":{"line":83,"column":null}},"11":{"start":{"line":75,"column":12},"end":{"line":75,"column":64}},"12":{"start":{"line":77,"column":12},"end":{"line":77,"column":68}},"13":{"start":{"line":79,"column":12},"end":{"line":82,"column":14}},"14":{"start":{"line":86,"column":8},"end":{"line":86,"column":42}},"15":{"start":{"line":86,"column":17},"end":{"line":86,"column":42}},"16":{"start":{"line":87,"column":8},"end":{"line":87,"column":19}},"17":{"start":{"line":90,"column":23},"end":{"line":90,"column":75}},"18":{"start":{"line":91,"column":16},"end":{"line":91,"column":71}},"19":{"start":{"line":93,"column":4},"end":{"line":100,"column":null}},"20":{"start":{"line":94,"column":6},"end":{"line":94,"column":58}},"21":{"start":{"line":95,"column":6},"end":{"line":95,"column":59}},"22":{"start":{"line":97,"column":6},"end":{"line":97,"column":32}},"23":{"start":{"line":97,"column":25},"end":{"line":97,"column":32}},"24":{"start":{"line":99,"column":6},"end":{"line":99,"column":55}},"25":{"start":{"line":102,"column":4},"end":{"line":104,"column":16}},"26":{"start":{"line":107,"column":2},"end":{"line":156,"column":4}},"27":{"start":{"line":108,"column":58},"end":{"line":108,"column":60}},"28":{"start":{"line":110,"column":4},"end":{"line":152,"column":null}},"29":{"start":{"line":113,"column":10},"end":{"line":113,"column":42}},"30":{"start":{"line":114,"column":10},"end":{"line":114,"column":55}},"31":{"start":{"line":116,"column":8},"end":{"line":116,"column":14}},"32":{"start":{"line":119,"column":10},"end":{"line":119,"column":42}},"33":{"start":{"line":120,"column":10},"end":{"line":122,"column":13}},"34":{"start":{"line":121,"column":12},"end":{"line":121,"column":57}},"35":{"start":{"line":124,"column":8},"end":{"line":124,"column":14}},"36":{"start":{"line":127,"column":23},"end":{"line":127,"column":60}},"37":{"start":{"line":130,"column":8},"end":{"line":130,"column":14}},"38":{"start":{"line":133,"column":24},"end":{"line":133,"column":60}},"39":{"start":{"line":134,"column":10},"end":{"line":136,"column":null}},"40":{"start":{"line":135,"column":12},"end":{"line":135,"column":76}},"41":{"start":{"line":138,"column":8},"end":{"line":138,"column":14}},"42":{"start":{"line":141,"column":23},"end":{"line":141,"column":60}},"43":{"start":{"line":142,"column":10},"end":{"line":149,"column":null}},"44":{"start":{"line":144,"column":27},"end":{"line":144,"column":71}},"45":{"start":{"line":145,"column":14},"end":{"line":145,"column":69}},"46":{"start":{"line":146,"column":14},"end":{"line":146,"column":20}},"47":{"start":{"line":148,"column":14},"end":{"line":148,"column":72}},"48":{"start":{"line":151,"column":8},"end":{"line":151,"column":14}},"49":{"start":{"line":153,"column":4},"end":{"line":155,"column":66}},"50":{"start":{"line":154,"column":21},"end":{"line":154,"column":22}},"51":{"start":{"line":155,"column":30},"end":{"line":155,"column":64}},"52":{"start":{"line":33,"column":18},"end":{"line":35,"column":23}},"53":{"start":{"line":34,"column":23},"end":{"line":34,"column":34}},"54":{"start":{"line":35,"column":21},"end":{"line":35,"column":22}},"55":{"start":{"line":36,"column":4},"end":{"line":46,"column":7}},"56":{"start":{"line":37,"column":6},"end":{"line":37,"column":50}},"57":{"start":{"line":38,"column":6},"end":{"line":45,"column":8}},"58":{"start":{"line":48,"column":4},"end":{"line":50,"column":7}},"59":{"start":{"line":49,"column":6},"end":{"line":49,"column":53}},"60":{"start":{"line":57,"column":4},"end":{"line":64,"column":6}},"61":{"start":{"line":65,"column":4},"end":{"line":65,"column":52}},"62":{"start":{"line":24,"column":0},"end":{"line":24,"column":13}}},"fnMap":{"0":{"name":"(anonymous_0)","decl":{"start":{"line":24,"column":0},"end":{"line":24,"column":13}},"loc":{"start":{"line":24,"column":0},"end":{"line":157,"column":1}}},"1":{"name":"(anonymous_1)","decl":{"start":{"line":68,"column":13},"end":{"line":68,"column":14}},"loc":{"start":{"line":68,"column":35},"end":{"line":105,"column":3}}},"2":{"name":"(anonymous_2)","decl":{"start":{"line":70,"column":11},"end":{"line":70,"column":12}},"loc":{"start":{"line":70,"column":25},"end":{"line":84,"column":7}}},"3":{"name":"(anonymous_3)","decl":{"start":{"line":85,"column":14},"end":{"line":85,"column":15}},"loc":{"start":{"line":85,"column":51},"end":{"line":88,"column":7}}},"4":{"name":"(anonymous_4)","decl":{"start":{"line":107,"column":14},"end":{"line":107,"column":15}},"loc":{"start":{"line":107,"column":37},"end":{"line":156,"column":3}}},"5":{"name":"(anonymous_5)","decl":{"start":{"line":120,"column":33},"end":{"line":120,"column":34}},"loc":{"start":{"line":120,"column":44},"end":{"line":122,"column":11}}},"6":{"name":"(anonymous_6)","decl":{"start":{"line":154,"column":14},"end":{"line":154,"column":15}},"loc":{"start":{"line":154,"column":21},"end":{"line":154,"column":22}}},"7":{"name":"(anonymous_7)","decl":{"start":{"line":155,"column":15},"end":{"line":155,"column":16}},"loc":{"start":{"line":155,"column":30},"end":{"line":155,"column":64}}},"8":{"name":"(anonymous_8)","decl":{"start":{"line":29,"column":2},"end":{"line":29,"column":27}},"loc":{"start":{"line":31,"column":35},"end":{"line":51,"column":3}}},"9":{"name":"(anonymous_9)","decl":{"start":{"line":34,"column":11},"end":{"line":34,"column":12}},"loc":{"start":{"line":34,"column":23},"end":{"line":34,"column":34}}},"10":{"name":"(anonymous_10)","decl":{"start":{"line":35,"column":14},"end":{"line":35,"column":15}},"loc":{"start":{"line":35,"column":21},"end":{"line":35,"column":22}}},"11":{"name":"(anonymous_11)","decl":{"start":{"line":36,"column":18},"end":{"line":36,"column":19}},"loc":{"start":{"line":36,"column":27},"end":{"line":46,"column":5}}},"12":{"name":"(anonymous_12)","decl":{"start":{"line":48,"column":36},"end":{"line":48,"column":37}},"loc":{"start":{"line":48,"column":50},"end":{"line":50,"column":5}}},"13":{"name":"(anonymous_13)","decl":{"start":{"line":53,"column":2},"end":{"line":53,"column":26}},"loc":{"start":{"line":55,"column":36},"end":{"line":66,"column":3}}}},"branchMap":{"0":{"loc":{"start":{"line":73,"column":10},"end":{"line":73,"column":41}},"type":"switch","locations":[{"start":{"line":73,"column":10},"end":{"line":73,"column":41}},{"start":{"line":74,"column":10},"end":{"line":75,"column":64}},{"start":{"line":76,"column":10},"end":{"line":77,"column":68}},{"start":{"line":78,"column":10},"end":{"line":82,"column":14}}]},"1":{"loc":{"start":{"line":86,"column":8},"end":{"line":86,"column":42}},"type":"if","locations":[{"start":{"line":86,"column":8},"end":{"line":86,"column":42}},{"start":{"line":86,"column":8},"end":{"line":86,"column":42}}]},"2":{"loc":{"start":{"line":93,"column":4},"end":{"line":100,"column":null}},"type":"if","locations":[{"start":{"line":93,"column":4},"end":{"line":100,"column":null}},{"start":{"line":93,"column":4},"end":{"line":100,"column":null}}]},"3":{"loc":{"start":{"line":97,"column":6},"end":{"line":97,"column":32}},"type":"if","locations":[{"start":{"line":97,"column":6},"end":{"line":97,"column":32}},{"start":{"line":97,"column":6},"end":{"line":97,"column":32}}]},"4":{"loc":{"start":{"line":111,"column":6},"end":{"line":116,"column":14}},"type":"switch","locations":[{"start":{"line":111,"column":6},"end":{"line":116,"column":14}},{"start":{"line":117,"column":6},"end":{"line":124,"column":14}},{"start":{"line":125,"column":6},"end":{"line":130,"column":14}},{"start":{"line":131,"column":6},"end":{"line":138,"column":14}},{"start":{"line":139,"column":6},"end":{"line":151,"column":14}}]},"5":{"loc":{"start":{"line":134,"column":10},"end":{"line":136,"column":null}},"type":"if","locations":[{"start":{"line":134,"column":10},"end":{"line":136,"column":null}},{"start":{"line":134,"column":10},"end":{"line":136,"column":null}}]},"6":{"loc":{"start":{"line":143,"column":12},"end":{"line":146,"column":20}},"type":"switch","locations":[{"start":{"line":143,"column":12},"end":{"line":146,"column":20}},{"start":{"line":147,"column":12},"end":{"line":148,"column":72}}]}},"s":{"0":7,"1":7,"2":7,"3":7,"4":20,"5":20,"6":20,"7":20,"8":3,"9":0,"10":0,"11":0,"12":0,"13":0,"14":0,"15":0,"16":0,"17":3,"18":3,"19":3,"20":0,"21":0,"22":3,"23":0,"24":3,"25":3,"26":20,"27":0,"28":0,"29":0,"30":0,"31":0,"32":0,"33":0,"34":0,"35":0,"36":0,"37":0,"38":0,"39":0,"40":0,"41":0,"42":0,"43":0,"44":0,"45":0,"46":0,"47":0,"48":0,"49":0,"50":0,"51":0,"52":5,"53":5,"54":5,"55":5,"56":5,"57":5,"58":5,"59":2,"60":0,"61":0,"62":7},"f":{"0":20,"1":3,"2":0,"3":0,"4":0,"5":0,"6":0,"7":0,"8":5,"9":5,"10":5,"11":5,"12":2,"13":0},"b":{"0":[0,0,0,0],"1":[0,0],"2":[0,3],"3":[0,3],"4":[0,0,0,0,0],"5":[0,0],"6":[0,0]}}
,"/home/shin/Documents/code/webrtc/werift/werift-webrtc/packages/webrtc/src/media/rtpReceiver.ts": {"path":"/home/shin/Documents/code/webrtc/werift/werift-webrtc/packages/webrtc/src/media/rtpReceiver.ts","statementMap":{"0":{"start":{"line":1,"column":0},"end":{"line":1,"column":34}},"1":{"start":{"line":2,"column":0},"end":{"line":2,"column":null}},"2":{"start":{"line":10,"column":0},"end":{"line":10,"column":62}},"3":{"start":{"line":11,"column":0},"end":{"line":11,"column":34}},"4":{"start":{"line":13,"column":0},"end":{"line":13,"column":30}},"5":{"start":{"line":15,"column":0},"end":{"line":15,"column":55}},"6":{"start":{"line":36,"column":11},"end":{"line":36,"column":23}},"7":{"start":{"line":37,"column":11},"end":{"line":37,"column":42}},"8":{"start":{"line":38,"column":11},"end":{"line":38,"column":27}},"9":{"start":{"line":20,"column":11},"end":{"line":20,"column":29}},"10":{"start":{"line":21,"column":11},"end":{"line":21,"column":25}},"11":{"start":{"line":22,"column":11},"end":{"line":22,"column":43}},"12":{"start":{"line":23,"column":11},"end":{"line":23,"column":66}},"13":{"start":{"line":24,"column":11},"end":{"line":24,"column":64}},"14":{"start":{"line":25,"column":11},"end":{"line":25,"column":33}},"15":{"start":{"line":26,"column":11},"end":{"line":26,"column":47}},"16":{"start":{"line":27,"column":11},"end":{"line":27,"column":51}},"17":{"start":{"line":32,"column":2},"end":{"line":32,"column":22}},"18":{"start":{"line":33,"column":2},"end":{"line":33,"column":39}},"19":{"start":{"line":63,"column":2},"end":{"line":63,"column":22}},"20":{"start":{"line":106,"column":2},"end":{"line":111,"column":4}},"21":{"start":{"line":107,"column":18},"end":{"line":107,"column":54}},"22":{"start":{"line":108,"column":4},"end":{"line":108,"column":34}},"23":{"start":{"line":108,"column":16},"end":{"line":108,"column":34}},"24":{"start":{"line":110,"column":4},"end":{"line":110,"column":46}},"25":{"start":{"line":113,"column":2},"end":{"line":118,"column":4}},"26":{"start":{"line":114,"column":18},"end":{"line":114,"column":38}},"27":{"start":{"line":115,"column":4},"end":{"line":115,"column":34}},"28":{"start":{"line":115,"column":16},"end":{"line":115,"column":34}},"29":{"start":{"line":117,"column":4},"end":{"line":117,"column":46}},"30":{"start":{"line":46,"column":4},"end":{"line":48,"column":6}},"31":{"start":{"line":47,"column":6},"end":{"line":47,"column":63}},"32":{"start":{"line":47,"column":37},"end":{"line":47,"column":62}},"33":{"start":{"line":49,"column":4},"end":{"line":55,"column":null}},"34":{"start":{"line":50,"column":6},"end":{"line":54,"column":8}},"35":{"start":{"line":59,"column":4},"end":{"line":59,"column":29}},"36":{"start":{"line":60,"column":4},"end":{"line":60,"column":65}},"37":{"start":{"line":60,"column":27},"end":{"line":60,"column":65}},"38":{"start":{"line":65,"column":4},"end":{"line":65,"column":33}},"39":{"start":{"line":65,"column":26},"end":{"line":65,"column":33}},"40":{"start":{"line":66,"column":4},"end":{"line":66,"column":28}},"41":{"start":{"line":68,"column":4},"end":{"line":79,"column":null}},"42":{"start":{"line":69,"column":6},"end":{"line":69,"column":46}},"43":{"start":{"line":71,"column":22},"end":{"line":71,"column":24}},"44":{"start":{"line":72,"column":21},"end":{"line":72,"column":71}},"45":{"start":{"line":74,"column":6},"end":{"line":78,"column":null}},"46":{"start":{"line":75,"column":8},"end":{"line":75,"column":52}},"47":{"start":{"line":77,"column":8},"end":{"line":77,"column":48}},"48":{"start":{"line":83,"column":19},"end":{"line":88,"column":6}},"49":{"start":{"line":89,"column":4},"end":{"line":91,"column":22}},"50":{"start":{"line":90,"column":6},"end":{"line":90,"column":50}},"51":{"start":{"line":95,"column":4},"end":{"line":103,"column":null}},"52":{"start":{"line":98,"column":21},"end":{"line":98,"column":43}},"53":{"start":{"line":99,"column":10},"end":{"line":99,"column":80}},"54":{"start":{"line":100,"column":10},"end":{"line":100,"column":52}},"55":{"start":{"line":102,"column":8},"end":{"line":102,"column":14}},"56":{"start":{"line":125,"column":4},"end":{"line":134,"column":null}},"57":{"start":{"line":126,"column":38},"end":{"line":127,"column":null}},"58":{"start":{"line":129,"column":6},"end":{"line":129,"column":67}},"59":{"start":{"line":129,"column":49},"end":{"line":129,"column":67}},"60":{"start":{"line":131,"column":6},"end":{"line":131,"column":60}},"61":{"start":{"line":132,"column":11},"end":{"line":134,"column":null}},"62":{"start":{"line":133,"column":6},"end":{"line":133,"column":41}},"63":{"start":{"line":136,"column":4},"end":{"line":136,"column":59}},"64":{"start":{"line":136,"column":32},"end":{"line":136,"column":59}},"65":{"start":{"line":137,"column":4},"end":{"line":137,"column":39}},"66":{"start":{"line":139,"column":4},"end":{"line":139,"column":19}},"67":{"start":{"line":19,"column":0},"end":{"line":19,"column":13}}},"fnMap":{"0":{"name":"(anonymous_0)","decl":{"start":{"line":35,"column":2},"end":{"line":35,"column":null}},"loc":{"start":{"line":38,"column":27},"end":{"line":39,"column":6}}},"1":{"name":"(anonymous_1)","decl":{"start":{"line":106,"column":20},"end":{"line":106,"column":21}},"loc":{"start":{"line":106,"column":66},"end":{"line":111,"column":3}}},"2":{"name":"(anonymous_2)","decl":{"start":{"line":113,"column":19},"end":{"line":113,"column":20}},"loc":{"start":{"line":113,"column":78},"end":{"line":118,"column":3}}},"3":{"name":"(anonymous_3)","decl":{"start":{"line":45,"column":2},"end":{"line":45,"column":11}},"loc":{"start":{"line":45,"column":36},"end":{"line":56,"column":3}}},"4":{"name":"(anonymous_4)","decl":{"start":{"line":46,"column":42},"end":{"line":46,"column":43}},"loc":{"start":{"line":47,"column":6},"end":{"line":47,"column":63}}},"5":{"name":"(anonymous_5)","decl":{"start":{"line":47,"column":30},"end":{"line":47,"column":31}},"loc":{"start":{"line":47,"column":37},"end":{"line":47,"column":62}}},"6":{"name":"(anonymous_6)","decl":{"start":{"line":58,"column":2},"end":{"line":58,"column":6}},"loc":{"start":{"line":58,"column":6},"end":{"line":61,"column":3}}},"7":{"name":"(anonymous_7)","decl":{"start":{"line":64,"column":2},"end":{"line":64,"column":7}},"loc":{"start":{"line":64,"column":15},"end":{"line":80,"column":3}}},"8":{"name":"(anonymous_8)","decl":{"start":{"line":82,"column":2},"end":{"line":82,"column":7}},"loc":{"start":{"line":82,"column":37},"end":{"line":92,"column":3}}},"9":{"name":"(anonymous_9)","decl":{"start":{"line":94,"column":2},"end":{"line":94,"column":18}},"loc":{"start":{"line":94,"column":37},"end":{"line":104,"column":3}}},"10":{"name":"(anonymous_10)","decl":{"start":{"line":120,"column":10},"end":{"line":120,"column":19}},"loc":{"start":{"line":123,"column":26},"end":{"line":140,"column":3}}}},"branchMap":{"0":{"loc":{"start":{"line":108,"column":4},"end":{"line":108,"column":34}},"type":"if","locations":[{"start":{"line":108,"column":4},"end":{"line":108,"column":34}},{"start":{"line":108,"column":4},"end":{"line":108,"column":34}}]},"1":{"loc":{"start":{"line":115,"column":4},"end":{"line":115,"column":34}},"type":"if","locations":[{"start":{"line":115,"column":4},"end":{"line":115,"column":34}},{"start":{"line":115,"column":4},"end":{"line":115,"column":34}}]},"2":{"loc":{"start":{"line":49,"column":4},"end":{"line":55,"column":null}},"type":"if","locations":[{"start":{"line":49,"column":4},"end":{"line":55,"column":null}},{"start":{"line":49,"column":4},"end":{"line":55,"column":null}}]},"3":{"loc":{"start":{"line":49,"column":8},"end":{"line":49,"column":24}},"type":"binary-expr","locations":[{"start":{"line":49,"column":8},"end":{"line":49,"column":24}},{"start":{"line":49,"column":28},"end":{"line":49,"column":43}}]},"4":{"loc":{"start":{"line":60,"column":4},"end":{"line":60,"column":65}},"type":"if","locations":[{"start":{"line":60,"column":4},"end":{"line":60,"column":65}},{"start":{"line":60,"column":4},"end":{"line":60,"column":65}}]},"5":{"loc":{"start":{"line":65,"column":4},"end":{"line":65,"column":33}},"type":"if","locations":[{"start":{"line":65,"column":4},"end":{"line":65,"column":33}},{"start":{"line":65,"column":4},"end":{"line":65,"column":33}}]},"6":{"loc":{"start":{"line":96,"column":6},"end":{"line":102,"column":14}},"type":"switch","locations":[{"start":{"line":96,"column":6},"end":{"line":102,"column":14}}]},"7":{"loc":{"start":{"line":125,"column":4},"end":{"line":134,"column":null}},"type":"if","locations":[{"start":{"line":125,"column":4},"end":{"line":134,"column":null}},{"start":{"line":125,"column":4},"end":{"line":134,"column":null}}]},"8":{"loc":{"start":{"line":129,"column":6},"end":{"line":129,"column":67}},"type":"if","locations":[{"start":{"line":129,"column":6},"end":{"line":129,"column":67}},{"start":{"line":129,"column":6},"end":{"line":129,"column":67}}]},"9":{"loc":{"start":{"line":132,"column":11},"end":{"line":134,"column":null}},"type":"if","locations":[{"start":{"line":132,"column":11},"end":{"line":134,"column":null}},{"start":{"line":132,"column":11},"end":{"line":134,"column":null}}]},"10":{"loc":{"start":{"line":136,"column":4},"end":{"line":136,"column":59}},"type":"if","locations":[{"start":{"line":136,"column":4},"end":{"line":136,"column":59}},{"start":{"line":136,"column":4},"end":{"line":136,"column":59}}]}},"s":{"0":7,"1":7,"2":7,"3":7,"4":7,"5":7,"6":6,"7":6,"8":6,"9":6,"10":6,"11":6,"12":6,"13":6,"14":6,"15":6,"16":6,"17":6,"18":6,"19":6,"20":6,"21":3,"22":3,"23":0,"24":3,"25":6,"26":0,"27":0,"28":0,"29":0,"30":6,"31":6,"32":24,"33":6,"34":0,"35":0,"36":0,"37":0,"38":3,"39":0,"40":3,"41":3,"42":3,"43":0,"44":0,"45":0,"46":0,"47":0,"48":0,"49":0,"50":0,"51":0,"52":0,"53":0,"54":0,"55":0,"56":3,"57":0,"58":0,"59":0,"60":0,"61":3,"62":0,"63":3,"64":3,"65":3,"66":3,"67":7},"f":{"0":6,"1":3,"2":0,"3":6,"4":6,"5":24,"6":0,"7":3,"8":0,"9":0,"10":3},"b":{"0":[0,3],"1":[0,0],"2":[0,6],"3":[6,0],"4":[0,0],"5":[0,3],"6":[0],"7":[0,3],"8":[0,0],"9":[0,3],"10":[3,0]}}
,"/home/shin/Documents/code/webrtc/werift/werift-webrtc/packages/webrtc/src/media/rtpSender.ts": {"path":"/home/shin/Documents/code/webrtc/werift/werift-webrtc/packages/webrtc/src/media/rtpSender.ts","statementMap":{"0":{"start":{"line":1,"column":0},"end":{"line":1,"column":37}},"1":{"start":{"line":2,"column":0},"end":{"line":2,"column":26}},"2":{"start":{"line":3,"column":0},"end":{"line":3,"column":32}},"3":{"start":{"line":4,"column":0},"end":{"line":4,"column":28}},"4":{"start":{"line":5,"column":0},"end":{"line":5,"column":29}},"5":{"start":{"line":6,"column":0},"end":{"line":6,"column":null}},"6":{"start":{"line":21,"column":0},"end":{"line":21,"column":55}},"7":{"start":{"line":22,"column":0},"end":{"line":22,"column":62}},"8":{"start":{"line":23,"column":0},"end":{"line":23,"column":34}},"9":{"start":{"line":26,"column":0},"end":{"line":26,"column":68}},"10":{"start":{"line":28,"column":0},"end":{"line":28,"column":75}},"11":{"start":{"line":29,"column":0},"end":{"line":29,"column":43}},"12":{"start":{"line":31,"column":12},"end":{"line":31,"column":44}},"13":{"start":{"line":33,"column":25},"end":{"line":33,"column":28}},"14":{"start":{"line":34,"column":18},"end":{"line":34,"column":22}},"15":{"start":{"line":71,"column":11},"end":{"line":71,"column":47}},"16":{"start":{"line":72,"column":11},"end":{"line":72,"column":42}},"17":{"start":{"line":37,"column":11},"end":{"line":37,"column":27}},"18":{"start":{"line":38,"column":11},"end":{"line":41,"column":30}},"19":{"start":{"line":42,"column":11},"end":{"line":42,"column":57}},"20":{"start":{"line":43,"column":11},"end":{"line":43,"column":32}},"21":{"start":{"line":44,"column":11},"end":{"line":44,"column":31}},"22":{"start":{"line":45,"column":11},"end":{"line":45,"column":33}},"23":{"start":{"line":46,"column":11},"end":{"line":46,"column":46}},"24":{"start":{"line":47,"column":11},"end":{"line":47,"column":54}},"25":{"start":{"line":55,"column":10},"end":{"line":55,"column":28}},"26":{"start":{"line":56,"column":10},"end":{"line":56,"column":27}},"27":{"start":{"line":57,"column":10},"end":{"line":57,"column":25}},"28":{"start":{"line":58,"column":10},"end":{"line":58,"column":26}},"29":{"start":{"line":64,"column":10},"end":{"line":64,"column":30}},"30":{"start":{"line":65,"column":10},"end":{"line":65,"column":24}},"31":{"start":{"line":66,"column":10},"end":{"line":66,"column":37}},"32":{"start":{"line":102,"column":2},"end":{"line":102,"column":21}},"33":{"start":{"line":74,"column":4},"end":{"line":78,"column":7}},"34":{"start":{"line":75,"column":6},"end":{"line":77,"column":null}},"35":{"start":{"line":76,"column":8},"end":{"line":76,"column":31}},"36":{"start":{"line":79,"column":4},"end":{"line":81,"column":null}},"37":{"start":{"line":80,"column":6},"end":{"line":80,"column":38}},"38":{"start":{"line":85,"column":4},"end":{"line":85,"column":57}},"39":{"start":{"line":85,"column":23},"end":{"line":85,"column":57}},"40":{"start":{"line":87,"column":4},"end":{"line":87,"column":47}},"41":{"start":{"line":87,"column":27},"end":{"line":87,"column":47}},"42":{"start":{"line":88,"column":28},"end":{"line":90,"column":6}},"43":{"start":{"line":89,"column":6},"end":{"line":89,"column":45}},"44":{"start":{"line":89,"column":27},"end":{"line":89,"column":45}},"45":{"start":{"line":91,"column":4},"end":{"line":91,"column":36}},"46":{"start":{"line":95,"column":4},"end":{"line":95,"column":52}},"47":{"start":{"line":99,"column":4},"end":{"line":99,"column":28}},"48":{"start":{"line":104,"column":4},"end":{"line":104,"column":32}},"49":{"start":{"line":104,"column":25},"end":{"line":104,"column":32}},"50":{"start":{"line":105,"column":4},"end":{"line":105,"column":27}},"51":{"start":{"line":107,"column":4},"end":{"line":143,"column":null}},"52":{"start":{"line":108,"column":6},"end":{"line":108,"column":46}},"53":{"start":{"line":110,"column":36},"end":{"line":120,"column":8}},"54":{"start":{"line":121,"column":6},"end":{"line":134,"column":null}},"55":{"start":{"line":122,"column":8},"end":{"line":133,"column":10}},"56":{"start":{"line":135,"column":6},"end":{"line":135,"column":58}},"57":{"start":{"line":136,"column":6},"end":{"line":136,"column":39}},"58":{"start":{"line":138,"column":6},"end":{"line":142,"column":null}},"59":{"start":{"line":139,"column":8},"end":{"line":139,"column":51}},"60":{"start":{"line":141,"column":8},"end":{"line":141,"column":48}},"61":{"start":{"line":147,"column":4},"end":{"line":147,"column":57}},"62":{"start":{"line":147,"column":23},"end":{"line":147,"column":57}},"63":{"start":{"line":149,"column":4},"end":{"line":154,"column":null}},"64":{"start":{"line":151,"column":8},"end":{"line":151,"column":72}},"65":{"start":{"line":153,"column":6},"end":{"line":153,"column":30}},"66":{"start":{"line":156,"column":4},"end":{"line":156,"column":30}},"67":{"start":{"line":160,"column":4},"end":{"line":162,"column":null}},"68":{"start":{"line":161,"column":6},"end":{"line":161,"column":71}},"69":{"start":{"line":163,"column":4},"end":{"line":167,"column":null}},"70":{"start":{"line":164,"column":6},"end":{"line":166,"column":8}},"71":{"start":{"line":168,"column":4},"end":{"line":168,"column":23}},"72":{"start":{"line":169,"column":4},"end":{"line":169,"column":75}},"73":{"start":{"line":173,"column":4},"end":{"line":173,"column":48}},"74":{"start":{"line":173,"column":41},"end":{"line":173,"column":48}},"75":{"start":{"line":175,"column":4},"end":{"line":175,"column":66}},"76":{"start":{"line":177,"column":19},"end":{"line":177,"column":29}},"77":{"start":{"line":178,"column":4},"end":{"line":178,"column":28}},"78":{"start":{"line":180,"column":4},"end":{"line":182,"column":6}},"79":{"start":{"line":183,"column":4},"end":{"line":183,"column":77}},"80":{"start":{"line":184,"column":4},"end":{"line":184,"column":38}},"81":{"start":{"line":185,"column":4},"end":{"line":185,"column":48}},"82":{"start":{"line":187,"column":4},"end":{"line":187,"column":44}},"83":{"start":{"line":189,"column":4},"end":{"line":222,"column":39}},"84":{"start":{"line":192,"column":8},"end":{"line":219,"column":null}},"85":{"start":{"line":194,"column":12},"end":{"line":195,"column":59}},"86":{"start":{"line":195,"column":14},"end":{"line":195,"column":59}},"87":{"start":{"line":196,"column":12},"end":{"line":196,"column":18}},"88":{"start":{"line":198,"column":12},"end":{"line":199,"column":57}},"89":{"start":{"line":199,"column":14},"end":{"line":199,"column":57}},"90":{"start":{"line":200,"column":12},"end":{"line":200,"column":18}},"91":{"start":{"line":203,"column":14},"end":{"line":206,"column":16}},"92":{"start":{"line":207,"column":14},"end":{"line":210,"column":16}},"93":{"start":{"line":212,"column":12},"end":{"line":212,"column":18}},"94":{"start":{"line":214,"column":24},"end":{"line":214,"column":39}},"95":{"start":{"line":215,"column":25},"end":{"line":215,"column":57}},"96":{"start":{"line":216,"column":12},"end":{"line":216,"column":48}},"97":{"start":{"line":217,"column":12},"end":{"line":217,"column":26}},"98":{"start":{"line":218,"column":12},"end":{"line":218,"column":18}},"99":{"start":{"line":220,"column":8},"end":{"line":220,"column":58}},"100":{"start":{"line":220,"column":21},"end":{"line":220,"column":58}},"101":{"start":{"line":222,"column":21},"end":{"line":222,"column":22}},"102":{"start":{"line":224,"column":4},"end":{"line":224,"column":34}},"103":{"start":{"line":225,"column":4},"end":{"line":225,"column":45}},"104":{"start":{"line":226,"column":4},"end":{"line":226,"column":42}},"105":{"start":{"line":227,"column":4},"end":{"line":227,"column":71}},"106":{"start":{"line":229,"column":4},"end":{"line":229,"column":24}},"107":{"start":{"line":230,"column":4},"end":{"line":230,"column":28}},"108":{"start":{"line":231,"column":4},"end":{"line":231,"column":59}},"109":{"start":{"line":233,"column":17},"end":{"line":233,"column":64}},"110":{"start":{"line":235,"column":4},"end":{"line":235,"column":19}},"111":{"start":{"line":236,"column":31},"end":{"line":241,"column":6}},"112":{"start":{"line":242,"column":4},"end":{"line":242,"column":43}},"113":{"start":{"line":246,"column":4},"end":{"line":293,"column":null}},"114":{"start":{"line":250,"column":25},"end":{"line":250,"column":66}},"115":{"start":{"line":251,"column":10},"end":{"line":263,"column":15}},"116":{"start":{"line":252,"column":32},"end":{"line":252,"column":57}},"117":{"start":{"line":254,"column":14},"end":{"line":262,"column":null}},"118":{"start":{"line":256,"column":18},"end":{"line":256,"column":73}},"119":{"start":{"line":257,"column":16},"end":{"line":261,"column":null}},"120":{"start":{"line":258,"column":18},"end":{"line":258,"column":33}},"121":{"start":{"line":260,"column":18},"end":{"line":260,"column":74}},"122":{"start":{"line":265,"column":8},"end":{"line":265,"column":14}},"123":{"start":{"line":268,"column":25},"end":{"line":268,"column":65}},"124":{"start":{"line":269,"column":10},"end":{"line":290,"column":null}},"125":{"start":{"line":272,"column":33},"end":{"line":272,"column":67}},"126":{"start":{"line":273,"column":16},"end":{"line":273,"column":53}},"127":{"start":{"line":275,"column":14},"end":{"line":275,"column":20}},"128":{"start":{"line":278,"column":33},"end":{"line":278,"column":63}},"129":{"start":{"line":280,"column":16},"end":{"line":287,"column":19}},"130":{"start":{"line":281,"column":30},"end":{"line":282,"column":null}},"131":{"start":{"line":282,"column":29},"end":{"line":282,"column":65}},"132":{"start":{"line":284,"column":18},"end":{"line":286,"column":null}},"133":{"start":{"line":285,"column":20},"end":{"line":285,"column":72}},"134":{"start":{"line":289,"column":14},"end":{"line":289,"column":20}},"135":{"start":{"line":292,"column":8},"end":{"line":292,"column":14}},"136":{"start":{"line":294,"column":4},"end":{"line":294,"column":36}},"137":{"start":{"line":36,"column":0},"end":{"line":36,"column":13}}},"fnMap":{"0":{"name":"(anonymous_0)","decl":{"start":{"line":70,"column":2},"end":{"line":70,"column":null}},"loc":{"start":{"line":72,"column":42},"end":{"line":82,"column":3}}},"1":{"name":"(anonymous_1)","decl":{"start":{"line":74,"column":42},"end":{"line":74,"column":43}},"loc":{"start":{"line":74,"column":52},"end":{"line":78,"column":5}}},"2":{"name":"(anonymous_2)","decl":{"start":{"line":84,"column":10},"end":{"line":84,"column":23}},"loc":{"start":{"line":84,"column":47},"end":{"line":92,"column":3}}},"3":{"name":"(anonymous_3)","decl":{"start":{"line":88,"column":57},"end":{"line":88,"column":58}},"loc":{"start":{"line":88,"column":65},"end":{"line":90,"column":5}}},"4":{"name":"(anonymous_4)","decl":{"start":{"line":94,"column":2},"end":{"line":94,"column":6}},"loc":{"start":{"line":94,"column":11},"end":{"line":96,"column":3}}},"5":{"name":"(anonymous_5)","decl":{"start":{"line":98,"column":2},"end":{"line":98,"column":6}},"loc":{"start":{"line":98,"column":6},"end":{"line":100,"column":3}}},"6":{"name":"(anonymous_6)","decl":{"start":{"line":103,"column":2},"end":{"line":103,"column":7}},"loc":{"start":{"line":103,"column":15},"end":{"line":144,"column":3}}},"7":{"name":"(anonymous_7)","decl":{"start":{"line":146,"column":2},"end":{"line":146,"column":7}},"loc":{"start":{"line":146,"column":44},"end":{"line":157,"column":3}}},"8":{"name":"(anonymous_8)","decl":{"start":{"line":159,"column":10},"end":{"line":159,"column":20}},"loc":{"start":{"line":159,"column":61},"end":{"line":170,"column":3}}},"9":{"name":"(anonymous_9)","decl":{"start":{"line":172,"column":2},"end":{"line":172,"column":9}},"loc":{"start":{"line":172,"column":33},"end":{"line":243,"column":3}}},"10":{"name":"(anonymous_10)","decl":{"start":{"line":190,"column":11},"end":{"line":190,"column":12}},"loc":{"start":{"line":190,"column":25},"end":{"line":221,"column":7}}},"11":{"name":"(anonymous_11)","decl":{"start":{"line":222,"column":14},"end":{"line":222,"column":15}},"loc":{"start":{"line":222,"column":21},"end":{"line":222,"column":22}}},"12":{"name":"(anonymous_12)","decl":{"start":{"line":245,"column":2},"end":{"line":245,"column":18}},"loc":{"start":{"line":245,"column":41},"end":{"line":295,"column":3}}},"13":{"name":"(anonymous_13)","decl":{"start":{"line":252,"column":20},"end":{"line":252,"column":21}},"loc":{"start":{"line":252,"column":32},"end":{"line":252,"column":57}}},"14":{"name":"(anonymous_14)","decl":{"start":{"line":253,"column":21},"end":{"line":253,"column":22}},"loc":{"start":{"line":253,"column":32},"end":{"line":263,"column":13}}},"15":{"name":"(anonymous_15)","decl":{"start":{"line":280,"column":38},"end":{"line":280,"column":39}},"loc":{"start":{"line":280,"column":49},"end":{"line":287,"column":17}}},"16":{"name":"(anonymous_16)","decl":{"start":{"line":282,"column":20},"end":{"line":282,"column":21}},"loc":{"start":{"line":282,"column":29},"end":{"line":282,"column":65}}}},"branchMap":{"0":{"loc":{"start":{"line":40,"column":8},"end":{"line":40,"column":24}},"type":"cond-expr","locations":[{"start":{"line":40,"column":8},"end":{"line":40,"column":24}},{"start":{"line":41,"column":8},"end":{"line":41,"column":29}}]},"1":{"loc":{"start":{"line":75,"column":6},"end":{"line":77,"column":null}},"type":"if","locations":[{"start":{"line":75,"column":6},"end":{"line":77,"column":null}},{"start":{"line":75,"column":6},"end":{"line":77,"column":null}}]},"2":{"loc":{"start":{"line":79,"column":4},"end":{"line":81,"column":null}},"type":"if","locations":[{"start":{"line":79,"column":4},"end":{"line":81,"column":null}},{"start":{"line":79,"column":4},"end":{"line":81,"column":null}}]},"3":{"loc":{"start":{"line":85,"column":4},"end":{"line":85,"column":57}},"type":"if","locations":[{"start":{"line":85,"column":4},"end":{"line":85,"column":57}},{"start":{"line":85,"column":4},"end":{"line":85,"column":57}}]},"4":{"loc":{"start":{"line":87,"column":4},"end":{"line":87,"column":47}},"type":"if","locations":[{"start":{"line":87,"column":4},"end":{"line":87,"column":47}},{"start":{"line":87,"column":4},"end":{"line":87,"column":47}}]},"5":{"loc":{"start":{"line":89,"column":6},"end":{"line":89,"column":45}},"type":"if","locations":[{"start":{"line":89,"column":6},"end":{"line":89,"column":45}},{"start":{"line":89,"column":6},"end":{"line":89,"column":45}}]},"6":{"loc":{"start":{"line":104,"column":4},"end":{"line":104,"column":32}},"type":"if","locations":[{"start":{"line":104,"column":4},"end":{"line":104,"column":32}},{"start":{"line":104,"column":4},"end":{"line":104,"column":32}}]},"7":{"loc":{"start":{"line":121,"column":6},"end":{"line":134,"column":null}},"type":"if","locations":[{"start":{"line":121,"column":6},"end":{"line":134,"column":null}},{"start":{"line":121,"column":6},"end":{"line":134,"column":null}}]},"8":{"loc":{"start":{"line":147,"column":4},"end":{"line":147,"column":57}},"type":"if","locations":[{"start":{"line":147,"column":4},"end":{"line":147,"column":57}},{"start":{"line":147,"column":4},"end":{"line":147,"column":57}}]},"9":{"loc":{"start":{"line":149,"column":4},"end":{"line":154,"column":null}},"type":"if","locations":[{"start":{"line":149,"column":4},"end":{"line":154,"column":null}},{"start":{"line":149,"column":4},"end":{"line":154,"column":null}}]},"10":{"loc":{"start":{"line":151,"column":8},"end":{"line":151,"column":20}},"type":"binary-expr","locations":[{"start":{"line":151,"column":8},"end":{"line":151,"column":20}},{"start":{"line":151,"column":24},"end":{"line":151,"column":72}}]},"11":{"loc":{"start":{"line":160,"column":4},"end":{"line":162,"column":null}},"type":"if","locations":[{"start":{"line":160,"column":4},"end":{"line":162,"column":null}},{"start":{"line":160,"column":4},"end":{"line":162,"column":null}}]},"12":{"loc":{"start":{"line":163,"column":4},"end":{"line":167,"column":null}},"type":"if","locations":[{"start":{"line":163,"column":4},"end":{"line":167,"column":null}},{"start":{"line":163,"column":4},"end":{"line":167,"column":null}}]},"13":{"loc":{"start":{"line":173,"column":4},"end":{"line":173,"column":48}},"type":"if","locations":[{"start":{"line":173,"column":4},"end":{"line":173,"column":48}},{"start":{"line":173,"column":4},"end":{"line":173,"column":48}}]},"14":{"loc":{"start":{"line":173,"column":8},"end":{"line":173,"column":19}},"type":"binary-expr","locations":[{"start":{"line":173,"column":8},"end":{"line":173,"column":19}},{"start":{"line":173,"column":23},"end":{"line":173,"column":39}}]},"15":{"loc":{"start":{"line":175,"column":33},"end":{"line":175,"column":59}},"type":"cond-expr","locations":[{"start":{"line":175,"column":33},"end":{"line":175,"column":59}},{"start":{"line":175,"column":62},"end":{"line":175,"column":65}}]},"16":{"loc":{"start":{"line":193,"column":10},"end":{"line":196,"column":18}},"type":"switch","locations":[{"start":{"line":193,"column":10},"end":{"line":196,"column":18}},{"start":{"line":197,"column":10},"end":{"line":200,"column":18}},{"start":{"line":201,"column":10},"end":{"line":212,"column":18}},{"start":{"line":213,"column":10},"end":{"line":218,"column":18}}]},"17":{"loc":{"start":{"line":194,"column":12},"end":{"line":195,"column":59}},"type":"if","locations":[{"start":{"line":194,"column":12},"end":{"line":195,"column":59}},{"start":{"line":194,"column":12},"end":{"line":195,"column":59}}]},"18":{"loc":{"start":{"line":198,"column":12},"end":{"line":199,"column":57}},"type":"if","locations":[{"start":{"line":198,"column":12},"end":{"line":199,"column":57}},{"start":{"line":198,"column":12},"end":{"line":199,"column":57}}]},"19":{"loc":{"start":{"line":220,"column":8},"end":{"line":220,"column":58}},"type":"if","locations":[{"start":{"line":220,"column":8},"end":{"line":220,"column":58}},{"start":{"line":220,"column":8},"end":{"line":220,"column":58}}]},"20":{"loc":{"start":{"line":247,"column":6},"end":{"line":247,"column":29}},"type":"switch","locations":[{"start":{"line":247,"column":6},"end":{"line":247,"column":29}},{"start":{"line":248,"column":6},"end":{"line":265,"column":14}},{"start":{"line":266,"column":6},"end":{"line":292,"column":14}}]},"21":{"loc":{"start":{"line":254,"column":14},"end":{"line":262,"column":null}},"type":"if","locations":[{"start":{"line":254,"column":14},"end":{"line":262,"column":null}},{"start":{"line":254,"column":14},"end":{"line":262,"column":null}}]},"22":{"loc":{"start":{"line":254,"column":18},"end":{"line":254,"column":49}},"type":"binary-expr","locations":[{"start":{"line":254,"column":18},"end":{"line":254,"column":49}},{"start":{"line":254,"column":53},"end":{"line":254,"column":64}}]},"23":{"loc":{"start":{"line":257,"column":16},"end":{"line":261,"column":null}},"type":"if","locations":[{"start":{"line":257,"column":16},"end":{"line":261,"column":null}},{"start":{"line":257,"column":16},"end":{"line":261,"column":null}}]},"24":{"loc":{"start":{"line":270,"column":12},"end":{"line":275,"column":20}},"type":"switch","locations":[{"start":{"line":270,"column":12},"end":{"line":275,"column":20}},{"start":{"line":276,"column":12},"end":{"line":289,"column":20}}]},"25":{"loc":{"start":{"line":284,"column":18},"end":{"line":286,"column":null}},"type":"if","locations":[{"start":{"line":284,"column":18},"end":{"line":286,"column":null}},{"start":{"line":284,"column":18},"end":{"line":286,"column":null}}]}},"s":{"0":7,"1":7,"2":7,"3":7,"4":7,"5":7,"6":7,"7":7,"8":7,"9":7,"10":7,"11":7,"12":7,"13":7,"14":7,"15":8,"16":8,"17":8,"18":8,"19":8,"20":8,"21":8,"22":8,"23":8,"24":8,"25":8,"26":8,"27":8,"28":8,"29":8,"30":8,"31":8,"32":8,"33":8,"34":8,"35":4,"36":8,"37":5,"38":6,"39":0,"40":6,"41":1,"42":6,"43":7,"44":7,"45":6,"46":7,"47":0,"48":3,"49":0,"50":3,"51":3,"52":3,"53":0,"54":0,"55":0,"56":0,"57":0,"58":0,"59":0,"60":0,"61":1,"62":0,"63":1,"64":0,"65":0,"66":1,"67":0,"68":0,"69":0,"70":0,"71":0,"72":0,"73":7,"74":4,"75":3,"76":3,"77":3,"78":3,"79":3,"80":3,"81":3,"82":3,"83":3,"84":0,"85":0,"86":0,"87":0,"88":0,"89":0,"90":0,"91":0,"92":0,"93":0,"94":0,"95":0,"96":0,"97":0,"98":0,"99":0,"100":0,"101":0,"102":3,"103":3,"104":3,"105":3,"106":3,"107":3,"108":3,"109":3,"110":3,"111":3,"112":3,"113":0,"114":0,"115":0,"116":0,"117":0,"118":0,"119":0,"120":0,"121":0,"122":0,"123":0,"124":0,"125":0,"126":0,"127":0,"128":0,"129":0,"130":0,"131":0,"132":0,"133":0,"134":0,"135":0,"136":0,"137":7},"f":{"0":8,"1":8,"2":6,"3":7,"4":7,"5":0,"6":3,"7":1,"8":0,"9":7,"10":0,"11":0,"12":0,"13":0,"14":0,"15":0,"16":0},"b":{"0":[3,5],"1":[4,4],"2":[5,3],"3":[0,6],"4":[1,5],"5":[7,0],"6":[0,3],"7":[0,0],"8":[0,1],"9":[0,1],"10":[0,0],"11":[0,0],"12":[0,0],"13":[4,3],"14":[7,3],"15":[0,3],"16":[0,0,0,0],"17":[0,0],"18":[0,0],"19":[0,0],"20":[0,0,0],"21":[0,0],"22":[0,0],"23":[0,0],"24":[0,0],"25":[0,0]}}
,"/home/shin/Documents/code/webrtc/werift/werift-webrtc/packages/webrtc/src/media/rtpTransceiver.ts": {"path":"/home/shin/Documents/code/webrtc/werift/werift-webrtc/packages/webrtc/src/media/rtpTransceiver.ts","statementMap":{"0":{"start":{"line":1,"column":0},"end":{"line":1,"column":26}},"1":{"start":{"line":2,"column":0},"end":{"line":2,"column":28}},"2":{"start":{"line":3,"column":0},"end":{"line":3,"column":29}},"3":{"start":{"line":14,"column":12},"end":{"line":14,"column":49}},"4":{"start":{"line":34,"column":20},"end":{"line":34,"column":30}},"5":{"start":{"line":35,"column":20},"end":{"line":35,"column":44}},"6":{"start":{"line":36,"column":20},"end":{"line":36,"column":40}},"7":{"start":{"line":37,"column":11},"end":{"line":37,"column":31}},"8":{"start":{"line":38,"column":11},"end":{"line":38,"column":42}},"9":{"start":{"line":17,"column":11},"end":{"line":17,"column":28}},"10":{"start":{"line":18,"column":11},"end":{"line":18,"column":53}},"11":{"start":{"line":21,"column":2},"end":{"line":21,"column":40}},"12":{"start":{"line":29,"column":2},"end":{"line":29,"column":59}},"13":{"start":{"line":30,"column":2},"end":{"line":30,"column":44}},"14":{"start":{"line":31,"column":2},"end":{"line":31,"column":19}},"15":{"start":{"line":23,"column":4},"end":{"line":23,"column":24}},"16":{"start":{"line":26,"column":4},"end":{"line":26,"column":26}},"17":{"start":{"line":27,"column":4},"end":{"line":27,"column":34}},"18":{"start":{"line":42,"column":4},"end":{"line":42,"column":60}},"19":{"start":{"line":46,"column":18},"end":{"line":49,"column":6}},"20":{"start":{"line":47,"column":6},"end":{"line":47,"column":44}},"21":{"start":{"line":47,"column":17},"end":{"line":47,"column":44}},"22":{"start":{"line":48,"column":6},"end":{"line":48,"column":47}},"23":{"start":{"line":48,"column":18},"end":{"line":48,"column":47}},"24":{"start":{"line":50,"column":4},"end":{"line":55,"column":null}},"25":{"start":{"line":51,"column":6},"end":{"line":51,"column":39}},"26":{"start":{"line":52,"column":6},"end":{"line":52,"column":68}},"27":{"start":{"line":52,"column":22},"end":{"line":52,"column":68}},"28":{"start":{"line":53,"column":6},"end":{"line":53,"column":65}},"29":{"start":{"line":53,"column":21},"end":{"line":53,"column":65}},"30":{"start":{"line":54,"column":6},"end":{"line":54,"column":34}},"31":{"start":{"line":16,"column":0},"end":{"line":16,"column":13}},"32":{"start":{"line":59,"column":13},"end":{"line":64,"column":11}}},"fnMap":{"0":{"name":"(anonymous_0)","decl":{"start":{"line":33,"column":2},"end":{"line":33,"column":null}},"loc":{"start":{"line":38,"column":42},"end":{"line":39,"column":6}}},"1":{"name":"(anonymous_1)","decl":{"start":{"line":22,"column":2},"end":{"line":22,"column":6}},"loc":{"start":{"line":22,"column":12},"end":{"line":24,"column":3}}},"2":{"name":"(anonymous_2)","decl":{"start":{"line":25,"column":2},"end":{"line":25,"column":6}},"loc":{"start":{"line":25,"column":44},"end":{"line":28,"column":3}}},"3":{"name":"(anonymous_3)","decl":{"start":{"line":41,"column":2},"end":{"line":41,"column":6}},"loc":{"start":{"line":41,"column":10},"end":{"line":43,"column":3}}},"4":{"name":"(anonymous_4)","decl":{"start":{"line":45,"column":2},"end":{"line":45,"column":10}},"loc":{"start":{"line":45,"column":34},"end":{"line":56,"column":3}}},"5":{"name":"(anonymous_5)","decl":{"start":{"line":46,"column":44},"end":{"line":46,"column":45}},"loc":{"start":{"line":46,"column":50},"end":{"line":49,"column":5}}}},"branchMap":{"0":{"loc":{"start":{"line":47,"column":6},"end":{"line":47,"column":44}},"type":"if","locations":[{"start":{"line":47,"column":6},"end":{"line":47,"column":44}},{"start":{"line":47,"column":6},"end":{"line":47,"column":44}}]},"1":{"loc":{"start":{"line":48,"column":6},"end":{"line":48,"column":47}},"type":"if","locations":[{"start":{"line":48,"column":6},"end":{"line":48,"column":47}},{"start":{"line":48,"column":6},"end":{"line":48,"column":47}}]},"2":{"loc":{"start":{"line":50,"column":4},"end":{"line":55,"column":null}},"type":"if","locations":[{"start":{"line":50,"column":4},"end":{"line":55,"column":null}},{"start":{"line":50,"column":4},"end":{"line":55,"column":null}}]},"3":{"loc":{"start":{"line":52,"column":6},"end":{"line":52,"column":68}},"type":"if","locations":[{"start":{"line":52,"column":6},"end":{"line":52,"column":68}},{"start":{"line":52,"column":6},"end":{"line":52,"column":68}}]},"4":{"loc":{"start":{"line":53,"column":6},"end":{"line":53,"column":65}},"type":"if","locations":[{"start":{"line":53,"column":6},"end":{"line":53,"column":65}},{"start":{"line":53,"column":6},"end":{"line":53,"column":65}}]}},"s":{"0":7,"1":7,"2":7,"3":7,"4":6,"5":6,"6":6,"7":6,"8":6,"9":6,"10":6,"11":6,"12":6,"13":6,"14":6,"15":34,"16":9,"17":9,"18":6,"19":5,"20":0,"21":0,"22":0,"23":0,"24":5,"25":5,"26":5,"27":5,"28":5,"29":0,"30":5,"31":7,"32":7},"f":{"0":6,"1":34,"2":9,"3":6,"4":5,"5":0},"b":{"0":[0,0],"1":[0,0],"2":[5,0],"3":[5,0],"4":[0,5]}}
,"/home/shin/Documents/code/webrtc/werift/werift-webrtc/packages/webrtc/src/media/track.ts": {"path":"/home/shin/Documents/code/webrtc/werift/werift-webrtc/packages/webrtc/src/media/track.ts","statementMap":{"0":{"start":{"line":1,"column":0},"end":{"line":1,"column":28}},"1":{"start":{"line":2,"column":0},"end":{"line":2,"column":56}},"2":{"start":{"line":6,"column":2},"end":{"line":6,"column":35}},"3":{"start":{"line":13,"column":11},"end":{"line":13,"column":51}},"4":{"start":{"line":15,"column":2},"end":{"line":15,"column":18}},"5":{"start":{"line":20,"column":4},"end":{"line":20,"column":31}},"6":{"start":{"line":22,"column":4},"end":{"line":24,"column":7}},"7":{"start":{"line":23,"column":6},"end":{"line":23,"column":31}},"8":{"start":{"line":28,"column":4},"end":{"line":28,"column":24}},"9":{"start":{"line":29,"column":4},"end":{"line":29,"column":33}},"10":{"start":{"line":33,"column":4},"end":{"line":33,"column":60}},"11":{"start":{"line":33,"column":30},"end":{"line":33,"column":60}},"12":{"start":{"line":34,"column":4},"end":{"line":34,"column":29}},"13":{"start":{"line":34,"column":22},"end":{"line":34,"column":29}},"14":{"start":{"line":36,"column":19},"end":{"line":36,"column":74}},"15":{"start":{"line":38,"column":4},"end":{"line":38,"column":38}},"16":{"start":{"line":5,"column":0},"end":{"line":5,"column":13}}},"fnMap":{"0":{"name":"(anonymous_0)","decl":{"start":{"line":17,"column":2},"end":{"line":17,"column":null}},"loc":{"start":{"line":18,"column":69},"end":{"line":25,"column":3}}},"1":{"name":"(anonymous_1)","decl":{"start":{"line":22,"column":32},"end":{"line":22,"column":33}},"loc":{"start":{"line":22,"column":40},"end":{"line":24,"column":5}}},"2":{"name":"(anonymous_2)","decl":{"start":{"line":27,"column":2},"end":{"line":27,"column":6}},"loc":{"start":{"line":27,"column":6},"end":{"line":30,"column":3}}},"3":{"name":"(anonymous_3)","decl":{"start":{"line":32,"column":2},"end":{"line":32,"column":10}},"loc":{"start":{"line":32,"column":34},"end":{"line":39,"column":3}}}},"branchMap":{"0":{"loc":{"start":{"line":33,"column":4},"end":{"line":33,"column":60}},"type":"if","locations":[{"start":{"line":33,"column":4},"end":{"line":33,"column":60}},{"start":{"line":33,"column":4},"end":{"line":33,"column":60}}]},"1":{"loc":{"start":{"line":34,"column":4},"end":{"line":34,"column":29}},"type":"if","locations":[{"start":{"line":34,"column":4},"end":{"line":34,"column":29}},{"start":{"line":34,"column":4},"end":{"line":34,"column":29}}]},"2":{"loc":{"start":{"line":36,"column":42},"end":{"line":36,"column":68}},"type":"cond-expr","locations":[{"start":{"line":36,"column":42},"end":{"line":36,"column":68}},{"start":{"line":36,"column":71},"end":{"line":36,"column":74}}]}},"s":{"0":7,"1":7,"2":11,"3":11,"4":11,"5":11,"6":11,"7":11,"8":1,"9":1,"10":3,"11":0,"12":3,"13":0,"14":3,"15":3,"16":7},"f":{"0":11,"1":11,"2":1,"3":3},"b":{"0":[0,3],"1":[0,3],"2":[3,0]}}
,"/home/shin/Documents/code/webrtc/werift/werift-webrtc/packages/webrtc/src/media/receiver/receiverTwcc.ts": {"path":"/home/shin/Documents/code/webrtc/werift/werift-webrtc/packages/webrtc/src/media/receiver/receiverTwcc.ts","statementMap":{"0":{"start":{"line":1,"column":0},"end":{"line":1,"column":null}},"1":{"start":{"line":9,"column":0},"end":{"line":9,"column":52}},"2":{"start":{"line":11,"column":0},"end":{"line":11,"column":69}},"3":{"start":{"line":25,"column":12},"end":{"line":25,"column":43}},"4":{"start":{"line":26,"column":12},"end":{"line":26,"column":28}},"5":{"start":{"line":27,"column":12},"end":{"line":27,"column":35}},"6":{"start":{"line":16,"column":2},"end":{"line":18,"column":9}},"7":{"start":{"line":19,"column":2},"end":{"line":19,"column":22}},"8":{"start":{"line":21,"column":2},"end":{"line":21,"column":17}},"9":{"start":{"line":29,"column":4},"end":{"line":29,"column":19}},"10":{"start":{"line":33,"column":4},"end":{"line":36,"column":6}},"11":{"start":{"line":38,"column":4},"end":{"line":40,"column":null}},"12":{"start":{"line":39,"column":6},"end":{"line":39,"column":22}},"13":{"start":{"line":44,"column":4},"end":{"line":47,"column":null}},"14":{"start":{"line":45,"column":6},"end":{"line":45,"column":22}},"15":{"start":{"line":46,"column":6},"end":{"line":46,"column":23}},"16":{"start":{"line":51,"column":4},"end":{"line":51,"column":61}},"17":{"start":{"line":51,"column":54},"end":{"line":51,"column":61}},"18":{"start":{"line":52,"column":26},"end":{"line":53,"column":null}},"19":{"start":{"line":53,"column":16},"end":{"line":53,"column":29}},"20":{"start":{"line":56,"column":19},"end":{"line":56,"column":39}},"21":{"start":{"line":57,"column":19},"end":{"line":57,"column":49}},"22":{"start":{"line":59,"column":65},"end":{"line":59,"column":67}},"23":{"start":{"line":60,"column":31},"end":{"line":60,"column":51}},"24":{"start":{"line":61,"column":30},"end":{"line":61,"column":59}},"25":{"start":{"line":65,"column":36},"end":{"line":65,"column":38}},"26":{"start":{"line":67,"column":4},"end":{"line":124,"column":null}},"27":{"start":{"line":67,"column":17},"end":{"line":67,"column":23}},"28":{"start":{"line":69,"column":24},"end":{"line":69,"column":56}},"29":{"start":{"line":71,"column":6},"end":{"line":123,"column":null}},"30":{"start":{"line":72,"column":8},"end":{"line":74,"column":null}},"31":{"start":{"line":73,"column":10},"end":{"line":73,"column":41}},"32":{"start":{"line":75,"column":8},"end":{"line":77,"column":null}},"33":{"start":{"line":76,"column":10},"end":{"line":76,"column":45}},"34":{"start":{"line":79,"column":22},"end":{"line":79,"column":52}},"35":{"start":{"line":80,"column":8},"end":{"line":80,"column":39}},"36":{"start":{"line":82,"column":26},"end":{"line":84,"column":10}},"37":{"start":{"line":85,"column":8},"end":{"line":85,"column":31}},"38":{"start":{"line":86,"column":8},"end":{"line":86,"column":35}},"39":{"start":{"line":89,"column":8},"end":{"line":100,"column":null}},"40":{"start":{"line":93,"column":10},"end":{"line":98,"column":12}},"41":{"start":{"line":99,"column":10},"end":{"line":99,"column":68}},"42":{"start":{"line":102,"column":8},"end":{"line":118,"column":null}},"43":{"start":{"line":103,"column":10},"end":{"line":117,"column":null}},"44":{"start":{"line":104,"column":12},"end":{"line":109,"column":14}},"45":{"start":{"line":111,"column":12},"end":{"line":116,"column":14}},"46":{"start":{"line":120,"column":8},"end":{"line":122,"column":null}},"47":{"start":{"line":121,"column":10},"end":{"line":121,"column":68}},"48":{"start":{"line":126,"column":4},"end":{"line":128,"column":null}},"49":{"start":{"line":127,"column":6},"end":{"line":127,"column":13}},"50":{"start":{"line":130,"column":19},"end":{"line":141,"column":6}},"51":{"start":{"line":143,"column":4},"end":{"line":145,"column":7}},"52":{"start":{"line":144,"column":6},"end":{"line":144,"column":23}},"53":{"start":{"line":146,"column":4},"end":{"line":146,"column":28}},"54":{"start":{"line":147,"column":4},"end":{"line":147,"column":51}},"55":{"start":{"line":15,"column":0},"end":{"line":15,"column":13}}},"fnMap":{"0":{"name":"(anonymous_0)","decl":{"start":{"line":24,"column":2},"end":{"line":24,"column":null}},"loc":{"start":{"line":27,"column":35},"end":{"line":30,"column":3}}},"1":{"name":"(anonymous_1)","decl":{"start":{"line":32,"column":2},"end":{"line":32,"column":12}},"loc":{"start":{"line":32,"column":44},"end":{"line":41,"column":3}}},"2":{"name":"(anonymous_2)","decl":{"start":{"line":43,"column":10},"end":{"line":43,"column":15}},"loc":{"start":{"line":43,"column":23},"end":{"line":48,"column":3}}},"3":{"name":"(anonymous_3)","decl":{"start":{"line":50,"column":10},"end":{"line":50,"column":18}},"loc":{"start":{"line":50,"column":18},"end":{"line":148,"column":3}}},"4":{"name":"(anonymous_4)","decl":{"start":{"line":53,"column":6},"end":{"line":53,"column":7}},"loc":{"start":{"line":53,"column":16},"end":{"line":53,"column":29}}},"5":{"name":"(anonymous_5)","decl":{"start":{"line":143,"column":48},"end":{"line":143,"column":49}},"loc":{"start":{"line":143,"column":56},"end":{"line":145,"column":5}}}},"branchMap":{"0":{"loc":{"start":{"line":38,"column":4},"end":{"line":40,"column":null}},"type":"if","locations":[{"start":{"line":38,"column":4},"end":{"line":40,"column":null}},{"start":{"line":38,"column":4},"end":{"line":40,"column":null}}]},"1":{"loc":{"start":{"line":51,"column":4},"end":{"line":51,"column":61}},"type":"if","locations":[{"start":{"line":51,"column":4},"end":{"line":51,"column":61}},{"start":{"line":51,"column":4},"end":{"line":51,"column":61}}]},"2":{"loc":{"start":{"line":71,"column":6},"end":{"line":123,"column":null}},"type":"if","locations":[{"start":{"line":71,"column":6},"end":{"line":123,"column":null}},{"start":{"line":71,"column":6},"end":{"line":123,"column":null}}]},"3":{"loc":{"start":{"line":72,"column":8},"end":{"line":74,"column":null}},"type":"if","locations":[{"start":{"line":72,"column":8},"end":{"line":74,"column":null}},{"start":{"line":72,"column":8},"end":{"line":74,"column":null}}]},"4":{"loc":{"start":{"line":75,"column":8},"end":{"line":77,"column":null}},"type":"if","locations":[{"start":{"line":75,"column":8},"end":{"line":77,"column":null}},{"start":{"line":75,"column":8},"end":{"line":77,"column":null}}]},"5":{"loc":{"start":{"line":89,"column":8},"end":{"line":100,"column":null}},"type":"if","locations":[{"start":{"line":89,"column":8},"end":{"line":100,"column":null}},{"start":{"line":89,"column":8},"end":{"line":100,"column":null}}]},"6":{"loc":{"start":{"line":90,"column":10},"end":{"line":90,"column":39}},"type":"binary-expr","locations":[{"start":{"line":90,"column":10},"end":{"line":90,"column":39}},{"start":{"line":91,"column":10},"end":{"line":91,"column":52}}]},"7":{"loc":{"start":{"line":102,"column":8},"end":{"line":118,"column":null}},"type":"if","locations":[{"start":{"line":102,"column":8},"end":{"line":118,"column":null}},{"start":{"line":102,"column":8},"end":{"line":118,"column":null}}]},"8":{"loc":{"start":{"line":103,"column":10},"end":{"line":117,"column":null}},"type":"if","locations":[{"start":{"line":103,"column":10},"end":{"line":117,"column":null}},{"start":{"line":103,"column":10},"end":{"line":117,"column":null}}]},"9":{"loc":{"start":{"line":120,"column":8},"end":{"line":122,"column":null}},"type":"if","locations":[{"start":{"line":120,"column":8},"end":{"line":122,"column":null}},{"start":{"line":120,"column":8},"end":{"line":122,"column":null}}]},"10":{"loc":{"start":{"line":126,"column":4},"end":{"line":128,"column":null}},"type":"if","locations":[{"start":{"line":126,"column":4},"end":{"line":128,"column":null}},{"start":{"line":126,"column":4},"end":{"line":128,"column":null}}]}},"s":{"0":7,"1":7,"2":7,"3":0,"4":0,"5":0,"6":0,"7":0,"8":0,"9":0,"10":0,"11":0,"12":0,"13":0,"14":0,"15":0,"16":0,"17":0,"18":0,"19":0,"20":0,"21":0,"22":0,"23":0,"24":0,"25":0,"26":0,"27":0,"28":0,"29":0,"30":0,"31":0,"32":0,"33":0,"34":0,"35":0,"36":0,"37":0,"38":0,"39":0,"40":0,"41":0,"42":0,"43":0,"44":0,"45":0,"46":0,"47":0,"48":0,"49":0,"50":0,"51":0,"52":0,"53":0,"54":0,"55":7},"f":{"0":0,"1":0,"2":0,"3":0,"4":0,"5":0},"b":{"0":[0,0],"1":[0,0],"2":[0,0],"3":[0,0],"4":[0,0],"5":[0,0],"6":[0,0],"7":[0,0],"8":[0,0],"9":[0,0],"10":[0,0]}}
,"/home/shin/Documents/code/webrtc/werift/werift-webrtc/packages/webrtc/src/media/senderBWE/cumulativeResult.ts": {"path":"/home/shin/Documents/code/webrtc/werift/werift-webrtc/packages/webrtc/src/media/senderBWE/cumulativeResult.ts","statementMap":{"0":{"start":{"line":1,"column":0},"end":{"line":1,"column":49}},"1":{"start":{"line":5,"column":2},"end":{"line":5,"column":17}},"2":{"start":{"line":7,"column":2},"end":{"line":7,"column":16}},"3":{"start":{"line":8,"column":2},"end":{"line":8,"column":26}},"4":{"start":{"line":9,"column":2},"end":{"line":9,"column":25}},"5":{"start":{"line":10,"column":2},"end":{"line":10,"column":30}},"6":{"start":{"line":11,"column":2},"end":{"line":11,"column":29}},"7":{"start":{"line":20,"column":4},"end":{"line":34,"column":null}},"8":{"start":{"line":21,"column":6},"end":{"line":21,"column":42}},"9":{"start":{"line":22,"column":6},"end":{"line":22,"column":50}},"10":{"start":{"line":23,"column":6},"end":{"line":23,"column":41}},"11":{"start":{"line":24,"column":6},"end":{"line":24,"column":49}},"12":{"start":{"line":26,"column":6},"end":{"line":27,"column":44}},"13":{"start":{"line":27,"column":8},"end":{"line":27,"column":44}},"14":{"start":{"line":28,"column":6},"end":{"line":29,"column":52}},"15":{"start":{"line":29,"column":8},"end":{"line":29,"column":52}},"16":{"start":{"line":30,"column":6},"end":{"line":31,"column":43}},"17":{"start":{"line":31,"column":8},"end":{"line":31,"column":43}},"18":{"start":{"line":32,"column":6},"end":{"line":33,"column":51}},"19":{"start":{"line":33,"column":8},"end":{"line":33,"column":51}},"20":{"start":{"line":36,"column":4},"end":{"line":36,"column":22}},"21":{"start":{"line":37,"column":4},"end":{"line":37,"column":27}},"22":{"start":{"line":41,"column":4},"end":{"line":41,"column":24}},"23":{"start":{"line":42,"column":4},"end":{"line":42,"column":23}},"24":{"start":{"line":43,"column":4},"end":{"line":43,"column":33}},"25":{"start":{"line":44,"column":4},"end":{"line":44,"column":32}},"26":{"start":{"line":45,"column":4},"end":{"line":45,"column":37}},"27":{"start":{"line":46,"column":4},"end":{"line":46,"column":36}},"28":{"start":{"line":51,"column":6},"end":{"line":51,"column":64}},"29":{"start":{"line":52,"column":20},"end":{"line":52,"column":64}},"30":{"start":{"line":53,"column":4},"end":{"line":53,"column":24}},"31":{"start":{"line":57,"column":27},"end":{"line":57,"column":77}},"32":{"start":{"line":58,"column":20},"end":{"line":58,"column":64}},"33":{"start":{"line":59,"column":4},"end":{"line":59,"column":24}},"34":{"start":{"line":4,"column":0},"end":{"line":4,"column":13}}},"fnMap":{"0":{"name":"(anonymous_0)","decl":{"start":{"line":4,"column":0},"end":{"line":4,"column":13}},"loc":{"start":{"line":4,"column":0},"end":{"line":61,"column":1}}},"1":{"name":"(anonymous_1)","decl":{"start":{"line":19,"column":2},"end":{"line":19,"column":11}},"loc":{"start":{"line":19,"column":64},"end":{"line":38,"column":3}}},"2":{"name":"(anonymous_2)","decl":{"start":{"line":40,"column":2},"end":{"line":40,"column":7}},"loc":{"start":{"line":40,"column":7},"end":{"line":47,"column":3}}},"3":{"name":"(anonymous_3)","decl":{"start":{"line":49,"column":2},"end":{"line":49,"column":6}},"loc":{"start":{"line":49,"column":20},"end":{"line":54,"column":3}}},"4":{"name":"(anonymous_4)","decl":{"start":{"line":56,"column":2},"end":{"line":56,"column":6}},"loc":{"start":{"line":56,"column":17},"end":{"line":60,"column":3}}}},"branchMap":{"0":{"loc":{"start":{"line":20,"column":4},"end":{"line":34,"column":null}},"type":"if","locations":[{"start":{"line":20,"column":4},"end":{"line":34,"column":null}},{"start":{"line":20,"column":4},"end":{"line":34,"column":null}}]},"1":{"loc":{"start":{"line":26,"column":6},"end":{"line":27,"column":44}},"type":"if","locations":[{"start":{"line":26,"column":6},"end":{"line":27,"column":44}},{"start":{"line":26,"column":6},"end":{"line":27,"column":44}}]},"2":{"loc":{"start":{"line":28,"column":6},"end":{"line":29,"column":52}},"type":"if","locations":[{"start":{"line":28,"column":6},"end":{"line":29,"column":52}},{"start":{"line":28,"column":6},"end":{"line":29,"column":52}}]},"3":{"loc":{"start":{"line":30,"column":6},"end":{"line":31,"column":43}},"type":"if","locations":[{"start":{"line":30,"column":6},"end":{"line":31,"column":43}},{"start":{"line":30,"column":6},"end":{"line":31,"column":43}}]},"4":{"loc":{"start":{"line":32,"column":6},"end":{"line":33,"column":51}},"type":"if","locations":[{"start":{"line":32,"column":6},"end":{"line":33,"column":51}},{"start":{"line":32,"column":6},"end":{"line":33,"column":51}}]}},"s":{"0":7,"1":8,"2":8,"3":8,"4":8,"5":8,"6":8,"7":0,"8":0,"9":0,"10":0,"11":0,"12":0,"13":0,"14":0,"15":0,"16":0,"17":0,"18":0,"19":0,"20":0,"21":0,"22":0,"23":0,"24":0,"25":0,"26":0,"27":0,"28":0,"29":0,"30":0,"31":0,"32":0,"33":0,"34":7},"f":{"0":8,"1":0,"2":0,"3":0,"4":0},"b":{"0":[0,0],"1":[0,0],"2":[0,0],"3":[0,0],"4":[0,0]}}
,"/home/shin/Documents/code/webrtc/werift/werift-webrtc/packages/webrtc/src/media/senderBWE/senderBWE.ts": {"path":"/home/shin/Documents/code/webrtc/werift/werift-webrtc/packages/webrtc/src/media/senderBWE/senderBWE.ts","statementMap":{"0":{"start":{"line":1,"column":0},"end":{"line":1,"column":28}},"1":{"start":{"line":3,"column":0},"end":{"line":3,"column":49}},"2":{"start":{"line":4,"column":0},"end":{"line":4,"column":40}},"3":{"start":{"line":5,"column":0},"end":{"line":5,"column":54}},"4":{"start":{"line":7,"column":20},"end":{"line":7,"column":22}},"5":{"start":{"line":8,"column":18},"end":{"line":8,"column":20}},"6":{"start":{"line":11,"column":2},"end":{"line":11,"column":21}},"7":{"start":{"line":13,"column":11},"end":{"line":13,"column":54}},"8":{"start":{"line":14,"column":11},"end":{"line":14,"column":49}},"9":{"start":{"line":15,"column":11},"end":{"line":15,"column":53}},"10":{"start":{"line":17,"column":10},"end":{"line":17,"column":32}},"11":{"start":{"line":18,"column":10},"end":{"line":18,"column":52}},"12":{"start":{"line":19,"column":10},"end":{"line":19,"column":54}},"13":{"start":{"line":20,"column":10},"end":{"line":20,"column":31}},"14":{"start":{"line":29,"column":10},"end":{"line":29,"column":40}},"15":{"start":{"line":23,"column":4},"end":{"line":23,"column":33}},"16":{"start":{"line":26,"column":4},"end":{"line":26,"column":30}},"17":{"start":{"line":27,"column":4},"end":{"line":27,"column":38}},"18":{"start":{"line":31,"column":4},"end":{"line":31,"column":34}},"19":{"start":{"line":34,"column":4},"end":{"line":34,"column":31}},"20":{"start":{"line":35,"column":4},"end":{"line":35,"column":39}},"21":{"start":{"line":41,"column":18},"end":{"line":41,"column":29}},"22":{"start":{"line":42,"column":22},"end":{"line":42,"column":71}},"23":{"start":{"line":43,"column":4},"end":{"line":58,"column":null}},"24":{"start":{"line":44,"column":6},"end":{"line":44,"column":36}},"25":{"start":{"line":48,"column":6},"end":{"line":52,"column":null}},"26":{"start":{"line":49,"column":8},"end":{"line":49,"column":33}},"27":{"start":{"line":50,"column":13},"end":{"line":52,"column":null}},"28":{"start":{"line":51,"column":8},"end":{"line":51,"column":31}},"29":{"start":{"line":54,"column":6},"end":{"line":57,"column":null}},"30":{"start":{"line":55,"column":8},"end":{"line":55,"column":31}},"31":{"start":{"line":56,"column":8},"end":{"line":56,"column":51}},"32":{"start":{"line":60,"column":4},"end":{"line":73,"column":null}},"33":{"start":{"line":61,"column":6},"end":{"line":61,"column":37}},"34":{"start":{"line":61,"column":28},"end":{"line":61,"column":37}},"35":{"start":{"line":63,"column":22},"end":{"line":63,"column":43}},"36":{"start":{"line":64,"column":19},"end":{"line":64,"column":42}},"37":{"start":{"line":65,"column":6},"end":{"line":65,"column":26}},"38":{"start":{"line":65,"column":17},"end":{"line":65,"column":26}},"39":{"start":{"line":66,"column":6},"end":{"line":66,"column":41}},"40":{"start":{"line":66,"column":32},"end":{"line":66,"column":41}},"41":{"start":{"line":68,"column":6},"end":{"line":72,"column":8}},"42":{"start":{"line":75,"column":4},"end":{"line":103,"column":null}},"43":{"start":{"line":76,"column":6},"end":{"line":79,"column":8}},"44":{"start":{"line":80,"column":6},"end":{"line":80,"column":36}},"45":{"start":{"line":82,"column":6},"end":{"line":89,"column":null}},"46":{"start":{"line":83,"column":25},"end":{"line":83,"column":49}},"47":{"start":{"line":84,"column":25},"end":{"line":84,"column":49}},"48":{"start":{"line":86,"column":10},"end":{"line":86,"column":72}},"49":{"start":{"line":88,"column":8},"end":{"line":88,"column":64}},"50":{"start":{"line":91,"column":6},"end":{"line":97,"co
[...]
"column":6},"end":{"line":177,"column":10}},"93":{"start":{"line":175,"column":8},"end":{"line":177,"column":10}},"94":{"start":{"line":178,"column":6},"end":{"line":178,"column":46}},"95":{"start":{"line":181,"column":22},"end":{"line":181,"column":43}},"96":{"start":{"line":182,"column":21},"end":{"line":182,"column":22}},"97":{"start":{"line":183,"column":22},"end":{"line":183,"column":23}},"98":{"start":{"line":185,"column":4},"end":{"line":187,"column":null}},"99":{"start":{"line":186,"column":6},"end":{"line":186,"column":25}},"100":{"start":{"line":188,"column":4},"end":{"line":194,"column":null}},"101":{"start":{"line":189,"column":6},"end":{"line":189,"column":22}},"102":{"start":{"line":190,"column":6},"end":{"line":190,"column":43}},"103":{"start":{"line":191,"column":11},"end":{"line":194,"column":null}},"104":{"start":{"line":192,"column":6},"end":{"line":192,"column":22}},"105":{"start":{"line":193,"column":6},"end":{"line":193,"column":46}},"106":{"start":{"line":197,"column":17},"end":{"line":204,"column":6}},"107":{"start":{"line":205,"column":17},"end":{"line":209,"column":6}},"108":{"start":{"line":210,"column":4},"end":{"line":210,"column":72}},"109":{"start":{"line":211,"column":4},"end":{"line":211,"column":28}},"110":{"start":{"line":223,"column":4},"end":{"line":223,"column":69}},"111":{"start":{"line":223,"column":62},"end":{"line":223,"column":69}},"112":{"start":{"line":226,"column":4},"end":{"line":266,"column":null}},"113":{"start":{"line":235,"column":10},"end":{"line":235,"column":40}},"114":{"start":{"line":237,"column":21},"end":{"line":237,"column":31}},"115":{"start":{"line":238,"column":6},"end":{"line":245,"column":null}},"116":{"start":{"line":239,"column":8},"end":{"line":239,"column":39}},"117":{"start":{"line":240,"column":8},"end":{"line":242,"column":null}},"118":{"start":{"line":241,"column":10},"end":{"line":241,"column":24}},"119":{"start":{"line":243,"column":8},"end":{"line":243,"column":46}},"120":{"start":{"line":244,"column":8},"end":{"line":244,"column":32}},"121":{"start":{"line":247,"column":6},"end":{"line":264,"column":null}},"122":{"start":{"line":248,"column":8},"end":{"line":248,"column":53}},"123":{"start":{"line":250,"column":8},"end":{"line":254,"column":null}},"124":{"start":{"line":251,"column":10},"end":{"line":251,"column":65}},"125":{"start":{"line":253,"column":10},"end":{"line":253,"column":29}},"126":{"start":{"line":255,"column":8},"end":{"line":262,"column":10}},"127":{"start":{"line":263,"column":8},"end":{"line":263,"column":52}},"128":{"start":{"line":265,"column":6},"end":{"line":265,"column":31}},"129":{"start":{"line":265,"column":16},"end":{"line":265,"column":31}},"130":{"start":{"line":292,"column":4},"end":{"line":292,"column":42}},"131":{"start":{"line":296,"column":4},"end":{"line":300,"column":null}},"132":{"start":{"line":297,"column":6},"end":{"line":297,"column":29}},"133":{"start":{"line":299,"column":6},"end":{"line":299,"column":29}},"134":{"start":{"line":301,"column":4},"end":{"line":301,"column":39}},"135":{"start":{"line":303,"column":4},"end":{"line":303,"column":32}},"136":{"start":{"line":307,"column":4},"end":{"line":307,"column":48}},"137":{"start":{"line":308,"column":4},"end":{"line":308,"column":21}},"138":{"start":{"line":312,"column":4},"end":{"line":330,"column":null}},"139":{"start":{"line":313,"column":6},"end":{"line":313,"column":39}},"140":{"start":{"line":315,"column":6},"end":{"line":328,"column":null}},"141":{"start":{"line":316,"column":8},"end":{"line":316,"column":49}},"142":{"start":{"line":317,"column":8},"end":{"line":319,"column":null}},"143":{"start":{"line":318,"column":10},"end":{"line":318,"column":39}},"144":{"start":{"line":321,"column":8},"end":{"line":323,"column":10}},"145":{"start":{"line":322,"column":25},"end":{"line":322,"column":55}},"146":{"start":{"line":324,"column":8},"end":{"line":326,"column":null}},"147":{"start":{"line":325,"column":10},"end":{"line":325,"column":47}},"148":{"start":{"line":327,"column":8},"end":{"line":327,"column":40}},"149":{"start":{"line":18,"column":0},"end":{"line":18,"column":13}},"150":{"start":{"line":335,"column":21},"end":{"line":335,"column":43}},"151":{"start":{"line":334,"column":0},"end":{"line":334,"column":13}},"152":{"start":{"line":339,"column":22},"end":{"line":339,"column":49}},"153":{"start":{"line":341,"column":4},"end":{"line":341,"column":41}},"154":{"start":{"line":344,"column":4},"end":{"line":344,"column":34}}},"fnMap":{"0":{"name":"(anonymous_0)","decl":{"start":{"line":34,"column":2},"end":{"line":34,"column":21}},"loc":{"start":{"line":34,"column":72},"end":{"line":67,"column":3}}},"1":{"name":"(anonymous_1)","decl":{"start":{"line":269,"column":20},"end":{"line":269,"column":21}},"loc":{"start":{"line":270,"column":4},"end":{"line":289,"column":6}}},"2":{"name":"(anonymous_2)","decl":{"start":{"line":270,"column":16},"end":{"line":270,"column":21}},"loc":{"start":{"line":270,"column":28},"end":{"line":289,"column":5}}},"3":{"name":"(anonymous_3)","decl":{"start":{"line":35,"column":26},"end":{"line":35,"column":27}},"loc":{"start":{"line":35,"column":51},"end":{"line":37,"column":5}}},"4":{"name":"(anonymous_4)","decl":{"start":{"line":38,"column":32},"end":{"line":38,"column":33}},"loc":{"start":{"line":38,"column":50},"end":{"line":46,"column":5}}},"5":{"name":"(anonymous_5)","decl":{"start":{"line":39,"column":18},"end":{"line":39,"column":19}},"loc":{"start":{"line":39,"column":25},"end":{"line":45,"column":7}}},"6":{"name":"(anonymous_6)","decl":{"start":{"line":48,"column":47},"end":{"line":48,"column":50}},"loc":{"start":{"line":48,"column":52},"end":{"line":55,"column":5}}},"7":{"name":"(anonymous_7)","decl":{"start":{"line":49,"column":47},"end":{"line":49,"column":48}},"loc":{"start":{"line":49,"column":59},"end":{"line":53,"column":7}}},"8":{"name":"(anonymous_8)","decl":{"start":{"line":56,"column":44},"end":{"line":56,"column":47}},"loc":{"start":{"line":56,"column":49},"end":{"line":61,"column":5}}},"9":{"name":"(anonymous_9)","decl":{"start":{"line":57,"column":47},"end":{"line":57,"column":48}},"loc":{"start":{"line":57,"column":54},"end":{"line":59,"column":7}}},"10":{"name":"(anonymous_10)","decl":{"start":{"line":62,"column":47},"end":{"line":62,"column":48}},"loc":{"start":{"line":62,"column":57},"end":{"line":66,"column":5}}},"11":{"name":"(anonymous_11)","decl":{"start":{"line":69,"column":2},"end":{"line":69,"column":14}},"loc":{"start":{"line":69,"column":22},"end":{"line":71,"column":3}}},"12":{"name":"(anonymous_12)","decl":{"start":{"line":73,"column":2},"end":{"line":73,"column":16}},"loc":{"start":{"line":73,"column":30},"end":{"line":75,"column":3}}},"13":{"name":"(anonymous_13)","decl":{"start":{"line":74,"column":49},"end":{"line":74,"column":50}},"loc":{"start":{"line":74,"column":56},"end":{"line":74,"column":73}}},"14":{"name":"(anonymous_14)","decl":{"start":{"line":77,"column":10},"end":{"line":77,"column":15}},"loc":{"start":{"line":80,"column":16},"end":{"line":159,"column":3}}},"15":{"name":"(anonymous_15)","decl":{"start":{"line":161,"column":2},"end":{"line":161,"column":26}},"loc":{"start":{"line":161,"column":50},"end":{"line":170,"column":3}}},"16":{"name":"(anonymous_16)","decl":{"start":{"line":172,"column":2},"end":{"line":172,"column":17}},"loc":{"start":{"line":172,"column":41},"end":{"line":212,"column":3}}},"17":{"name":"(anonymous_17)","decl":{"start":{"line":214,"column":10},"end":{"line":214,"column":26}},"loc":{"start":{"line":214,"column":26},"end":{"line":267,"column":3}}},"18":{"name":"(anonymous_18)","decl":{"start":{"line":291,"column":2},"end":{"line":291,"column":8}},"loc":{"start":{"line":291,"column":24},"end":{"line":293,"column":3}}},"19":{"name":"(anonymous_19)","decl":{"start":{"line":295,"column":2},"end":{"line":295,"column":7}},"loc":{"start":{"line":295,"column":32},"end":{"line":304,"column":3}}},"20":{"name":"(anonymous_20)","decl":{"start":{"line":306,"column":2},"end":{"line":306,"column":6}},"loc":{"start":{"line":306,"column":6},"end":{"line":309,"column":3}}},"21":{"name":"(anonymous_21)","decl":{"start":{"line":311,"column":2},"end":{"line":311,"column":18}},"loc":{"start":{"line":311,"column":42},"end":{"line":331,"column":3}}},"22":{"name":"(anonymous_22)","decl":{"start":{"line":322,"column":10},"end":{"line":322,"column":11}},"loc":{"start":{"line":322,"column":25},"end":{"line":322,"column":55}}},"23":{"name":"(anonymous_23)","decl":{"start":{"line":335,"column":2},"end":{"line":335,"column":21}},"loc":{"start":{"line":335,"column":43},"end":{"line":335,"column":47}}},"24":{"name":"(anonymous_24)","decl":{"start":{"line":339,"column":2},"end":{"line":339,"column":22}},"loc":{"start":{"line":339,"column":49},"end":{"line":339,"column":53}}},"25":{"name":"(anonymous_25)","decl":{"start":{"line":340,"column":2},"end":{"line":340,"column":6}},"loc":{"start":{"line":340,"column":42},"end":{"line":342,"column":3}}},"26":{"name":"(anonymous_26)","decl":{"start":{"line":343,"column":2},"end":{"line":343,"column":6}},"loc":{"start":{"line":343,"column":19},"end":{"line":345,"column":3}}},"27":{"name":"(anonymous_27)","decl":{"start":{"line":346,"column":2},"end":{"line":346,"column":7}},"loc":{"start":{"line":346,"column":7},"end":{"line":346,"column":12}}}},"branchMap":{"0":{"loc":{"start":{"line":34,"column":68},"end":{"line":34,"column":72}},"type":"default-arg","locations":[{"start":{"line":34,"column":68},"end":{"line":34,"column":72}}]},"1":{"loc":{"start":{"line":274,"column":6},"end":{"line":283,"column":null}},"type":"if","locations":[{"start":{"line":274,"column":6},"end":{"line":283,"column":null}},{"start":{"line":274,"column":6},"end":{"line":283,"column":null}}]},"2":{"loc":{"start":{"line":284,"column":6},"end":{"line":286,"column":null}},"type":"if","locations":[{"start":{"line":284,"column":6},"end":{"line":286,"column":null}},{"start":{"line":284,"column":6},"end":{"line":286,"column":null}}]},"3":{"loc":{"start":{"line":41,"column":8},"end":{"line":44,"column":null}},"type":"if","locations":[{"start":{"line":41,"column":8},"end":{"line":44,"column":null}},{"start":{"line":41,"column":8},"end":{"line":44,"column":null}}]},"4":{"loc":{"start":{"line":50,"column":8},"end":{"line":52,"column":null}},"type":"if","locations":[{"start":{"line":50,"column":8},"end":{"line":52,"column":null}},{"start":{"line":50,"column":8},"end":{"line":52,"column":null}}]},"5":{"loc":{"start":{"line":50,"column":12},"end":{"line":50,"column":30}},"type":"binary-expr","locations":[{"start":{"line":50,"column":12},"end":{"line":50,"column":30}},{"start":{"line":50,"column":34},"end":{"line":50,"column":63}}]},"6":{"loc":{"start":{"line":63,"column":6},"end":{"line":65,"column":null}},"type":"if","locations":[{"start":{"line":63,"column":6},"end":{"line":65,"column":null}},{"start":{"line":63,"column":6},"end":{"line":65,"column":null}}]},"7":{"loc":{"start":{"line":82,"column":4},"end":{"line":158,"column":null}},"type":"if","locations":[{"start":{"line":82,"column":4},"end":{"line":158,"column":null}},{"start":{"line":82,"column":4},"end":{"line":158,"column":null}}]},"8":{"loc":{"start":{"line":82,"column":8},"end":{"line":82,"column":28}},"type":"binary-expr","locations":[{"start":{"line":82,"column":8},"end":{"line":82,"column":28}},{"start":{"line":82,"column":32},"end":{"line":82,"column":47}}]},"9":{"loc":{"start":{"line":84,"column":8},"end":{"line":133,"column":16}},"type":"switch","locations":[{"start":{"line":84,"column":8},"end":{"line":133,"column":16}},{"start":{"line":134,"column":8},"end":{"line":138,"column":16}}]},"10":{"loc":{"start":{"line":85,"column":10},"end":{"line":132,"column":null}},"type":"if","locations":[{"start":{"line":85,"column":10},"end":{"line":132,"column":null}},{"start":{"line":85,"column":10},"end":{"line":132,"column":null}}]},"11":{"loc":{"start":{"line":86,"column":12},"end":{"line":87,"column":32}},"type":"if","locations":[{"start":{"line":86,"column":12},"end":{"line":87,"column":32}},{"start":{"line":86,"column":12},"end":{"line":87,"column":32}}]},"12":{"loc":{"start":{"line":106,"column":43},"end":{"line":106,"column":54}},"type":"cond-expr","locations":[{"start":{"line":106,"column":43},"end":{"line":106,"column":54}},{"start":{"line":106,"column":57},"end":{"line":106,"column":66}}]},"13":{"loc":{"start":{"line":108,"column":43},"end":{"line":108,"column":54}},"type":"cond-expr","locations":[{"start":{"line":108,"column":43},"end":{"line":108,"column":54}},{"start":{"line":108,"column":57},"end":{"line":108,"column":66}}]},"14":{"loc":{"start":{"line":136,"column":10},"end":{"line":136,"column":42}},"type":"if","locations":[{"start":{"line":136,"column":10},"end":{"line":136,"column":42}},{"start":{"line":136,"column":10},"end":{"line":136,"column":42}}]},"15":{"loc":{"start":{"line":142,"column":6},"end":{"line":157,"column":null}},"type":"if","locations":[{"start":{"line":142,"column":6},"end":{"line":157,"column":null}},{"start":{"line":142,"column":6},"end":{"line":157,"column":null}}]},"16":{"loc":{"start":{"line":144,"column":10},"end":{"line":146,"column":18}},"type":"switch","locations":[{"start":{"line":144,"column":10},"end":{"line":146,"column":18}},{"start":{"line":147,"column":10},"end":{"line":149,"column":18}},{"start":{"line":150,"column":10},"end":{"line":152,"column":18}},{"start":{"line":153,"column":10},"end":{"line":155,"column":18}}]},"17":{"loc":{"start":{"line":162,"column":4},"end":{"line":162,"column":39}},"type":"if","locations":[{"start":{"line":162,"column":4},"end":{"line":162,"column":39}},{"start":{"line":162,"column":4},"end":{"line":162,"column":39}}]},"18":{"loc":{"start":{"line":163,"column":4},"end":{"line":163,"column":57}},"type":"if","locations":[{"start":{"line":163,"column":4},"end":{"line":163,"column":57}},{"start":{"line":163,"column":4},"end":{"line":163,"column":57}}]},"19":{"loc":{"start":{"line":167,"column":4},"end":{"line":169,"column":null}},"type":"if","locations":[{"start":{"line":167,"column":4},"end":{"line":169,"column":null}},{"start":{"line":167,"column":4},"end":{"line":169,"column":null}}]},"20":{"loc":{"start":{"line":173,"column":4},"end":{"line":179,"column":null}},"type":"if","locations":[{"start":{"line":173,"column":4},"end":{"line":179,"column":null}},{"start":{"line":173,"column":4},"end":{"line":179,"column":null}}]},"21":{"loc":{"start":{"line":174,"column":6},"end":{"line":177,"column":10}},"type":"if","locations":[{"start":{"line":174,"column":6},"end":{"line":177,"column":10}},{"start":{"line":174,"column":6},"end":{"line":177,"column":10}}]},"22":{"loc":{"start":{"line":185,"column":4},"end":{"line":187,"column":null}},"type":"if","locations":[{"start":{"line":185,"column":4},"end":{"line":187,"column":null}},{"start":{"line":185,"column":4},"end":{"line":187,"column":null}}]},"23":{"loc":{"start":{"line":188,"column":4},"end":{"line":194,"column":null}},"type":"if","locations":[{"start":{"line":188,"column":4},"end":{"line":194,"column":null}},{"start":{"line":188,"column":4},"end":{"line":194,"column":null}}]},"24":{"loc":{"start":{"line":191,"column":11},"end":{"line":194,"column":null}},"type":"if","locations":[{"start":{"line":191,"column":11},"end":{"line":194,"column":null}},{"start":{"line":191,"column":11},"end":{"line":194,"column":null}}]},"25":{"loc":{"start":{"line":223,"column":4},"end":{"line":223,"column":69}},"type":"if","locations":[{"start":{"line":223,"column":4},"end":{"line":223,"column":69}},{"start":{"line":223,"column":4},"end":{"line":223,"column":69}}]},"26":{"loc":{"start":{"line":227,"column":6},"end":{"line":227,"column":38}},"type":"binary-expr","locations":[{"start":{"line":227,"column":6},"end":{"line":227,"column":38}},{"start":{"line":228,"column":6},"end":{"line":228,"column":42}}]},"27":{"loc":{"start":{"line":238,"column":6},"end":{"line":245,"column":null}},"type":"if","locations":[{"start":{"line":238,"column":6},"end":{"line":245,"column":null}},{"start":{"line":238,"column":6},"end":{"line":245,"column":null}}]},"28":{"loc":{"start":{"line":247,"column":6},"end":{"line":264,"column":null}},"type":"if","locations":[{"start":{"line":247,"column":6},"end":{"line":264,"column":null}},{"start":{"line":247,"column":6},"end":{"line":264,"column":null}}]},"29":{"loc":{"start":{"line":250,"column":8},"end":{"line":254,"column":null}},"type":"if","locations":[{"start":{"line":250,"column":8},"end":{"line":254,"column":null}},{"start":{"line":250,"column":8},"end":{"line":254,"column":null}}]},"30":{"loc":{"start":{"line":265,"column":6},"end":{"line":265,"column":31}},"type":"if","locations":[{"start":{"line":265,"column":6},"end":{"line":265,"column":31}},{"start":{"line":265,"column":6},"end":{"line":265,"column":31}}]},"31":{"loc":{"start":{"line":296,"column":4},"end":{"line":300,"column":null}},"type":"if","locations":[{"start":{"line":296,"column":4},"end":{"line":300,"column":null}},{"start":{"line":296,"column":4},"end":{"line":300,"column":null}}]},"32":{"loc":{"start":{"line":312,"column":4},"end":{"line":330,"column":null}},"type":"if","locations":[{"start":{"line":312,"column":4},"end":{"line":330,"column":null}},{"start":{"line":312,"column":4},"end":{"line":330,"column":null}}]},"33":{"loc":{"start":{"line":315,"column":6},"end":{"line":328,"column":null}},"type":"if","locations":[{"start":{"line":315,"column":6},"end":{"line":328,"column":null}},{"start":{"line":315,"column":6},"end":{"line":328,"column":null}}]},"34":{"loc":{"start":{"line":317,"column":8},"end":{"line":319,"column":null}},"type":"if","locations":[{"start":{"line":317,"column":8},"end":{"line":319,"column":null}},{"start":{"line":317,"column":8},"end":{"line":319,"column":null}}]},"35":{"loc":{"start":{"line":324,"column":8},"end":{"line":326,"column":null}},"type":"if","locations":[{"start":{"line":324,"column":8},"end":{"line":326,"column":null}},{"start":{"line":324,"column":8},"end":{"line":326,"column":null}}]}},"s":{"0":7,"1":7,"2":7,"3":7,"4":7,"5":7,"6":8,"7":8,"8":8,"9":8,"10":8,"11":8,"12":8,"13":8,"14":8,"15":5,"16":5,"17":5,"18":5,"19":0,"20":5,"21":5,"22":0,"23":5,"24":5,"25":8,"26":13,"27":8,"28":2,"29":2,"30":2,"31":2,"32":2,"33":8,"34":8,"35":0,"36":0,"37":8,"38":8,"39":0,"40":0,"41":0,"42":8,"43":12,"44":0,"45":16,"46":0,"47":0,"48":13,"49":8,"50":4,"51":4,"52":0,"53":4,"54":4,"55":4,"56":4,"57":4,"58":4,"59":4,"60":4,"61":4,"62":4,"63":4,"64":4,"65":4,"66":4,"67":4,"68":4,"69":4,"70":0,"71":4,"72":4,"73":5,"74":5,"75":5,"76":0,"77":0,"78":0,"79":0,"80":5,"81":5,"82":0,"83":0,"84":0,"85":0,"86":0,"87":0,"88":0,"89":0,"90":0,"91":4,"92":1,"93":0,"94":1,"95":4,"96":4,"97":4,"98":4,"99":0,"100":4,"101":0,"102":0,"103":4,"104":0,"105":0,"106":4,"107":4,"108":4,"109":4,"110":21,"111":3,"112":18,"113":13,"114":13,"115":13,"116":3,"117":3,"118":0,"119":3,"120":3,"121":13,"122":8,"123":5,"124":0,"125":5,"126":5,"127":5,"128":13,"129":5,"130":6,"131":8,"132":4,"133":4,"134":8,"135":8,"136":0,"137":0,"138":1,"139":1,"140":1,"141":1,"142":1,"143":1,"144":0,"145":0,"146":0,"147":0,"148":0,"149":7,"150":27,"151":7,"152":8,"153":8,"154":44},"f":{"0":8,"1":5,"2":5,"3":13,"4":2,"5":2,"6":8,"7":0,"8":0,"9":0,"10":12,"11":16,"12":0,"13":0,"14":13,"15":0,"16":4,"17":21,"18":6,"19":8,"20":0,"21":1,"22":0,"23":27,"24":8,"25":8,"26":44,"27":0},"b":{"0":[8],"1":[0,5],"2":[0,5],"3":[2,0],"4":[0,0],"5":[0,0],"6":[0,12],"7":[8,5],"8":[13,8],"9":[4,4],"10":[4,0],"11":[0,4],"12":[0,4],"13":[0,4],"14":[0,4],"15":[5,0],"16":[0,0,5,0],"17":[0,0],"18":[0,0],"19":[0,0],"20":[1,3],"21":[0,1],"22":[0,4],"23":[0,4],"24":[0,4],"25":[3,18],"26":[31,13],"27":[3,10],"28":[8,5],"29":[0,5],"30":[5,8],"31":[4,4],"32":[1,0],"33":[1,0],"34":[1,0],"35":[0,0]}}
,"/home/shin/Documents/code/webrtc/werift/werift-webrtc/packages/webrtc/src/typings/domain.d.ts": {"path":"/home/shin/Documents/code/webrtc/werift/werift-webrtc/packages/webrtc/src/typings/domain.d.ts","statementMap":{},"fnMap":{},"branchMap":{},"s":{},"f":{},"b":{},"inputSourceMap":null}
}
