TN:
SF:src/extension/rtpExtension.ts
FN:11,useSdesMid
FN:17,useSdesRTPStreamID
FN:23,useTransportWideCC
FN:29,useAbsSendTime
FNF:4
FNH:1
FNDA:4,useSdesMid
FNDA:0,useSdesRTPStreamID
FNDA:0,useTransportWideCC
FNDA:0,useAbsSendTime
DA:1,7
DA:3,7
DA:11,7
DA:12,4
DA:17,7
DA:18,0
DA:23,7
DA:24,0
DA:29,7
DA:30,0
LF:10
LH:7
BRF:0
BRH:0
end_of_record
TN:
SF:src/media/nack.ts
FN:18,(anonymous_0)
FN:19,(anonymous_1)
FN:22,(anonymous_2)
FN:26,(anonymous_3)
FN:44,(anonymous_4)
FN:54,(anonymous_5)
FN:62,(anonymous_6)
FN:63,(anonymous_7)
FN:70,(anonymous_8)
FNF:9
FNH:6
FNDA:7,(anonymous_0)
FNDA:77,(anonymous_1)
FNDA:78,(anonymous_2)
FNDA:5,(anonymous_3)
FNDA:3,(anonymous_4)
FNDA:0,(anonymous_5)
FNDA:0,(anonymous_6)
FNDA:0,(anonymous_7)
FNDA:77,(anonymous_8)
DA:1,8
DA:2,8
DA:7,8
DA:10,8
DA:12,8
DA:13,7
DA:14,7
DA:18,7
DA:19,77
DA:23,78
DA:27,5
DA:28,5
DA:30,5
DA:31,4
DA:32,4
DA:35,1
DA:36,0
DA:37,0
DA:40,1
DA:41,0
DA:42,1
DA:44,1
DA:45,3
DA:47,1
DA:49,1
DA:51,1
DA:52,0
DA:55,0
DA:56,0
DA:63,0
DA:64,0
DA:65,0
DA:71,77
DA:72,0
DA:79,0
DA:81,0
LF:36
LH:24
BRDA:30,0,0,4
BRDA:30,0,1,1
BRDA:35,1,0,0
BRDA:35,1,1,1
BRDA:40,2,0,0
BRDA:40,2,1,1
BRDA:42,3,0,1
BRDA:42,3,1,0
BRDA:51,4,0,0
BRDA:51,4,1,1
BRDA:64,5,0,0
BRDA:64,5,1,0
BRDA:71,6,0,0
BRDA:71,6,1,77
BRDA:71,7,0,77
BRDA:71,7,1,0
BRF:16
BRH:8
end_of_record
TN:
SF:src/media/parameters.ts
FN:8,(anonymous_0)
FN:18,(anonymous_1)
FN:22,(anonymous_2)
FN:37,(anonymous_3)
FN:44,(anonymous_4)
FN:48,(anonymous_5)
FN:59,(anonymous_6)
FN:69,(anonymous_7)
FN:78,(anonymous_8)
FN:85,(anonymous_9)
FN:95,(anonymous_10)
FN:103,(anonymous_11)
FN:112,(anonymous_12)
FNF:13
FNH:8
FNDA:70,(anonymous_0)
FNDA:0,(anonymous_1)
FNDA:0,(anonymous_2)
FNDA:42,(anonymous_3)
FNDA:36,(anonymous_4)
FNDA:36,(anonymous_5)
FNDA:11,(anonymous_6)
FNDA:0,(anonymous_7)
FNDA:84,(anonymous_8)
FNDA:0,(anonymous_9)
FNDA:5,(anonymous_10)
FNDA:5,(anonymous_11)
FNDA:0,(anonymous_12)
DA:1,7
DA:2,70
DA:3,70
DA:9,70
DA:13,7
DA:17,0
DA:19,0
DA:23,0
DA:29,7
DA:34,42
DA:35,42
DA:41,42
DA:45,36
DA:49,36
DA:50,36
DA:51,36
DA:55,7
DA:60,11
DA:64,7
DA:66,0
DA:70,0
DA:74,7
DA:79,84
DA:82,7
DA:86,0
DA:90,7
DA:96,5
DA:100,7
DA:104,5
DA:105,5
DA:109,7
DA:113,0
LF:32
LH:25
BRDA:8,0,0,54
BRDA:18,1,0,0
BRDA:50,2,0,0
BRDA:50,2,1,36
BRDA:59,3,0,0
BRDA:69,4,0,0
BRDA:78,5,0,0
BRDA:85,6,0,0
BRDA:95,7,0,0
BRDA:103,8,0,0
BRF:10
BRH:2
end_of_record
TN:
SF:src/media/router.ts
FN:24,(anonymous_0)
FN:68,(anonymous_1)
FN:70,(anonymous_2)
FN:85,(anonymous_3)
FN:107,(anonymous_4)
FN:120,(anonymous_5)
FN:154,(anonymous_6)
FN:155,(anonymous_7)
FN:29,(anonymous_8)
FN:34,(anonymous_9)
FN:35,(anonymous_10)
FN:36,(anonymous_11)
FN:48,(anonymous_12)
FN:53,(anonymous_13)
FNF:14
FNH:7
FNDA:20,(anonymous_0)
FNDA:3,(anonymous_1)
FNDA:0,(anonymous_2)
FNDA:0,(anonymous_3)
FNDA:0,(anonymous_4)
FNDA:0,(anonymous_5)
FNDA:0,(anonymous_6)
FNDA:0,(anonymous_7)
FNDA:5,(anonymous_8)
FNDA:5,(anonymous_9)
FNDA:5,(anonymous_10)
FNDA:5,(anonymous_11)
FNDA:2,(anonymous_12)
FNDA:0,(anonymous_13)
DA:1,7
DA:11,7
DA:12,7
DA:20,7
DA:24,7
DA:25,20
DA:26,20
DA:27,20
DA:33,5
DA:34,5
DA:35,5
DA:36,5
DA:37,5
DA:38,5
DA:48,5
DA:49,2
DA:57,0
DA:65,0
DA:68,20
DA:69,3
DA:71,0
DA:72,0
DA:75,0
DA:77,0
DA:79,0
DA:86,0
DA:87,0
DA:90,3
DA:91,3
DA:93,3
DA:94,0
DA:95,0
DA:97,3
DA:99,3
DA:102,3
DA:107,20
DA:108,0
DA:110,0
DA:113,0
DA:114,0
DA:116,0
DA:119,0
DA:120,0
DA:121,0
DA:124,0
DA:127,0
DA:130,0
DA:133,0
DA:134,0
DA:135,0
DA:138,0
DA:141,0
DA:142,0
DA:144,0
DA:145,0
DA:146,0
DA:148,0
DA:151,0
DA:153,0
DA:154,0
DA:155,0
LF:61
LH:25
BRDA:73,0,0,0
BRDA:73,0,1,0
BRDA:73,0,2,0
BRDA:73,0,3,0
BRDA:86,1,0,0
BRDA:86,1,1,0
BRDA:93,2,0,0
BRDA:93,2,1,3
BRDA:97,3,0,0
BRDA:97,3,1,3
BRDA:111,4,0,0
BRDA:111,4,1,0
BRDA:111,4,2,0
BRDA:111,4,3,0
BRDA:111,4,4,0
BRDA:134,5,0,0
BRDA:134,5,1,0
BRDA:143,6,0,0
BRDA:143,6,1,0
BRF:19
BRH:2
end_of_record
TN:
SF:src/media/rtpReceiver.ts
FN:35,(anonymous_0)
FN:106,(anonymous_1)
FN:113,(anonymous_2)
FN:45,(anonymous_3)
FN:46,(anonymous_4)
FN:47,(anonymous_5)
FN:58,(anonymous_6)
FN:64,(anonymous_7)
FN:82,(anonymous_8)
FN:94,(anonymous_9)
FN:120,(anonymous_10)
FNF:11
FNH:7
FNDA:6,(anonymous_0)
FNDA:3,(anonymous_1)
FNDA:0,(anonymous_2)
FNDA:6,(anonymous_3)
FNDA:6,(anonymous_4)
FNDA:24,(anonymous_5)
FNDA:0,(anonymous_6)
FNDA:3,(anonymous_7)
FNDA:0,(anonymous_8)
FNDA:0,(anonymous_9)
FNDA:3,(anonymous_10)
DA:1,7
DA:2,7
DA:10,7
DA:11,7
DA:13,7
DA:15,7
DA:19,7
DA:20,6
DA:21,6
DA:22,6
DA:23,6
DA:24,6
DA:25,6
DA:26,6
DA:27,6
DA:32,6
DA:33,6
DA:36,6
DA:37,6
DA:38,6
DA:46,6
DA:47,24
DA:49,6
DA:50,0
DA:59,0
DA:60,0
DA:63,6
DA:65,3
DA:66,3
DA:68,3
DA:69,3
DA:71,0
DA:72,0
DA:74,0
DA:75,0
DA:77,0
DA:83,0
DA:89,0
DA:90,0
DA:95,0
DA:98,0
DA:99,0
DA:100,0
DA:102,0
DA:106,6
DA:107,3
DA:108,3
DA:110,3
DA:113,6
DA:114,0
DA:115,0
DA:117,0
DA:125,3
DA:126,0
DA:129,0
DA:131,0
DA:132,3
DA:133,0
DA:136,3
DA:137,3
DA:139,3
LF:61
LH:38
BRDA:108,0,0,0
BRDA:108,0,1,3
BRDA:115,1,0,0
BRDA:115,1,1,0
BRDA:49,2,0,0
BRDA:49,2,1,6
BRDA:49,3,0,6
BRDA:49,3,1,0
BRDA:60,4,0,0
BRDA:60,4,1,0
BRDA:65,5,0,0
BRDA:65,5,1,3
BRDA:96,6,0,0
BRDA:125,7,0,0
BRDA:125,7,1,3
BRDA:129,8,0,0
BRDA:129,8,1,0
BRDA:132,9,0,0
BRDA:132,9,1,3
BRDA:136,10,0,3
BRDA:136,10,1,0
BRF:21
BRH:7
end_of_record
TN:
SF:src/media/rtpSender.ts
FN:70,(anonymous_0)
FN:74,(anonymous_1)
FN:84,(anonymous_2)
FN:88,(anonymous_3)
FN:94,(anonymous_4)
FN:98,(anonymous_5)
FN:103,(anonymous_6)
FN:146,(anonymous_7)
FN:159,(anonymous_8)
FN:172,(anonymous_9)
FN:190,(anonymous_10)
FN:222,(anonymous_11)
FN:245,(anonymous_12)
FN:252,(anonymous_13)
FN:253,(anonymous_14)
FN:280,(anonymous_15)
FN:282,(anonymous_16)
FNF:17
FNH:8
FNDA:8,(anonymous_0)
FNDA:8,(anonymous_1)
FNDA:6,(anonymous_2)
FNDA:7,(anonymous_3)
FNDA:7,(anonymous_4)
FNDA:0,(anonymous_5)
FNDA:3,(anonymous_6)
FNDA:1,(anonymous_7)
FNDA:0,(anonymous_8)
FNDA:7,(anonymous_9)
FNDA:0,(anonymous_10)
FNDA:0,(anonymous_11)
FNDA:0,(anonymous_12)
FNDA:0,(anonymous_13)
FNDA:0,(anonymous_14)
FNDA:0,(anonymous_15)
FNDA:0,(anonymous_16)
DA:1,7
DA:2,7
DA:3,7
DA:4,7
DA:5,7
DA:6,7
DA:21,7
DA:22,7
DA:23,7
DA:26,7
DA:28,7
DA:29,7
DA:31,7
DA:33,7
DA:34,7
DA:36,7
DA:37,8
DA:38,8
DA:42,8
DA:43,8
DA:44,8
DA:45,8
DA:46,8
DA:47,8
DA:55,8
DA:56,8
DA:57,8
DA:58,8
DA:64,8
DA:65,8
DA:66,8
DA:71,8
DA:72,8
DA:74,8
DA:75,8
DA:76,4
DA:79,8
DA:80,5
DA:85,6
DA:87,6
DA:88,6
DA:89,7
DA:91,6
DA:95,7
DA:99,0
DA:102,8
DA:104,3
DA:105,3
DA:107,3
DA:108,3
DA:110,0
DA:121,0
DA:122,0
DA:135,0
DA:136,0
DA:138,0
DA:139,0
DA:141,0
DA:147,1
DA:149,1
DA:151,0
DA:153,0
DA:156,1
DA:160,0
DA:161,0
DA:163,0
DA:164,0
DA:168,0
DA:169,0
DA:173,7
DA:175,3
DA:177,3
DA:178,3
DA:180,3
DA:183,3
DA:184,3
DA:185,3
DA:187,3
DA:189,3
DA:192,0
DA:194,0
DA:195,0
DA:196,0
DA:198,0
DA:199,0
DA:200,0
DA:203,0
DA:207,0
DA:212,0
DA:214,0
DA:215,0
DA:216,0
DA:217,0
DA:218,0
DA:220,0
DA:222,0
DA:224,3
DA:225,3
DA:226,3
DA:227,3
DA:229,3
DA:230,3
DA:231,3
DA:233,3
DA:235,3
DA:236,3
DA:242,3
DA:246,0
DA:250,0
DA:251,0
DA:252,0
DA:254,0
DA:256,0
DA:257,0
DA:258,0
DA:260,0
DA:265,0
DA:268,0
DA:269,0
DA:272,0
DA:273,0
DA:275,0
DA:278,0
DA:280,0
DA:281,0
DA:282,0
DA:284,0
DA:285,0
DA:289,0
DA:292,0
DA:294,0
LF:131
LH:73
BRDA:40,0,0,3
BRDA:40,0,1,5
BRDA:75,1,0,4
BRDA:75,1,1,4
BRDA:79,2,0,5
BRDA:79,2,1,3
BRDA:85,3,0,0
BRDA:85,3,1,6
BRDA:87,4,0,1
BRDA:87,4,1,5
BRDA:89,5,0,7
BRDA:89,5,1,0
BRDA:104,6,0,0
BRDA:104,6,1,3
BRDA:121,7,0,0
BRDA:121,7,1,0
BRDA:147,8,0,0
BRDA:147,8,1,1
BRDA:149,9,0,0
BRDA:149,9,1,1
BRDA:151,10,0,0
BRDA:151,10,1,0
BRDA:160,11,0,0
BRDA:160,11,1,0
BRDA:163,12,0,0
BRDA:163,12,1,0
BRDA:173,13,0,4
BRDA:173,13,1,3
BRDA:173,14,0,7
BRDA:173,14,1,3
BRDA:175,15,0,0
BRDA:175,15,1,3
BRDA:193,16,0,0
BRDA:193,16,1,0
BRDA:193,16,2,0
BRDA:193,16,3,0
BRDA:194,17,0,0
BRDA:194,17,1,0
BRDA:198,18,0,0
BRDA:198,18,1,0
BRDA:220,19,0,0
BRDA:220,19,1,0
BRDA:247,20,0,0
BRDA:247,20,1,0
BRDA:247,20,2,0
BRDA:254,21,0,0
BRDA:254,21,1,0
BRDA:254,22,0,0
BRDA:254,22,1,0
BRDA:257,23,0,0
BRDA:257,23,1,0
BRDA:270,24,0,0
BRDA:270,24,1,0
BRDA:284,25,0,0
BRDA:284,25,1,0
BRF:55
BRH:18
end_of_record
TN:
SF:src/media/rtpTransceiver.ts
FN:33,(anonymous_0)
FN:22,(anonymous_1)
FN:25,(anonymous_2)
FN:41,(anonymous_3)
FN:45,(anonymous_4)
FN:46,(anonymous_5)
FNF:6
FNH:5
FNDA:6,(anonymous_0)
FNDA:34,(anonymous_1)
FNDA:9,(anonymous_2)
FNDA:6,(anonymous_3)
FNDA:5,(anonymous_4)
FNDA:0,(anonymous_5)
DA:1,7
DA:2,7
DA:3,7
DA:14,7
DA:16,7
DA:17,6
DA:18,6
DA:21,6
DA:23,34
DA:26,9
DA:27,9
DA:29,6
DA:30,6
DA:31,6
DA:34,6
DA:35,6
DA:36,6
DA:37,6
DA:38,6
DA:42,6
DA:46,5
DA:47,0
DA:48,0
DA:50,5
DA:51,5
DA:52,5
DA:53,5
DA:54,5
DA:59,7
LF:29
LH:27
BRDA:47,0,0,0
BRDA:47,0,1,0
BRDA:48,1,0,0
BRDA:48,1,1,0
BRDA:50,2,0,5
BRDA:50,2,1,0
BRDA:52,3,0,5
BRDA:52,3,1,0
BRDA:53,4,0,0
BRDA:53,4,1,5
BRF:10
BRH:3
end_of_record
TN:
SF:src/media/track.ts
FN:17,(anonymous_0)
FN:22,(anonymous_1)
FN:27,(anonymous_2)
FN:32,(anonymous_3)
FNF:4
FNH:4
FNDA:11,(anonymous_0)
FNDA:11,(anonymous_1)
FNDA:1,(anonymous_2)
FNDA:3,(anonymous_3)
DA:1,7
DA:2,7
DA:5,7
DA:6,11
DA:13,11
DA:15,11
DA:20,11
DA:22,11
DA:23,11
DA:28,1
DA:29,1
DA:33,3
DA:34,3
DA:36,3
DA:38,3
LF:15
LH:15
BRDA:33,0,0,0
BRDA:33,0,1,3
BRDA:34,1,0,0
BRDA:34,1,1,3
BRDA:36,2,0,3
BRDA:36,2,1,0
BRF:6
BRH:3
end_of_record
TN:
SF:src/media/receiver/receiverTwcc.ts
FN:24,(anonymous_0)
FN:32,(anonymous_1)
FN:43,(anonymous_2)
FN:50,(anonymous_3)
FN:53,(anonymous_4)
FN:143,(anonymous_5)
FNF:6
FNH:0
FNDA:0,(anonymous_0)
FNDA:0,(anonymous_1)
FNDA:0,(anonymous_2)
FNDA:0,(anonymous_3)
FNDA:0,(anonymous_4)
FNDA:0,(anonymous_5)
DA:1,7
DA:9,7
DA:11,7
DA:15,7
DA:16,0
DA:19,0
DA:21,0
DA:25,0
DA:26,0
DA:27,0
DA:29,0
DA:33,0
DA:38,0
DA:39,0
DA:44,0
DA:45,0
DA:46,0
DA:51,0
DA:52,0
DA:53,0
DA:56,0
DA:57,0
DA:59,0
DA:60,0
DA:61,0
DA:65,0
DA:67,0
DA:69,0
DA:71,0
DA:72,0
DA:73,0
DA:75,0
DA:76,0
DA:79,0
DA:80,0
DA:82,0
DA:85,0
DA:86,0
DA:89,0
DA:93,0
DA:99,0
DA:102,0
DA:103,0
DA:104,0
DA:111,0
DA:120,0
DA:121,0
DA:126,0
DA:127,0
DA:130,0
DA:143,0
DA:144,0
DA:146,0
DA:147,0
LF:54
LH:4
BRDA:38,0,0,0
BRDA:38,0,1,0
BRDA:51,1,0,0
BRDA:51,1,1,0
BRDA:71,2,0,0
BRDA:71,2,1,0
BRDA:72,3,0,0
BRDA:72,3,1,0
BRDA:75,4,0,0
BRDA:75,4,1,0
BRDA:89,5,0,0
BRDA:89,5,1,0
BRDA:90,6,0,0
BRDA:90,6,1,0
BRDA:102,7,0,0
BRDA:102,7,1,0
BRDA:103,8,0,0
BRDA:103,8,1,0
BRDA:120,9,0,0
BRDA:120,9,1,0
BRDA:126,10,0,0
BRDA:126,10,1,0
BRF:22
BRH:0
end_of_record
TN:
SF:src/media/senderBWE/cumulativeResult.ts
FN:4,(anonymous_0)
FN:19,(anonymous_1)
FN:40,(anonymous_2)
FN:49,(anonymous_3)
FN:56,(anonymous_4)
FNF:5
FNH:1
FNDA:8,(anonymous_0)
FNDA:0,(anonymous_1)
FNDA:0,(anonymous_2)
FNDA:0,(anonymous_3)
FNDA:0,(anonymous_4)
DA:1,7
DA:4,7
DA:5,8
DA:7,8
DA:8,8
DA:9,8
DA:10,8
DA:11,8
DA:20,0
DA:21,0
DA:22,0
DA:23,0
DA:24,0
DA:26,0
DA:27,0
DA:28,0
DA:29,0
DA:30,0
DA:31,0
DA:32,0
DA:33,0
DA:36,0
DA:37,0
DA:41,0
DA:42,0
DA:43,0
DA:44,0
DA:45,0
DA:46,0
DA:51,0
DA:52,0
DA:53,0
DA:57,0
DA:58,0
DA:59,0
LF:35
LH:8
BRDA:20,0,0,0
BRDA:20,0,1,0
BRDA:26,1,0,0
BRDA:26,1,1,0
BRDA:28,2,0,0
BRDA:28,2,1,0
BRDA:30,3,0,0
BRDA:30,3,1,0
BRDA:32,4,0,0
BRDA:32,4,1,0
BRF:10
BRH:0
end_of_record
TN:
SF:src/media/senderBWE/senderBWE.ts
FN:38,(anonymous_0)
FN:22,(anonymous_1)
FN:25,(anonymous_2)
FN:30,(anonymous_3)
FN:33,(anonymous_4)
FN:40,(anonymous_5)
FN:106,(anonymous_6)
FN:108,(anonymous_7)
FN:110,(anonymous_8)
FN:111,(anonymous_9)
FNF:10
FNH:4
FNDA:8,(anonymous_0)
FNDA:0,(anonymous_1)
FNDA:0,(anonymous_2)
FNDA:0,(anonymous_3)
FNDA:0,(anonymous_4)
FNDA:0,(anonymous_5)
FNDA:3,(anonymous_6)
FNDA:12,(anonymous_7)
FNDA:12,(anonymous_8)
FNDA:0,(anonymous_9)
DA:1,7
DA:3,7
DA:4,7
DA:5,7
DA:7,7
DA:8,7
DA:10,7
DA:11,8
DA:13,8
DA:14,8
DA:15,8
DA:17,8
DA:18,8
DA:19,8
DA:20,8
DA:23,0
DA:26,0
DA:27,0
DA:29,8
DA:31,0
DA:34,0
DA:35,0
DA:41,0
DA:42,0
DA:43,0
DA:44,0
DA:48,0
DA:49,0
DA:50,0
DA:51,0
DA:54,0
DA:55,0
DA:56,0
DA:60,0
DA:61,0
DA:63,0
DA:64,0
DA:65,0
DA:66,0
DA:68,0
DA:75,0
DA:76,0
DA:80,0
DA:82,0
DA:83,0
DA:84,0
DA:86,0
DA:88,0
DA:91,0
DA:92,0
DA:93,0
DA:94,0
DA:96,0
DA:99,0
DA:100,0
DA:101,0
DA:107,3
DA:108,12
DA:110,12
DA:112,0
DA:114,3
LF:61
LH:20
BRDA:43,0,0,0
BRDA:43,0,1,0
BRDA:48,1,0,0
BRDA:48,1,1,0
BRDA:50,2,0,0
BRDA:50,2,1,0
BRDA:54,3,0,0
BRDA:54,3,1,0
BRDA:54,4,0,0
BRDA:54,4,1,0
BRDA:61,5,0,0
BRDA:61,5,1,0
BRDA:65,6,0,0
BRDA:65,6,1,0
BRDA:66,7,0,0
BRDA:66,7,1,0
BRDA:75,8,0,0
BRDA:75,8,1,0
BRDA:75,9,0,0
BRDA:75,9,1,0
BRDA:82,10,0,0
BRDA:82,10,1,0
BRDA:91,11,0,0
BRDA:91,11,1,0
BRDA:92,12,0,0
BRDA:92,12,1,0
BRDA:99,13,0,0
BRDA:99,13,1,0
BRDA:99,14,0,0
BRDA:99,14,1,0
BRF:30
BRH:0
end_of_record
TN:
SF:src/transport/dtls.ts
FN:46,(anonymous_0)
FN:53,(anonymous_1)
FN:59,(anonymous_2)
FN:80,(anonymous_3)
FN:92,(anonymous_4)
FN:112,(anonymous_5)
FN:115,(anonymous_6)
FN:134,(anonymous_7)
FN:157,(anonymous_8)
FN:162,(anonymous_9)
FN:171,(anonymous_10)
FN:175,(anonymous_11)
FN:181,(anonymous_12)
FN:182,(anonymous_13)
FN:191,(anonymous_14)
FN:198,(anonymous_15)
FN:218,(anonymous_16)
FN:228,(anonymous_17)
FN:242,(anonymous_18)
FN:246,(anonymous_19)
FN:253,(anonymous_20)
FN:254,(anonymous_21)
FN:262,(anonymous_22)
FN:266,(anonymous_23)
FN:271,(anonymous_24)
FNF:25
FNH:19
FNDA:20,(anonymous_0)
FNDA:18,(anonymous_1)
FNDA:18,(anonymous_2)
FNDA:16,(anonymous_3)
FNDA:16,(anonymous_4)
FNDA:43,(anonymous_5)
FNDA:0,(anonymous_6)
FNDA:10,(anonymous_7)
FNDA:34,(anonymous_8)
FNDA:0,(anonymous_9)
FNDA:46,(anonymous_10)
FNDA:3,(anonymous_11)
FNDA:0,(anonymous_12)
FNDA:0,(anonymous_13)
FNDA:32,(anonymous_14)
FNDA:0,(anonymous_15)
FNDA:18,(anonymous_16)
FNDA:18,(anonymous_17)
FNDA:60,(anonymous_18)
FNDA:60,(anonymous_19)
FNDA:16,(anonymous_20)
FNDA:142,(anonymous_21)
FNDA:142,(anonymous_22)
FNDA:0,(anonymous_23)
FNDA:16,(anonymous_24)
DA:1,7
DA:2,7
DA:3,7
DA:4,7
DA:10,7
DA:16,7
DA:18,7
DA:26,7
DA:28,7
DA:31,7
DA:33,7
DA:35,20
DA:36,20
DA:40,20
DA:42,20
DA:44,20
DA:47,20
DA:48,20
DA:49,20
DA:50,20
DA:54,18
DA:60,18
DA:65,18
DA:72,18
DA:81,16
DA:82,16
DA:84,16
DA:85,8
DA:87,8
DA:90,16
DA:92,16
DA:93,16
DA:94,8
DA:103,8
DA:112,16
DA:113,43
DA:115,16
DA:116,0
DA:118,16
DA:120,16
DA:121,8
DA:122,8
DA:126,16
DA:127,10
DA:129,16
DA:130,16
DA:133,20
DA:135,10
DA:136,10
DA:143,10
DA:144,10
DA:145,10
DA:154,10
DA:155,10
DA:157,10
DA:158,34
DA:159,3
DA:160,0
DA:161,0
DA:162,0
DA:164,3
DA:165,3
DA:166,3
DA:172,46
DA:176,3
DA:177,3
DA:178,3
DA:182,0
DA:183,0
DA:184,0
DA:185,0
DA:187,0
DA:192,32
DA:193,32
DA:194,32
DA:199,0
DA:203,7
DA:214,7
DA:220,18
DA:221,18
DA:223,18
DA:224,18
DA:225,18
DA:229,18
DA:241,7
DA:242,60
DA:245,7
DA:247,60
DA:248,60
DA:253,16
DA:254,16
DA:255,142
DA:256,139
DA:263,142
DA:267,0
DA:271,16
LF:96
LH:85
BRDA:50,0,0,8
BRDA:55,1,0,18
BRDA:55,1,1,0
BRDA:60,2,0,18
BRDA:60,2,1,0
BRDA:81,3,0,0
BRDA:81,3,1,16
BRDA:82,4,0,0
BRDA:82,4,1,16
BRDA:84,5,0,8
BRDA:84,5,1,8
BRDA:93,6,0,8
BRDA:93,6,1,8
BRDA:113,7,0,43
BRDA:113,7,1,0
BRDA:120,8,0,8
BRDA:120,8,1,8
BRDA:126,9,0,10
BRDA:126,9,1,6
BRDA:135,10,0,0
BRDA:135,10,1,10
BRDA:144,11,0,0
BRDA:144,11,1,10
BRDA:158,12,0,31
BRDA:158,12,1,3
BRDA:159,13,0,0
BRDA:159,13,1,3
BRDA:192,14,0,32
BRDA:192,14,1,0
BRDA:247,15,0,0
BRDA:248,16,0,18
BRDA:255,17,0,139
BRDA:255,17,1,3
BRDA:256,18,0,139
BRDA:256,18,1,0
BRF:35
BRH:24
end_of_record
TN:
SF:src/transport/ice.ts
FN:14,(anonymous_0)
FN:41,(anonymous_1)
FN:15,(anonymous_2)
FN:20,(anonymous_3)
FN:24,(anonymous_4)
FN:29,(anonymous_5)
FN:51,(anonymous_6)
FN:72,(anonymous_7)
FN:101,(anonymous_8)
FN:95,(anonymous_9)
FN:103,(anonymous_10)
FN:106,(anonymous_11)
FN:113,(anonymous_12)
FN:117,(anonymous_13)
FN:126,(anonymous_14)
FN:134,candidateFromIce
FN:150,candidateToIce
FN:183,(anonymous_17)
FN:193,(anonymous_18)
FN:201,(anonymous_19)
FN:216,(anonymous_20)
FNF:21
FNH:21
FNDA:22,(anonymous_0)
FNDA:63,(anonymous_1)
FNDA:20,(anonymous_2)
FNDA:60,(anonymous_3)
FNDA:32,(anonymous_4)
FNDA:60,(anonymous_5)
FNDA:20,(anonymous_6)
FNDA:2,(anonymous_7)
FNDA:22,(anonymous_8)
FNDA:16,(anonymous_9)
FNDA:32,(anonymous_10)
FNDA:52,(anonymous_11)
FNDA:32,(anonymous_12)
FNDA:32,(anonymous_13)
FNDA:40,(anonymous_14)
FNDA:122,candidateFromIce
FNDA:52,candidateToIce
FNDA:176,(anonymous_17)
FNDA:3,(anonymous_18)
FNDA:3,(anonymous_19)
FNDA:74,(anonymous_20)
DA:1,7
DA:2,7
DA:3,7
DA:5,7
DA:6,22
DA:7,22
DA:8,22
DA:10,22
DA:14,22
DA:15,22
DA:16,20
DA:21,60
DA:25,32
DA:26,16
DA:30,60
DA:31,40
DA:32,40
DA:34,40
DA:35,2
DA:36,2
DA:41,22
DA:42,63
DA:43,63
DA:44,11
DA:46,52
DA:52,20
DA:54,20
DA:55,20
DA:57,20
DA:58,20
DA:59,20
DA:61,20
DA:62,20
DA:63,18
DA:65,0
DA:66,0
DA:69,18
DA:73,2
DA:74,2
DA:75,2
DA:80,7
DA:91,7
DA:94,7
DA:95,22
DA:96,22
DA:98,22
DA:99,22
DA:101,22
DA:104,32
DA:105,20
DA:106,20
DA:107,52
DA:109,20
DA:114,32
DA:118,32
DA:123,32
DA:127,40
DA:128,40
DA:129,40
DA:134,7
DA:135,122
DA:144,122
DA:145,122
DA:146,122
DA:147,122
DA:150,7
DA:151,52
DA:171,7
DA:184,176
DA:185,176
DA:186,176
DA:187,176
DA:188,176
DA:189,176
DA:190,176
DA:194,3
DA:202,3
DA:203,3
DA:204,3
DA:205,3
DA:206,3
DA:211,7
DA:212,74
DA:217,74
LF:84
LH:82
BRDA:42,0,0,63
BRDA:42,0,1,0
BRDA:43,1,0,11
BRDA:43,1,1,52
BRDA:25,2,0,16
BRDA:25,2,1,16
BRDA:30,3,0,40
BRDA:30,3,1,20
BRDA:34,4,0,2
BRDA:34,4,1,38
BRDA:52,5,0,0
BRDA:52,5,1,20
BRDA:54,6,0,0
BRDA:54,6,1,20
BRDA:73,7,0,2
BRDA:73,7,1,0
BRDA:101,8,0,10
BRDA:104,9,0,20
BRDA:104,9,1,12
BRDA:127,10,0,40
BRDA:127,10,1,0
BRDA:216,11,0,0
BRF:22
BRH:16
end_of_record
TN:
SF:src/transport/sctp.ts
FN:34,(anonymous_0)
FN:269,(anonymous_1)
FN:270,(anonymous_2)
FN:35,(anonymous_3)
FN:38,(anonymous_4)
FN:39,(anonymous_5)
FN:48,(anonymous_6)
FN:49,(anonymous_7)
FN:56,(anonymous_8)
FN:57,(anonymous_9)
FN:62,(anonymous_10)
FN:69,(anonymous_11)
FN:73,(anonymous_12)
FN:74,(anonymous_13)
FN:77,(anonymous_14)
FN:161,(anonymous_15)
FN:172,(anonymous_16)
FN:214,(anonymous_17)
FN:291,(anonymous_18)
FN:295,(anonymous_19)
FN:306,(anonymous_20)
FN:311,(anonymous_21)
FN:322,(anonymous_22)
FN:335,(anonymous_23)
FN:339,(anonymous_24)
FN:340,(anonymous_25)
FN:343,(anonymous_26)
FN:346,(anonymous_27)
FNF:28
FNH:19
FNDA:8,(anonymous_0)
FNDA:5,(anonymous_1)
FNDA:5,(anonymous_2)
FNDA:13,(anonymous_3)
FNDA:2,(anonymous_4)
FNDA:2,(anonymous_5)
FNDA:8,(anonymous_6)
FNDA:0,(anonymous_7)
FNDA:0,(anonymous_8)
FNDA:0,(anonymous_9)
FNDA:12,(anonymous_10)
FNDA:16,(anonymous_11)
FNDA:0,(anonymous_12)
FNDA:0,(anonymous_13)
FNDA:13,(anonymous_14)
FNDA:0,(anonymous_15)
FNDA:4,(anonymous_16)
FNDA:21,(anonymous_17)
FNDA:6,(anonymous_18)
FNDA:8,(anonymous_19)
FNDA:0,(anonymous_20)
FNDA:1,(anonymous_21)
FNDA:0,(anonymous_22)
FNDA:27,(anonymous_23)
FNDA:8,(anonymous_24)
FNDA:8,(anonymous_25)
FNDA:44,(anonymous_26)
FNDA:0,(anonymous_27)
DA:1,7
DA:2,7
DA:3,7
DA:4,7
DA:5,7
DA:15,7
DA:18,7
DA:19,8
DA:20,8
DA:21,8
DA:23,8
DA:24,8
DA:26,8
DA:34,8
DA:35,8
DA:36,13
DA:38,8
DA:39,2
DA:40,2
DA:41,2
DA:42,2
DA:43,2
DA:48,8
DA:49,8
DA:50,0
DA:51,0
DA:54,8
DA:56,8
DA:57,0
DA:58,0
DA:60,0
DA:62,8
DA:63,12
DA:64,0
DA:70,16
DA:74,0
DA:82,13
DA:83,8
DA:85,4
DA:86,4
DA:87,0
DA:96,4
DA:98,4
DA:99,4
DA:100,4
DA:101,4
DA:106,4
DA:108,4
DA:111,4
DA:119,4
DA:120,4
DA:121,4
DA:123,4
DA:129,4
DA:131,4
DA:133,4
DA:135,4
DA:136,4
DA:137,4
DA:138,4
DA:141,5
DA:142,5
DA:143,5
DA:145,0
DA:146,0
DA:148,0
DA:149,0
DA:151,5
DA:152,5
DA:154,0
DA:155,0
DA:162,0
DA:163,0
DA:165,0
DA:167,0
DA:168,0
DA:173,4
DA:174,1
DA:175,0
DA:178,1
DA:181,4
DA:182,4
DA:183,4
DA:185,4
DA:186,0
DA:188,4
DA:189,0
DA:190,0
DA:191,4
DA:192,0
DA:193,0
DA:197,4
DA:205,4
DA:210,4
DA:211,4
DA:223,21
DA:226,18
DA:235,13
DA:237,13
DA:238,13
DA:239,3
DA:240,3
DA:241,0
DA:243,3
DA:244,3
DA:247,13
DA:248,8
DA:250,5
DA:251,0
DA:253,5
DA:255,5
DA:263,5
DA:265,13
DA:269,8
DA:270,5
DA:271,5
DA:272,5
DA:274,5
DA:275,0
DA:282,5
DA:284,5
DA:285,0
DA:287,5
DA:288,5
DA:292,6
DA:296,8
DA:297,4
DA:299,4
DA:301,8
DA:303,8
DA:307,0
DA:308,0
DA:312,1
DA:313,1
DA:315,1
DA:316,1
DA:317,1
DA:318,1
DA:321,0
DA:322,0
DA:324,0
DA:325,0
DA:327,0
DA:334,7
DA:335,27
DA:339,8
DA:341,8
DA:344,44
LF:148
LH:112
BRDA:34,0,0,8
BRDA:274,1,0,0
BRDA:274,1,1,5
BRDA:284,2,0,0
BRDA:284,2,1,5
BRDA:41,3,0,2
BRDA:41,3,1,0
BRDA:50,4,0,0
BRDA:50,4,1,0
BRDA:50,5,0,0
BRDA:50,5,1,0
BRDA:63,6,0,0
BRDA:63,6,1,12
BRDA:82,7,0,8
BRDA:82,7,1,5
BRDA:82,8,0,13
BRDA:82,8,1,8
BRDA:84,9,0,4
BRDA:84,9,1,4
BRDA:85,10,0,4
BRDA:85,10,1,0
BRDA:86,11,0,0
BRDA:86,11,1,4
BRDA:106,12,0,0
BRDA:106,12,1,4
BRDA:108,13,0,0
BRDA:108,13,1,4
BRDA:136,14,0,0
BRDA:136,14,1,4
BRDA:142,15,0,5
BRDA:142,15,1,0
BRDA:144,16,0,0
BRDA:144,16,1,0
BRDA:144,16,2,5
BRDA:144,16,3,0
BRDA:162,17,0,0
BRDA:162,17,1,0
BRDA:163,18,0,0
BRDA:163,18,1,0
BRDA:167,19,0,0
BRDA:167,19,1,0
BRDA:173,20,0,1
BRDA:173,20,1,3
BRDA:174,21,0,0
BRDA:174,21,1,1
BRDA:185,22,0,0
BRDA:185,22,1,4
BRDA:188,23,0,0
BRDA:188,23,1,4
BRDA:191,24,0,0
BRDA:191,24,1,4
BRDA:223,25,0,3
BRDA:223,25,1,18
BRDA:227,26,0,31
BRDA:227,26,1,13
BRDA:238,27,0,3
BRDA:238,27,1,10
BRDA:247,28,0,8
BRDA:247,28,1,5
BRDA:250,29,0,0
BRDA:250,29,1,5
BRDA:265,30,0,5
BRDA:265,30,1,8
BRDA:296,31,0,4
BRDA:296,31,1,4
BRDA:312,32,0,1
BRDA:312,32,1,0
BRDA:315,33,0,1
BRDA:315,33,1,0
BRDA:317,34,0,1
BRDA:317,34,1,0
BRDA:324,35,0,0
BRDA:324,35,1,0
BRF:73
BRH:40
end_of_record
TN:
SF:src/typings/domain.d.ts
FNF:0
FNH:0
LF:0
LH:0
BRF:0
BRH:0
end_of_record
